2024-11-20 11:11:29 INFO  c.d.w.DroneInventorySystemApplication - Starting DroneInventorySystemApplication using Java 17.0.12 with PID 9648 (C:\Documents\digital-ojt-development-cause-DroneInventorySystem\DroneInventorySystem\target\classes started by z2240246 in C:\Documents\digital-ojt-development-cause-DroneInventorySystem\DroneInventorySystem)
2024-11-20 11:11:29 INFO  c.d.w.DroneInventorySystemApplication - No active profile set, falling back to 1 default profile: "default"
2024-11-20 11:11:29 INFO  o.s.b.d.e.DevToolsPropertyDefaultsPostProcessor - Devtools property defaults active! Set 'spring.devtools.add-properties' to 'false' to disable
2024-11-20 11:11:29 INFO  o.s.b.d.e.DevToolsPropertyDefaultsPostProcessor - For additional web related logging consider setting the 'logging.level.web' property to 'DEBUG'
2024-11-20 11:11:30 INFO  o.s.d.r.c.RepositoryConfigurationDelegate - Bootstrapping Spring Data JPA repositories in DEFAULT mode.
2024-11-20 11:11:30 INFO  o.s.d.r.c.RepositoryConfigurationDelegate - Finished Spring Data repository scanning in 62 ms. Found 3 JPA repository interfaces.
2024-11-20 11:11:31 INFO  o.s.b.w.e.tomcat.TomcatWebServer - Tomcat initialized with port 8080 (http)
2024-11-20 11:11:31 INFO  o.a.coyote.http11.Http11NioProtocol - Initializing ProtocolHandler ["http-nio-8080"]
2024-11-20 11:11:31 INFO  o.a.catalina.core.StandardService - Starting service [Tomcat]
2024-11-20 11:11:31 INFO  o.a.catalina.core.StandardEngine - Starting Servlet engine: [Apache Tomcat/10.1.28]
2024-11-20 11:11:31 INFO  o.a.c.c.C.[Tomcat].[localhost].[/] - Initializing Spring embedded WebApplicationContext
2024-11-20 11:11:31 INFO  o.s.b.w.s.c.ServletWebServerApplicationContext - Root WebApplicationContext: initialization completed in 1418 ms
2024-11-20 11:11:31 INFO  com.zaxxer.hikari.HikariDataSource - HikariPool-1 - Starting...
2024-11-20 11:11:31 INFO  com.zaxxer.hikari.pool.HikariPool - HikariPool-1 - Added connection com.mysql.cj.jdbc.ConnectionImpl@20ce7d83
2024-11-20 11:11:31 INFO  com.zaxxer.hikari.HikariDataSource - HikariPool-1 - Start completed.
2024-11-20 11:11:31 INFO  o.s.b.a.h.H2ConsoleAutoConfiguration - H2 console available at '/h2-console'. Database available at 'jdbc:mysql://localhost:3306/stock_mng'
2024-11-20 11:11:31 INFO  o.s.o.j.p.SpringPersistenceUnitInfo - No LoadTimeWeaver setup: ignoring JPA class transformer
2024-11-20 11:11:32 INFO  o.s.o.j.LocalContainerEntityManagerFactoryBean - Initialized JPA EntityManagerFactory for persistence unit 'default'
2024-11-20 11:11:33 INFO  o.s.d.j.r.query.QueryEnhancerFactory - Hibernate is in classpath; If applicable, HQL parser will be used.
2024-11-20 11:11:33 WARN  o.s.b.a.o.j.JpaBaseConfiguration$JpaWebConfiguration - spring.jpa.open-in-view is enabled by default. Therefore, database queries may be performed during view rendering. Explicitly configure spring.jpa.open-in-view to disable this warning
2024-11-20 11:11:33 INFO  o.s.s.web.DefaultSecurityFilterChain - Will secure any request with [org.springframework.security.web.session.DisableEncodeUrlFilter@2e1bdccf, org.springframework.security.web.context.request.async.WebAsyncManagerIntegrationFilter@550af974, org.springframework.security.web.context.SecurityContextHolderFilter@24eb5914, org.springframework.security.web.header.HeaderWriterFilter@16dc7e78, org.springframework.security.web.csrf.CsrfFilter@55b49f89, org.springframework.security.web.authentication.logout.LogoutFilter@6b0aa60c, org.springframework.security.web.authentication.UsernamePasswordAuthenticationFilter@213b4a22, org.springframework.security.web.savedrequest.RequestCacheAwareFilter@4c948c8d, org.springframework.security.web.servletapi.SecurityContextHolderAwareRequestFilter@4b94901, org.springframework.security.web.authentication.AnonymousAuthenticationFilter@79e488f8, org.springframework.security.web.access.ExceptionTranslationFilter@17520813, org.springframework.security.web.access.intercept.AuthorizationFilter@2502c138]
2024-11-20 11:11:34 INFO  o.s.b.d.a.OptionalLiveReloadServer - LiveReload server is running on port 35729
2024-11-20 11:11:34 INFO  o.a.coyote.http11.Http11NioProtocol - Starting ProtocolHandler ["http-nio-8080"]
2024-11-20 11:11:34 INFO  o.s.b.w.e.tomcat.TomcatWebServer - Tomcat started on port 8080 (http) with context path ''
2024-11-20 11:11:34 INFO  c.d.w.DroneInventorySystemApplication - Started DroneInventorySystemApplication in 4.926 seconds (process running for 5.764)
2024-11-20 11:12:05 INFO  o.a.c.c.C.[Tomcat].[localhost].[/] - Initializing Spring DispatcherServlet 'dispatcherServlet'
2024-11-20 11:12:05 INFO  o.s.web.servlet.DispatcherServlet - Initializing Servlet 'dispatcherServlet'
2024-11-20 11:12:05 INFO  o.s.web.servlet.DispatcherServlet - Completed initialization in 0 ms
2024-11-20 11:12:06 WARN  o.a.c.util.SessionIdGeneratorBase - Creation of SecureRandom instance for session ID generation using [SHA1PRNG] took [110] milliseconds.
2024-11-20 11:21:34 INFO  o.s.b.d.a.LocalDevToolsAutoConfiguration$RestartingClassPathChangeChangedEventListener - Restarting due to 1 class path change (0 additions, 0 deletions, 1 modification)
2024-11-20 11:21:34 INFO  o.a.coyote.http11.Http11NioProtocol - Stopping ProtocolHandler ["http-nio-8080"]
2024-11-20 11:21:34 INFO  o.s.o.j.LocalContainerEntityManagerFactoryBean - Closing JPA EntityManagerFactory for persistence unit 'default'
2024-11-20 11:21:34 INFO  com.zaxxer.hikari.HikariDataSource - HikariPool-1 - Shutdown initiated...
2024-11-20 11:21:34 INFO  com.zaxxer.hikari.HikariDataSource - HikariPool-1 - Shutdown completed.
