（WARN）（2024/12/07 21:02:54.777）（IP:）（管理者ID:）（com.zaxxer.hikari.pool.HikariPool）（HikariPool-2 - Thread starvation or clock leap detected (housekeeper delta=21h49m55s902ms115µs700ns).）
（INFO）（2024/12/07 21:03:09.000）（IP:0:0:0:0:0:0:0:1）（管理者ID:dotlife）（在庫一覧画面）（GET-アクセスログ-成功：）
（INFO）（2024/12/07 21:03:09.922）（IP:0:0:0:0:0:0:0:1）（管理者ID:dotlife）（在庫センター情報画面）（GET-アクセスログ-成功：）
（INFO）（2024/12/07 21:09:37.078）（IP:0:0:0:0:0:0:0:1）（管理者ID:dotlife）（在庫センター情報画面）（GET-アクセスログ-成功：）
（INFO）（2024/12/07 21:10:46.476）（IP:0:0:0:0:0:0:0:1）（管理者ID:dotlife）（在庫センター情報画面）（GET-アクセスログ-成功：）
（INFO）（2024/12/07 21:13:30.733）（IP:）（管理者ID:）（org.springframework.boot.devtools.autoconfigure.LocalDevToolsAutoConfiguration$RestartingClassPathChangeChangedEventListener）（Restarting due to 1 class path change (0 additions, 0 deletions, 1 modification)）
（INFO）（2024/12/07 21:13:30.905）（IP:）（管理者ID:）（org.springframework.orm.jpa.LocalContainerEntityManagerFactoryBean）（Closing JPA EntityManagerFactory for persistence unit 'default'）
（INFO）（2024/12/07 21:13:30.905）（IP:）（管理者ID:）（com.zaxxer.hikari.HikariDataSource）（HikariPool-2 - Shutdown initiated...）
（INFO）（2024/12/07 21:13:30.913）（IP:）（管理者ID:）（com.zaxxer.hikari.HikariDataSource）（HikariPool-2 - Shutdown completed.）
（INFO）（2024/12/07 21:13:31.012）（IP:）（管理者ID:）（com.digitalojt.web.DroneInventorySystemApplication）（Starting DroneInventorySystemApplication using Java 17.0.12 with PID 26792 (C:\Documents\digital-ojt-development-cause-DroneInventorySystem\DroneInventorySystem\target\classes started by z2240246 in C:\Documents\digital-ojt-development-cause-DroneInventorySystem\DroneInventorySystem)）
（INFO）（2024/12/07 21:13:31.012）（IP:）（管理者ID:）（com.digitalojt.web.DroneInventorySystemApplication）（No active profile set, falling back to 1 default profile: "default"）
（INFO）（2024/12/07 21:13:31.265）（IP:）（管理者ID:）（org.springframework.data.repository.config.RepositoryConfigurationDelegate）（Bootstrapping Spring Data JPA repositories in DEFAULT mode.）
（INFO）（2024/12/07 21:13:31.295）（IP:）（管理者ID:）（org.springframework.data.repository.config.RepositoryConfigurationDelegate）（Finished Spring Data repository scanning in 29 ms. Found 4 JPA repository interfaces.）
（INFO）（2024/12/07 21:13:31.417）（IP:）（管理者ID:）（org.springframework.boot.web.embedded.tomcat.TomcatWebServer）（Tomcat initialized with port 8080 (http)）
（INFO）（2024/12/07 21:13:31.418）（IP:）（管理者ID:）（org.apache.catalina.core.StandardService）（Starting service [Tomcat]）
（INFO）（2024/12/07 21:13:31.418）（IP:）（管理者ID:）（org.apache.catalina.core.StandardEngine）（Starting Servlet engine: [Apache Tomcat/10.1.28]）
（INFO）（2024/12/07 21:13:31.459）（IP:）（管理者ID:）（org.apache.catalina.core.ContainerBase.[Tomcat].[localhost].[/]）（Initializing Spring embedded WebApplicationContext）
（INFO）（2024/12/07 21:13:31.459）（IP:）（管理者ID:）（org.springframework.boot.web.servlet.context.ServletWebServerApplicationContext）（Root WebApplicationContext: initialization completed in 444 ms）
（INFO）（2024/12/07 21:13:31.470）（IP:）（管理者ID:）（com.zaxxer.hikari.HikariDataSource）（HikariPool-3 - Starting...）
（INFO）（2024/12/07 21:13:31.484）（IP:）（管理者ID:）（com.zaxxer.hikari.pool.HikariPool）（HikariPool-3 - Added connection com.mysql.cj.jdbc.ConnectionImpl@4ebb3bc0）
（INFO）（2024/12/07 21:13:31.485）（IP:）（管理者ID:）（com.zaxxer.hikari.HikariDataSource）（HikariPool-3 - Start completed.）
（INFO）（2024/12/07 21:13:31.485）（IP:）（管理者ID:）（org.springframework.boot.autoconfigure.h2.H2ConsoleAutoConfiguration）（H2 console available at '/h2-console'. Database available at 'jdbc:mysql://localhost:3306/stock_mng'）
（INFO）（2024/12/07 21:13:31.517）（IP:）（管理者ID:）（org.springframework.orm.jpa.persistenceunit.SpringPersistenceUnitInfo）（No LoadTimeWeaver setup: ignoring JPA class transformer）
（INFO）（2024/12/07 21:13:31.646）（IP:）（管理者ID:）（org.springframework.orm.jpa.LocalContainerEntityManagerFactoryBean）（Initialized JPA EntityManagerFactory for persistence unit 'default'）
（WARN）（2024/12/07 21:13:31.798）（IP:）（管理者ID:）（org.springframework.boot.autoconfigure.orm.jpa.JpaBaseConfiguration$JpaWebConfiguration）（spring.jpa.open-in-view is enabled by default. Therefore, database queries may be performed during view rendering. Explicitly configure spring.jpa.open-in-view to disable this warning）
（INFO）（2024/12/07 21:13:31.885）（IP:）（管理者ID:）（org.springframework.security.web.DefaultSecurityFilterChain）（Will secure any request with [org.springframework.security.web.session.DisableEncodeUrlFilter@47725503, org.springframework.security.web.context.request.async.WebAsyncManagerIntegrationFilter@5e1a3153, org.springframework.security.web.context.SecurityContextHolderFilter@7e0a3136, org.springframework.security.web.header.HeaderWriterFilter@63b05b66, org.springframework.security.web.csrf.CsrfFilter@13981c63, org.springframework.security.web.authentication.logout.LogoutFilter@485ebff7, org.springframework.security.web.authentication.UsernamePasswordAuthenticationFilter@4d74b98c, org.springframework.security.web.savedrequest.RequestCacheAwareFilter@2da24190, org.springframework.security.web.servletapi.SecurityContextHolderAwareRequestFilter@39e9d0d4, org.springframework.security.web.authentication.AnonymousAuthenticationFilter@6e49d0f8, org.springframework.security.web.access.ExceptionTranslationFilter@4c203ab, org.springframework.security.web.access.intercept.AuthorizationFilter@70e80161]）
（INFO）（2024/12/07 21:13:31.959）（IP:）（管理者ID:）（org.springframework.boot.devtools.autoconfigure.OptionalLiveReloadServer）（LiveReload server is running on port 35729）
（INFO）（2024/12/07 21:13:31.975）（IP:）（管理者ID:）（org.springframework.boot.web.embedded.tomcat.TomcatWebServer）（Tomcat started on port 8080 (http) with context path ''）
（INFO）（2024/12/07 21:13:31.980）（IP:）（管理者ID:）（com.digitalojt.web.DroneInventorySystemApplication）（Started DroneInventorySystemApplication in 1.009 seconds (process running for 82962.321)）
（INFO）（2024/12/07 21:13:31.982）（IP:）（管理者ID:）（org.springframework.boot.devtools.autoconfigure.ConditionEvaluationDeltaLoggingListener）（Condition evaluation unchanged）
（INFO）（2024/12/07 21:13:40.470）（IP:）（管理者ID:）（org.apache.catalina.core.ContainerBase.[Tomcat].[localhost].[/]）（Initializing Spring DispatcherServlet 'dispatcherServlet'）
（INFO）（2024/12/07 21:13:40.471）（IP:）（管理者ID:）（org.springframework.web.servlet.DispatcherServlet）（Initializing Servlet 'dispatcherServlet'）
（INFO）（2024/12/07 21:13:40.472）（IP:）（管理者ID:）（org.springframework.web.servlet.DispatcherServlet）（Completed initialization in 1 ms）
（WARN）（2024/12/07 21:13:40.595）（IP:）（管理者ID:）（org.apache.catalina.util.SessionIdGeneratorBase）（Creation of SecureRandom instance for session ID generation using [SHA1PRNG] took [120] milliseconds.）
（INFO）（2024/12/07 21:13:44.350）（IP:0:0:0:0:0:0:0:1）（管理者ID:dotlife）（在庫一覧画面）（GET-アクセスログ-成功：）
（INFO）（2024/12/07 21:13:46.290）（IP:0:0:0:0:0:0:0:1）（管理者ID:dotlife）（在庫センター情報画面）（GET-アクセスログ-成功：）
（INFO）（2024/12/07 21:16:20.681）（IP:）（管理者ID:）（org.springframework.boot.devtools.autoconfigure.LocalDevToolsAutoConfiguration$RestartingClassPathChangeChangedEventListener）（Restarting due to 1 class path change (0 additions, 0 deletions, 1 modification)）
（INFO）（2024/12/07 21:16:21.122）（IP:）（管理者ID:）（org.springframework.orm.jpa.LocalContainerEntityManagerFactoryBean）（Closing JPA EntityManagerFactory for persistence unit 'default'）
（INFO）（2024/12/07 21:16:21.127）（IP:）（管理者ID:）（com.zaxxer.hikari.HikariDataSource）（HikariPool-3 - Shutdown initiated...）
（INFO）（2024/12/07 21:16:21.142）（IP:）（管理者ID:）（com.zaxxer.hikari.HikariDataSource）（HikariPool-3 - Shutdown completed.）
（INFO）（2024/12/07 21:16:21.404）（IP:）（管理者ID:）（com.digitalojt.web.DroneInventorySystemApplication）（Starting DroneInventorySystemApplication using Java 17.0.12 with PID 26792 (C:\Documents\digital-ojt-development-cause-DroneInventorySystem\DroneInventorySystem\target\classes started by z2240246 in C:\Documents\digital-ojt-development-cause-DroneInventorySystem\DroneInventorySystem)）
（INFO）（2024/12/07 21:16:21.404）（IP:）（管理者ID:）（com.digitalojt.web.DroneInventorySystemApplication）（No active profile set, falling back to 1 default profile: "default"）
（INFO）（2024/12/07 21:16:22.014）（IP:）（管理者ID:）（org.springframework.data.repository.config.RepositoryConfigurationDelegate）（Bootstrapping Spring Data JPA repositories in DEFAULT mode.）
（INFO）（2024/12/07 21:16:22.094）（IP:）（管理者ID:）（org.springframework.data.repository.config.RepositoryConfigurationDelegate）（Finished Spring Data repository scanning in 74 ms. Found 4 JPA repository interfaces.）
（INFO）（2024/12/07 21:16:22.378）（IP:）（管理者ID:）（org.springframework.boot.web.embedded.tomcat.TomcatWebServer）（Tomcat initialized with port 8080 (http)）
（INFO）（2024/12/07 21:16:22.378）（IP:）（管理者ID:）（org.apache.catalina.core.StandardService）（Starting service [Tomcat]）
（INFO）（2024/12/07 21:16:22.378）（IP:）（管理者ID:）（org.apache.catalina.core.StandardEngine）（Starting Servlet engine: [Apache Tomcat/10.1.28]）
（INFO）（2024/12/07 21:16:22.474）（IP:）（管理者ID:）（org.apache.catalina.core.ContainerBase.[Tomcat].[localhost].[/]）（Initializing Spring embedded WebApplicationContext）
（INFO）（2024/12/07 21:16:22.474）（IP:）（管理者ID:）（org.springframework.boot.web.servlet.context.ServletWebServerApplicationContext）（Root WebApplicationContext: initialization completed in 1059 ms）
（INFO）（2024/12/07 21:16:22.510）（IP:）（管理者ID:）（com.zaxxer.hikari.HikariDataSource）（HikariPool-4 - Starting...）
（INFO）（2024/12/07 21:16:22.537）（IP:）（管理者ID:）（com.zaxxer.hikari.pool.HikariPool）（HikariPool-4 - Added connection com.mysql.cj.jdbc.ConnectionImpl@22214544）
（INFO）（2024/12/07 21:16:22.537）（IP:）（管理者ID:）（com.zaxxer.hikari.HikariDataSource）（HikariPool-4 - Start completed.）
（INFO）（2024/12/07 21:16:22.537）（IP:）（管理者ID:）（org.springframework.boot.autoconfigure.h2.H2ConsoleAutoConfiguration）（H2 console available at '/h2-console'. Database available at 'jdbc:mysql://localhost:3306/stock_mng'）
（INFO）（2024/12/07 21:16:22.663）（IP:）（管理者ID:）（org.springframework.orm.jpa.persistenceunit.SpringPersistenceUnitInfo）（No LoadTimeWeaver setup: ignoring JPA class transformer）
（INFO）（2024/12/07 21:16:22.806）（IP:）（管理者ID:）（org.springframework.orm.jpa.LocalContainerEntityManagerFactoryBean）（Initialized JPA EntityManagerFactory for persistence unit 'default'）
（WARN）（2024/12/07 21:16:22.897）（IP:）（管理者ID:）（org.springframework.boot.autoconfigure.orm.jpa.JpaBaseConfiguration$JpaWebConfiguration）（spring.jpa.open-in-view is enabled by default. Therefore, database queries may be performed during view rendering. Explicitly configure spring.jpa.open-in-view to disable this warning）
（INFO）（2024/12/07 21:16:22.951）（IP:）（管理者ID:）（org.springframework.security.web.DefaultSecurityFilterChain）（Will secure any request with [org.springframework.security.web.session.DisableEncodeUrlFilter@27b6b4a8, org.springframework.security.web.context.request.async.WebAsyncManagerIntegrationFilter@6c029b47, org.springframework.security.web.context.SecurityContextHolderFilter@7120b3d5, org.springframework.security.web.header.HeaderWriterFilter@4dfcc5b, org.springframework.security.web.csrf.CsrfFilter@7270a4ac, org.springframework.security.web.authentication.logout.LogoutFilter@6cfa74d5, org.springframework.security.web.authentication.UsernamePasswordAuthenticationFilter@3403524, org.springframework.security.web.savedrequest.RequestCacheAwareFilter@6823c99, org.springframework.security.web.servletapi.SecurityContextHolderAwareRequestFilter@6277770c, org.springframework.security.web.authentication.AnonymousAuthenticationFilter@4d955a84, org.springframework.security.web.access.ExceptionTranslationFilter@4d85229f, org.springframework.security.web.access.intercept.AuthorizationFilter@3c23a2a9]）
（INFO）（2024/12/07 21:16:23.015）（IP:）（管理者ID:）（org.springframework.boot.devtools.autoconfigure.OptionalLiveReloadServer）（LiveReload server is running on port 35729）
（INFO）（2024/12/07 21:16:23.015）（IP:）（管理者ID:）（org.springframework.boot.web.embedded.tomcat.TomcatWebServer）（Tomcat started on port 8080 (http) with context path ''）
（INFO）（2024/12/07 21:16:23.031）（IP:）（管理者ID:）（com.digitalojt.web.DroneInventorySystemApplication）（Started DroneInventorySystemApplication in 1.737 seconds (process running for 83133.373)）
（INFO）（2024/12/07 21:16:23.031）（IP:）（管理者ID:）（org.springframework.boot.devtools.autoconfigure.ConditionEvaluationDeltaLoggingListener）（Condition evaluation unchanged）
（INFO）（2024/12/07 21:16:24.428）（IP:）（管理者ID:）（org.apache.catalina.core.ContainerBase.[Tomcat].[localhost].[/]）（Initializing Spring DispatcherServlet 'dispatcherServlet'）
（INFO）（2024/12/07 21:16:24.428）（IP:）（管理者ID:）（org.springframework.web.servlet.DispatcherServlet）（Initializing Servlet 'dispatcherServlet'）
（INFO）（2024/12/07 21:16:24.433）（IP:）（管理者ID:）（org.springframework.web.servlet.DispatcherServlet）（Completed initialization in 5 ms）
（INFO）（2024/12/07 21:21:15.830）（IP:）（管理者ID:）（org.springframework.boot.devtools.autoconfigure.LocalDevToolsAutoConfiguration$RestartingClassPathChangeChangedEventListener）（Restarting due to 1 class path change (0 additions, 0 deletions, 1 modification)）
（INFO）（2024/12/07 21:21:15.977）（IP:）（管理者ID:）（org.springframework.orm.jpa.LocalContainerEntityManagerFactoryBean）（Closing JPA EntityManagerFactory for persistence unit 'default'）
（INFO）（2024/12/07 21:21:15.978）（IP:）（管理者ID:）（com.zaxxer.hikari.HikariDataSource）（HikariPool-4 - Shutdown initiated...）
（INFO）（2024/12/07 21:21:15.984）（IP:）（管理者ID:）（com.zaxxer.hikari.HikariDataSource）（HikariPool-4 - Shutdown completed.）
（INFO）（2024/12/07 21:21:16.083）（IP:）（管理者ID:）（com.digitalojt.web.DroneInventorySystemApplication）（Starting DroneInventorySystemApplication using Java 17.0.12 with PID 26792 (C:\Documents\digital-ojt-development-cause-DroneInventorySystem\DroneInventorySystem\target\classes started by z2240246 in C:\Documents\digital-ojt-development-cause-DroneInventorySystem\DroneInventorySystem)）
（INFO）（2024/12/07 21:21:16.084）（IP:）（管理者ID:）（com.digitalojt.web.DroneInventorySystemApplication）（No active profile set, falling back to 1 default profile: "default"）
（INFO）（2024/12/07 21:21:16.263）（IP:）（管理者ID:）（org.springframework.data.repository.config.RepositoryConfigurationDelegate）（Bootstrapping Spring Data JPA repositories in DEFAULT mode.）
（INFO）（2024/12/07 21:21:16.286）（IP:）（管理者ID:）（org.springframework.data.repository.config.RepositoryConfigurationDelegate）（Finished Spring Data repository scanning in 22 ms. Found 4 JPA repository interfaces.）
（INFO）（2024/12/07 21:21:16.374）（IP:）（管理者ID:）（org.springframework.boot.web.embedded.tomcat.TomcatWebServer）（Tomcat initialized with port 8080 (http)）
（INFO）（2024/12/07 21:21:16.374）（IP:）（管理者ID:）（org.apache.catalina.core.StandardService）（Starting service [Tomcat]）
（INFO）（2024/12/07 21:21:16.374）（IP:）（管理者ID:）（org.apache.catalina.core.StandardEngine）（Starting Servlet engine: [Apache Tomcat/10.1.28]）
（INFO）（2024/12/07 21:21:16.397）（IP:）（管理者ID:）（org.apache.catalina.core.ContainerBase.[Tomcat].[localhost].[/]）（Initializing Spring embedded WebApplicationContext）
（INFO）（2024/12/07 21:21:16.397）（IP:）（管理者ID:）（org.springframework.boot.web.servlet.context.ServletWebServerApplicationContext）（Root WebApplicationContext: initialization completed in 312 ms）
（INFO）（2024/12/07 21:21:16.406）（IP:）（管理者ID:）（com.zaxxer.hikari.HikariDataSource）（HikariPool-5 - Starting...）
（INFO）（2024/12/07 21:21:16.420）（IP:）（管理者ID:）（com.zaxxer.hikari.pool.HikariPool）（HikariPool-5 - Added connection com.mysql.cj.jdbc.ConnectionImpl@1b84efae）
（INFO）（2024/12/07 21:21:16.420）（IP:）（管理者ID:）（com.zaxxer.hikari.HikariDataSource）（HikariPool-5 - Start completed.）
（INFO）（2024/12/07 21:21:16.420）（IP:）（管理者ID:）（org.springframework.boot.autoconfigure.h2.H2ConsoleAutoConfiguration）（H2 console available at '/h2-console'. Database available at 'jdbc:mysql://localhost:3306/stock_mng'）
（INFO）（2024/12/07 21:21:16.455）（IP:）（管理者ID:）（org.springframework.orm.jpa.persistenceunit.SpringPersistenceUnitInfo）（No LoadTimeWeaver setup: ignoring JPA class transformer）
（INFO）（2024/12/07 21:21:16.601）（IP:）（管理者ID:）（org.springframework.orm.jpa.LocalContainerEntityManagerFactoryBean）（Initialized JPA EntityManagerFactory for persistence unit 'default'）
（WARN）（2024/12/07 21:21:16.699）（IP:）（管理者ID:）（org.springframework.boot.autoconfigure.orm.jpa.JpaBaseConfiguration$JpaWebConfiguration）（spring.jpa.open-in-view is enabled by default. Therefore, database queries may be performed during view rendering. Explicitly configure spring.jpa.open-in-view to disable this warning）
（INFO）（2024/12/07 21:21:16.766）（IP:）（管理者ID:）（org.springframework.security.web.DefaultSecurityFilterChain）（Will secure any request with [org.springframework.security.web.session.DisableEncodeUrlFilter@2d28576a, org.springframework.security.web.context.request.async.WebAsyncManagerIntegrationFilter@2c32e3c0, org.springframework.security.web.context.SecurityContextHolderFilter@bce607, org.springframework.security.web.header.HeaderWriterFilter@41f29536, org.springframework.security.web.csrf.CsrfFilter@215261c9, org.springframework.security.web.authentication.logout.LogoutFilter@51c90623, org.springframework.security.web.authentication.UsernamePasswordAuthenticationFilter@48f8f186, org.springframework.security.web.savedrequest.RequestCacheAwareFilter@325283f0, org.springframework.security.web.servletapi.SecurityContextHolderAwareRequestFilter@63ac3058, org.springframework.security.web.authentication.AnonymousAuthenticationFilter@35de5e83, org.springframework.security.web.access.ExceptionTranslationFilter@1778daf8, org.springframework.security.web.access.intercept.AuthorizationFilter@51990d88]）
（INFO）（2024/12/07 21:21:16.809）（IP:）（管理者ID:）（org.springframework.boot.devtools.autoconfigure.OptionalLiveReloadServer）（LiveReload server is running on port 35729）
（INFO）（2024/12/07 21:21:16.824）（IP:）（管理者ID:）（org.springframework.boot.web.embedded.tomcat.TomcatWebServer）（Tomcat started on port 8080 (http) with context path ''）
（INFO）（2024/12/07 21:21:16.829）（IP:）（管理者ID:）（com.digitalojt.web.DroneInventorySystemApplication）（Started DroneInventorySystemApplication in 0.775 seconds (process running for 83427.17)）
（INFO）（2024/12/07 21:21:16.830）（IP:）（管理者ID:）（org.springframework.boot.devtools.autoconfigure.ConditionEvaluationDeltaLoggingListener）（Condition evaluation unchanged）
（INFO）（2024/12/07 21:21:20.188）（IP:）（管理者ID:）（org.apache.catalina.core.ContainerBase.[Tomcat].[localhost].[/]）（Initializing Spring DispatcherServlet 'dispatcherServlet'）
（INFO）（2024/12/07 21:21:20.188）（IP:）（管理者ID:）（org.springframework.web.servlet.DispatcherServlet）（Initializing Servlet 'dispatcherServlet'）
（INFO）（2024/12/07 21:21:20.190）（IP:）（管理者ID:）（org.springframework.web.servlet.DispatcherServlet）（Completed initialization in 2 ms）
（INFO）（2024/12/07 21:21:40.584）（IP:）（管理者ID:）（org.springframework.boot.devtools.autoconfigure.LocalDevToolsAutoConfiguration$RestartingClassPathChangeChangedEventListener）（Restarting due to 1 class path change (0 additions, 0 deletions, 1 modification)）
（INFO）（2024/12/07 21:21:40.738）（IP:）（管理者ID:）（org.springframework.orm.jpa.LocalContainerEntityManagerFactoryBean）（Closing JPA EntityManagerFactory for persistence unit 'default'）
（INFO）（2024/12/07 21:21:40.739）（IP:）（管理者ID:）（com.zaxxer.hikari.HikariDataSource）（HikariPool-5 - Shutdown initiated...）
（INFO）（2024/12/07 21:21:40.747）（IP:）（管理者ID:）（com.zaxxer.hikari.HikariDataSource）（HikariPool-5 - Shutdown completed.）
（INFO）（2024/12/07 21:21:40.839）（IP:）（管理者ID:）（com.digitalojt.web.DroneInventorySystemApplication）（Starting DroneInventorySystemApplication using Java 17.0.12 with PID 26792 (C:\Documents\digital-ojt-development-cause-DroneInventorySystem\DroneInventorySystem\target\classes started by z2240246 in C:\Documents\digital-ojt-development-cause-DroneInventorySystem\DroneInventorySystem)）
（INFO）（2024/12/07 21:21:40.839）（IP:）（管理者ID:）（com.digitalojt.web.DroneInventorySystemApplication）（No active profile set, falling back to 1 default profile: "default"）
（INFO）（2024/12/07 21:21:41.028）（IP:）（管理者ID:）（org.springframework.data.repository.config.RepositoryConfigurationDelegate）（Bootstrapping Spring Data JPA repositories in DEFAULT mode.）
（INFO）（2024/12/07 21:21:41.051）（IP:）（管理者ID:）（org.springframework.data.repository.config.RepositoryConfigurationDelegate）（Finished Spring Data repository scanning in 22 ms. Found 4 JPA repository interfaces.）
（INFO）（2024/12/07 21:21:41.135）（IP:）（管理者ID:）（org.springframework.boot.web.embedded.tomcat.TomcatWebServer）（Tomcat initialized with port 8080 (http)）
（INFO）（2024/12/07 21:21:41.136）（IP:）（管理者ID:）（org.apache.catalina.core.StandardService）（Starting service [Tomcat]）
（INFO）（2024/12/07 21:21:41.136）（IP:）（管理者ID:）（org.apache.catalina.core.StandardEngine）（Starting Servlet engine: [Apache Tomcat/10.1.28]）
（INFO）（2024/12/07 21:21:41.162）（IP:）（管理者ID:）（org.apache.catalina.core.ContainerBase.[Tomcat].[localhost].[/]）（Initializing Spring embedded WebApplicationContext）
（INFO）（2024/12/07 21:21:41.162）（IP:）（管理者ID:）（org.springframework.boot.web.servlet.context.ServletWebServerApplicationContext）（Root WebApplicationContext: initialization completed in 320 ms）
（INFO）（2024/12/07 21:21:41.172）（IP:）（管理者ID:）（com.zaxxer.hikari.HikariDataSource）（HikariPool-6 - Starting...）
（INFO）（2024/12/07 21:21:41.183）（IP:）（管理者ID:）（com.zaxxer.hikari.pool.HikariPool）（HikariPool-6 - Added connection com.mysql.cj.jdbc.ConnectionImpl@42f77a84）
（INFO）（2024/12/07 21:21:41.184）（IP:）（管理者ID:）（com.zaxxer.hikari.HikariDataSource）（HikariPool-6 - Start completed.）
（INFO）（2024/12/07 21:21:41.184）（IP:）（管理者ID:）（org.springframework.boot.autoconfigure.h2.H2ConsoleAutoConfiguration）（H2 console available at '/h2-console'. Database available at 'jdbc:mysql://localhost:3306/stock_mng'）
（INFO）（2024/12/07 21:21:41.215）（IP:）（管理者ID:）（org.springframework.orm.jpa.persistenceunit.SpringPersistenceUnitInfo）（No LoadTimeWeaver setup: ignoring JPA class transformer）
（INFO）（2024/12/07 21:21:41.310）（IP:）（管理者ID:）（org.springframework.orm.jpa.LocalContainerEntityManagerFactoryBean）（Initialized JPA EntityManagerFactory for persistence unit 'default'）
（WARN）（2024/12/07 21:21:41.399）（IP:）（管理者ID:）（org.springframework.boot.autoconfigure.orm.jpa.JpaBaseConfiguration$JpaWebConfiguration）（spring.jpa.open-in-view is enabled by default. Therefore, database queries may be performed during view rendering. Explicitly configure spring.jpa.open-in-view to disable this warning）
（INFO）（2024/12/07 21:21:41.454）（IP:）（管理者ID:）（org.springframework.security.web.DefaultSecurityFilterChain）（Will secure any request with [org.springframework.security.web.session.DisableEncodeUrlFilter@42f13ee2, org.springframework.security.web.context.request.async.WebAsyncManagerIntegrationFilter@2c246441, org.springframework.security.web.context.SecurityContextHolderFilter@56b52903, org.springframework.security.web.header.HeaderWriterFilter@5ad17c59, org.springframework.security.web.csrf.CsrfFilter@47788291, org.springframework.security.web.authentication.logout.LogoutFilter@5700061f, org.springframework.security.web.authentication.UsernamePasswordAuthenticationFilter@1516e2a1, org.springframework.security.web.savedrequest.RequestCacheAwareFilter@555a554e, org.springframework.security.web.servletapi.SecurityContextHolderAwareRequestFilter@796057fc, org.springframework.security.web.authentication.AnonymousAuthenticationFilter@1a1fdf37, org.springframework.security.web.access.ExceptionTranslationFilter@1d262607, org.springframework.security.web.access.intercept.AuthorizationFilter@2bd3abd1]）
（INFO）（2024/12/07 21:21:41.505）（IP:）（管理者ID:）（org.springframework.boot.devtools.autoconfigure.OptionalLiveReloadServer）（LiveReload server is running on port 35729）
（INFO）（2024/12/07 21:21:41.519）（IP:）（管理者ID:）（org.springframework.boot.web.embedded.tomcat.TomcatWebServer）（Tomcat started on port 8080 (http) with context path ''）
（INFO）（2024/12/07 21:21:41.524）（IP:）（管理者ID:）（com.digitalojt.web.DroneInventorySystemApplication）（Started DroneInventorySystemApplication in 0.715 seconds (process running for 83451.865)）
（INFO）（2024/12/07 21:21:41.525）（IP:）（管理者ID:）（org.springframework.boot.devtools.autoconfigure.ConditionEvaluationDeltaLoggingListener）（Condition evaluation unchanged）
（INFO）（2024/12/07 21:21:45.191）（IP:）（管理者ID:）（org.apache.catalina.core.ContainerBase.[Tomcat].[localhost].[/]）（Initializing Spring DispatcherServlet 'dispatcherServlet'）
（INFO）（2024/12/07 21:21:45.191）（IP:）（管理者ID:）（org.springframework.web.servlet.DispatcherServlet）（Initializing Servlet 'dispatcherServlet'）
（INFO）（2024/12/07 21:21:45.192）（IP:）（管理者ID:）（org.springframework.web.servlet.DispatcherServlet）（Completed initialization in 1 ms）
（INFO）（2024/12/07 21:29:33.862）（IP:）（管理者ID:）（org.springframework.boot.devtools.autoconfigure.LocalDevToolsAutoConfiguration$RestartingClassPathChangeChangedEventListener）（Restarting due to 1 class path change (0 additions, 0 deletions, 1 modification)）
（INFO）（2024/12/07 21:29:34.015）（IP:）（管理者ID:）（org.springframework.orm.jpa.LocalContainerEntityManagerFactoryBean）（Closing JPA EntityManagerFactory for persistence unit 'default'）
（INFO）（2024/12/07 21:29:34.016）（IP:）（管理者ID:）（com.zaxxer.hikari.HikariDataSource）（HikariPool-6 - Shutdown initiated...）
（INFO）（2024/12/07 21:29:34.024）（IP:）（管理者ID:）（com.zaxxer.hikari.HikariDataSource）（HikariPool-6 - Shutdown completed.）
（INFO）（2024/12/07 21:29:34.116）（IP:）（管理者ID:）（com.digitalojt.web.DroneInventorySystemApplication）（Starting DroneInventorySystemApplication using Java 17.0.12 with PID 26792 (C:\Documents\digital-ojt-development-cause-DroneInventorySystem\DroneInventorySystem\target\classes started by z2240246 in C:\Documents\digital-ojt-development-cause-DroneInventorySystem\DroneInventorySystem)）
（INFO）（2024/12/07 21:29:34.117）（IP:）（管理者ID:）（com.digitalojt.web.DroneInventorySystemApplication）（No active profile set, falling back to 1 default profile: "default"）
（INFO）（2024/12/07 21:29:34.321）（IP:）（管理者ID:）（org.springframework.data.repository.config.RepositoryConfigurationDelegate）（Bootstrapping Spring Data JPA repositories in DEFAULT mode.）
（INFO）（2024/12/07 21:29:34.340）（IP:）（管理者ID:）（org.springframework.data.repository.config.RepositoryConfigurationDelegate）（Finished Spring Data repository scanning in 19 ms. Found 4 JPA repository interfaces.）
（INFO）（2024/12/07 21:29:34.433）（IP:）（管理者ID:）（org.springframework.boot.web.embedded.tomcat.TomcatWebServer）（Tomcat initialized with port 8080 (http)）
（INFO）（2024/12/07 21:29:34.434）（IP:）（管理者ID:）（org.apache.catalina.core.StandardService）（Starting service [Tomcat]）
（INFO）（2024/12/07 21:29:34.435）（IP:）（管理者ID:）（org.apache.catalina.core.StandardEngine）（Starting Servlet engine: [Apache Tomcat/10.1.28]）
（INFO）（2024/12/07 21:29:34.460）（IP:）（管理者ID:）（org.apache.catalina.core.ContainerBase.[Tomcat].[localhost].[/]）（Initializing Spring embedded WebApplicationContext）
（INFO）（2024/12/07 21:29:34.461）（IP:）（管理者ID:）（org.springframework.boot.web.servlet.context.ServletWebServerApplicationContext）（Root WebApplicationContext: initialization completed in 342 ms）
（INFO）（2024/12/07 21:29:34.470）（IP:）（管理者ID:）（com.zaxxer.hikari.HikariDataSource）（HikariPool-7 - Starting...）
（INFO）（2024/12/07 21:29:34.484）（IP:）（管理者ID:）（com.zaxxer.hikari.pool.HikariPool）（HikariPool-7 - Added connection com.mysql.cj.jdbc.ConnectionImpl@252b0c85）
（INFO）（2024/12/07 21:29:34.484）（IP:）（管理者ID:）（com.zaxxer.hikari.HikariDataSource）（HikariPool-7 - Start completed.）
（INFO）（2024/12/07 21:29:34.484）（IP:）（管理者ID:）（org.springframework.boot.autoconfigure.h2.H2ConsoleAutoConfiguration）（H2 console available at '/h2-console'. Database available at 'jdbc:mysql://localhost:3306/stock_mng'）
（INFO）（2024/12/07 21:29:34.519）（IP:）（管理者ID:）（org.springframework.orm.jpa.persistenceunit.SpringPersistenceUnitInfo）（No LoadTimeWeaver setup: ignoring JPA class transformer）
（INFO）（2024/12/07 21:29:34.655）（IP:）（管理者ID:）（org.springframework.orm.jpa.LocalContainerEntityManagerFactoryBean）（Initialized JPA EntityManagerFactory for persistence unit 'default'）
（WARN）（2024/12/07 21:29:34.747）（IP:）（管理者ID:）（org.springframework.boot.autoconfigure.orm.jpa.JpaBaseConfiguration$JpaWebConfiguration）（spring.jpa.open-in-view is enabled by default. Therefore, database queries may be performed during view rendering. Explicitly configure spring.jpa.open-in-view to disable this warning）
（INFO）（2024/12/07 21:29:34.808）（IP:）（管理者ID:）（org.springframework.security.web.DefaultSecurityFilterChain）（Will secure any request with [org.springframework.security.web.session.DisableEncodeUrlFilter@76632fa, org.springframework.security.web.context.request.async.WebAsyncManagerIntegrationFilter@401c004d, org.springframework.security.web.context.SecurityContextHolderFilter@5ad9f30a, org.springframework.security.web.header.HeaderWriterFilter@611524b7, org.springframework.security.web.csrf.CsrfFilter@65ff821e, org.springframework.security.web.authentication.logout.LogoutFilter@53e117be, org.springframework.security.web.authentication.UsernamePasswordAuthenticationFilter@1207eb39, org.springframework.security.web.savedrequest.RequestCacheAwareFilter@432f653d, org.springframework.security.web.servletapi.SecurityContextHolderAwareRequestFilter@3673d6f8, org.springframework.security.web.authentication.AnonymousAuthenticationFilter@b9d8b57, org.springframework.security.web.access.ExceptionTranslationFilter@11bc82b2, org.springframework.security.web.access.intercept.AuthorizationFilter@49005940]）
（INFO）（2024/12/07 21:29:34.873）（IP:）（管理者ID:）（org.springframework.boot.devtools.autoconfigure.OptionalLiveReloadServer）（LiveReload server is running on port 35729）
（INFO）（2024/12/07 21:29:34.887）（IP:）（管理者ID:）（org.springframework.boot.web.embedded.tomcat.TomcatWebServer）（Tomcat started on port 8080 (http) with context path ''）
（INFO）（2024/12/07 21:29:34.892）（IP:）（管理者ID:）（com.digitalojt.web.DroneInventorySystemApplication）（Started DroneInventorySystemApplication in 0.805 seconds (process running for 83925.233)）
（INFO）（2024/12/07 21:29:34.894）（IP:）（管理者ID:）（org.springframework.boot.devtools.autoconfigure.ConditionEvaluationDeltaLoggingListener）（Condition evaluation unchanged）
（INFO）（2024/12/07 21:30:22.652）（IP:）（管理者ID:）（org.springframework.boot.devtools.autoconfigure.LocalDevToolsAutoConfiguration$RestartingClassPathChangeChangedEventListener）（Restarting due to 1 class path change (0 additions, 0 deletions, 1 modification)）
（INFO）（2024/12/07 21:30:22.792）（IP:）（管理者ID:）（org.springframework.orm.jpa.LocalContainerEntityManagerFactoryBean）（Closing JPA EntityManagerFactory for persistence unit 'default'）
（INFO）（2024/12/07 21:30:22.793）（IP:）（管理者ID:）（com.zaxxer.hikari.HikariDataSource）（HikariPool-7 - Shutdown initiated...）
（INFO）（2024/12/07 21:30:22.800）（IP:）（管理者ID:）（com.zaxxer.hikari.HikariDataSource）（HikariPool-7 - Shutdown completed.）
（INFO）（2024/12/07 21:30:22.892）（IP:）（管理者ID:）（com.digitalojt.web.DroneInventorySystemApplication）（Starting DroneInventorySystemApplication using Java 17.0.12 with PID 26792 (C:\Documents\digital-ojt-development-cause-DroneInventorySystem\DroneInventorySystem\target\classes started by z2240246 in C:\Documents\digital-ojt-development-cause-DroneInventorySystem\DroneInventorySystem)）
（INFO）（2024/12/07 21:30:22.892）（IP:）（管理者ID:）（com.digitalojt.web.DroneInventorySystemApplication）（No active profile set, falling back to 1 default profile: "default"）
（INFO）（2024/12/07 21:30:23.104）（IP:）（管理者ID:）（org.springframework.data.repository.config.RepositoryConfigurationDelegate）（Bootstrapping Spring Data JPA repositories in DEFAULT mode.）
（INFO）（2024/12/07 21:30:23.133）（IP:）（管理者ID:）（org.springframework.data.repository.config.RepositoryConfigurationDelegate）（Finished Spring Data repository scanning in 28 ms. Found 4 JPA repository interfaces.）
（INFO）（2024/12/07 21:30:23.239）（IP:）（管理者ID:）（org.springframework.boot.web.embedded.tomcat.TomcatWebServer）（Tomcat initialized with port 8080 (http)）
（INFO）（2024/12/07 21:30:23.239）（IP:）（管理者ID:）（org.apache.catalina.core.StandardService）（Starting service [Tomcat]）
（INFO）（2024/12/07 21:30:23.240）（IP:）（管理者ID:）（org.apache.catalina.core.StandardEngine）（Starting Servlet engine: [Apache Tomcat/10.1.28]）
（INFO）（2024/12/07 21:30:23.263）（IP:）（管理者ID:）（org.apache.catalina.core.ContainerBase.[Tomcat].[localhost].[/]）（Initializing Spring embedded WebApplicationContext）
（INFO）（2024/12/07 21:30:23.263）（IP:）（管理者ID:）（org.springframework.boot.web.servlet.context.ServletWebServerApplicationContext）（Root WebApplicationContext: initialization completed in 369 ms）
（INFO）（2024/12/07 21:30:23.273）（IP:）（管理者ID:）（com.zaxxer.hikari.HikariDataSource）（HikariPool-8 - Starting...）
（INFO）（2024/12/07 21:30:23.286）（IP:）（管理者ID:）（com.zaxxer.hikari.pool.HikariPool）（HikariPool-8 - Added connection com.mysql.cj.jdbc.ConnectionImpl@7d0bb3cf）
（INFO）（2024/12/07 21:30:23.287）（IP:）（管理者ID:）（com.zaxxer.hikari.HikariDataSource）（HikariPool-8 - Start completed.）
（INFO）（2024/12/07 21:30:23.287）（IP:）（管理者ID:）（org.springframework.boot.autoconfigure.h2.H2ConsoleAutoConfiguration）（H2 console available at '/h2-console'. Database available at 'jdbc:mysql://localhost:3306/stock_mng'）
（INFO）（2024/12/07 21:30:23.327）（IP:）（管理者ID:）（org.springframework.orm.jpa.persistenceunit.SpringPersistenceUnitInfo）（No LoadTimeWeaver setup: ignoring JPA class transformer）
（INFO）（2024/12/07 21:30:23.448）（IP:）（管理者ID:）（org.springframework.orm.jpa.LocalContainerEntityManagerFactoryBean）（Initialized JPA EntityManagerFactory for persistence unit 'default'）
（WARN）（2024/12/07 21:30:23.529）（IP:）（管理者ID:）（org.springframework.boot.autoconfigure.orm.jpa.JpaBaseConfiguration$JpaWebConfiguration）（spring.jpa.open-in-view is enabled by default. Therefore, database queries may be performed during view rendering. Explicitly configure spring.jpa.open-in-view to disable this warning）
（INFO）（2024/12/07 21:30:23.579）（IP:）（管理者ID:）（org.springframework.security.web.DefaultSecurityFilterChain）（Will secure any request with [org.springframework.security.web.session.DisableEncodeUrlFilter@1acfc309, org.springframework.security.web.context.request.async.WebAsyncManagerIntegrationFilter@30b349d5, org.springframework.security.web.context.SecurityContextHolderFilter@5127e32e, org.springframework.security.web.header.HeaderWriterFilter@4b60b707, org.springframework.security.web.csrf.CsrfFilter@558ffc07, org.springframework.security.web.authentication.logout.LogoutFilter@27b1e57f, org.springframework.security.web.authentication.UsernamePasswordAuthenticationFilter@32fd4234, org.springframework.security.web.savedrequest.RequestCacheAwareFilter@7b6242c9, org.springframework.security.web.servletapi.SecurityContextHolderAwareRequestFilter@7f70688, org.springframework.security.web.authentication.AnonymousAuthenticationFilter@41880e09, org.springframework.security.web.access.ExceptionTranslationFilter@36b95a0f, org.springframework.security.web.access.intercept.AuthorizationFilter@71501351]）
（INFO）（2024/12/07 21:30:23.623）（IP:）（管理者ID:）（org.springframework.boot.devtools.autoconfigure.OptionalLiveReloadServer）（LiveReload server is running on port 35729）
（INFO）（2024/12/07 21:30:23.639）（IP:）（管理者ID:）（org.springframework.boot.web.embedded.tomcat.TomcatWebServer）（Tomcat started on port 8080 (http) with context path ''）
（INFO）（2024/12/07 21:30:23.642）（IP:）（管理者ID:）（com.digitalojt.web.DroneInventorySystemApplication）（Started DroneInventorySystemApplication in 0.778 seconds (process running for 83973.983)）
（INFO）（2024/12/07 21:30:23.643）（IP:）（管理者ID:）（org.springframework.boot.devtools.autoconfigure.ConditionEvaluationDeltaLoggingListener）（Condition evaluation unchanged）
（INFO）（2024/12/07 21:30:25.926）（IP:）（管理者ID:）（org.apache.catalina.core.ContainerBase.[Tomcat].[localhost].[/]）（Initializing Spring DispatcherServlet 'dispatcherServlet'）
（INFO）（2024/12/07 21:30:25.926）（IP:）（管理者ID:）（org.springframework.web.servlet.DispatcherServlet）（Initializing Servlet 'dispatcherServlet'）
（INFO）（2024/12/07 21:30:25.928）（IP:）（管理者ID:）（org.springframework.web.servlet.DispatcherServlet）（Completed initialization in 2 ms）
（INFO）（2024/12/07 21:31:30.153）（IP:）（管理者ID:）（org.springframework.boot.devtools.autoconfigure.LocalDevToolsAutoConfiguration$RestartingClassPathChangeChangedEventListener）（Restarting due to 1 class path change (0 additions, 0 deletions, 1 modification)）
（INFO）（2024/12/07 21:31:30.306）（IP:）（管理者ID:）（org.springframework.orm.jpa.LocalContainerEntityManagerFactoryBean）（Closing JPA EntityManagerFactory for persistence unit 'default'）
（INFO）（2024/12/07 21:31:30.307）（IP:）（管理者ID:）（com.zaxxer.hikari.HikariDataSource）（HikariPool-8 - Shutdown initiated...）
（INFO）（2024/12/07 21:31:30.315）（IP:）（管理者ID:）（com.zaxxer.hikari.HikariDataSource）（HikariPool-8 - Shutdown completed.）
（INFO）（2024/12/07 21:31:30.395）（IP:）（管理者ID:）（com.digitalojt.web.DroneInventorySystemApplication）（Starting DroneInventorySystemApplication using Java 17.0.12 with PID 26792 (C:\Documents\digital-ojt-development-cause-DroneInventorySystem\DroneInventorySystem\target\classes started by z2240246 in C:\Documents\digital-ojt-development-cause-DroneInventorySystem\DroneInventorySystem)）
（INFO）（2024/12/07 21:31:30.395）（IP:）（管理者ID:）（com.digitalojt.web.DroneInventorySystemApplication）（No active profile set, falling back to 1 default profile: "default"）
（INFO）（2024/12/07 21:31:30.576）（IP:）（管理者ID:）（org.springframework.data.repository.config.RepositoryConfigurationDelegate）（Bootstrapping Spring Data JPA repositories in DEFAULT mode.）
（INFO）（2024/12/07 21:31:30.600）（IP:）（管理者ID:）（org.springframework.data.repository.config.RepositoryConfigurationDelegate）（Finished Spring Data repository scanning in 24 ms. Found 4 JPA repository interfaces.）
（INFO）（2024/12/07 21:31:30.704）（IP:）（管理者ID:）（org.springframework.boot.web.embedded.tomcat.TomcatWebServer）（Tomcat initialized with port 8080 (http)）
（INFO）（2024/12/07 21:31:30.705）（IP:）（管理者ID:）（org.apache.catalina.core.StandardService）（Starting service [Tomcat]）
（INFO）（2024/12/07 21:31:30.705）（IP:）（管理者ID:）（org.apache.catalina.core.StandardEngine）（Starting Servlet engine: [Apache Tomcat/10.1.28]）
（INFO）（2024/12/07 21:31:30.730）（IP:）（管理者ID:）（org.apache.catalina.core.ContainerBase.[Tomcat].[localhost].[/]）（Initializing Spring embedded WebApplicationContext）
（INFO）（2024/12/07 21:31:30.730）（IP:）（管理者ID:）（org.springframework.boot.web.servlet.context.ServletWebServerApplicationContext）（Root WebApplicationContext: initialization completed in 333 ms）
（INFO）（2024/12/07 21:31:30.742）（IP:）（管理者ID:）（com.zaxxer.hikari.HikariDataSource）（HikariPool-9 - Starting...）
（INFO）（2024/12/07 21:31:30.754）（IP:）（管理者ID:）（com.zaxxer.hikari.pool.HikariPool）（HikariPool-9 - Added connection com.mysql.cj.jdbc.ConnectionImpl@545b6ca7）
（INFO）（2024/12/07 21:31:30.754）（IP:）（管理者ID:）（com.zaxxer.hikari.HikariDataSource）（HikariPool-9 - Start completed.）
（INFO）（2024/12/07 21:31:30.755）（IP:）（管理者ID:）（org.springframework.boot.autoconfigure.h2.H2ConsoleAutoConfiguration）（H2 console available at '/h2-console'. Database available at 'jdbc:mysql://localhost:3306/stock_mng'）
（INFO）（2024/12/07 21:31:30.788）（IP:）（管理者ID:）（org.springframework.orm.jpa.persistenceunit.SpringPersistenceUnitInfo）（No LoadTimeWeaver setup: ignoring JPA class transformer）
（INFO）（2024/12/07 21:31:30.883）（IP:）（管理者ID:）（org.springframework.orm.jpa.LocalContainerEntityManagerFactoryBean）（Initialized JPA EntityManagerFactory for persistence unit 'default'）
（WARN）（2024/12/07 21:31:30.977）（IP:）（管理者ID:）（org.springframework.boot.autoconfigure.orm.jpa.JpaBaseConfiguration$JpaWebConfiguration）（spring.jpa.open-in-view is enabled by default. Therefore, database queries may be performed during view rendering. Explicitly configure spring.jpa.open-in-view to disable this warning）
（INFO）（2024/12/07 21:31:31.038）（IP:）（管理者ID:）（org.springframework.security.web.DefaultSecurityFilterChain）（Will secure any request with [org.springframework.security.web.session.DisableEncodeUrlFilter@5c5d5e5a, org.springframework.security.web.context.request.async.WebAsyncManagerIntegrationFilter@35dcd498, org.springframework.security.web.context.SecurityContextHolderFilter@44e6a1df, org.springframework.security.web.header.HeaderWriterFilter@2f011b3b, org.springframework.security.web.csrf.CsrfFilter@ef7c831, org.springframework.security.web.authentication.logout.LogoutFilter@10ceadd4, org.springframework.security.web.authentication.UsernamePasswordAuthenticationFilter@3998e4b0, org.springframework.security.web.savedrequest.RequestCacheAwareFilter@74605f32, org.springframework.security.web.servletapi.SecurityContextHolderAwareRequestFilter@46a80355, org.springframework.security.web.authentication.AnonymousAuthenticationFilter@7ae68b95, org.springframework.security.web.access.ExceptionTranslationFilter@7778b043, org.springframework.security.web.access.intercept.AuthorizationFilter@6095ec0a]）
（INFO）（2024/12/07 21:31:31.078）（IP:）（管理者ID:）（org.springframework.boot.devtools.autoconfigure.OptionalLiveReloadServer）（LiveReload server is running on port 35729）
（INFO）（2024/12/07 21:31:31.089）（IP:）（管理者ID:）（org.springframework.boot.web.embedded.tomcat.TomcatWebServer）（Tomcat started on port 8080 (http) with context path ''）
（INFO）（2024/12/07 21:31:31.092）（IP:）（管理者ID:）（com.digitalojt.web.DroneInventorySystemApplication）（Started DroneInventorySystemApplication in 0.721 seconds (process running for 84041.434)）
（INFO）（2024/12/07 21:31:31.093）（IP:）（管理者ID:）（org.springframework.boot.devtools.autoconfigure.ConditionEvaluationDeltaLoggingListener）（Condition evaluation unchanged）
（INFO）（2024/12/07 21:31:35.360）（IP:）（管理者ID:）（org.apache.catalina.core.ContainerBase.[Tomcat].[localhost].[/]）（Initializing Spring DispatcherServlet 'dispatcherServlet'）
（INFO）（2024/12/07 21:31:35.360）（IP:）（管理者ID:）（org.springframework.web.servlet.DispatcherServlet）（Initializing Servlet 'dispatcherServlet'）
（INFO）（2024/12/07 21:31:35.363）（IP:）（管理者ID:）（org.springframework.web.servlet.DispatcherServlet）（Completed initialization in 3 ms）
（INFO）（2024/12/07 21:31:38.236）（IP:0:0:0:0:0:0:0:1）（管理者ID:dotlife）（在庫センター情報画面）（GET-アクセスログ-成功：）
（INFO）（2024/12/07 21:33:18.713）（IP:）（管理者ID:）（org.springframework.boot.devtools.autoconfigure.LocalDevToolsAutoConfiguration$RestartingClassPathChangeChangedEventListener）（Restarting due to 1 class path change (0 additions, 0 deletions, 1 modification)）
（INFO）（2024/12/07 21:33:18.865）（IP:）（管理者ID:）（org.springframework.orm.jpa.LocalContainerEntityManagerFactoryBean）（Closing JPA EntityManagerFactory for persistence unit 'default'）
（INFO）（2024/12/07 21:33:18.866）（IP:）（管理者ID:）（com.zaxxer.hikari.HikariDataSource）（HikariPool-9 - Shutdown initiated...）
（INFO）（2024/12/07 21:33:18.874）（IP:）（管理者ID:）（com.zaxxer.hikari.HikariDataSource）（HikariPool-9 - Shutdown completed.）
（INFO）（2024/12/07 21:33:18.964）（IP:）（管理者ID:）（com.digitalojt.web.DroneInventorySystemApplication）（Starting DroneInventorySystemApplication using Java 17.0.12 with PID 26792 (C:\Documents\digital-ojt-development-cause-DroneInventorySystem\DroneInventorySystem\target\classes started by z2240246 in C:\Documents\digital-ojt-development-cause-DroneInventorySystem\DroneInventorySystem)）
（INFO）（2024/12/07 21:33:18.965）（IP:）（管理者ID:）（com.digitalojt.web.DroneInventorySystemApplication）（No active profile set, falling back to 1 default profile: "default"）
（INFO）（2024/12/07 21:33:19.130）（IP:）（管理者ID:）（org.springframework.data.repository.config.RepositoryConfigurationDelegate）（Bootstrapping Spring Data JPA repositories in DEFAULT mode.）
（INFO）（2024/12/07 21:33:19.150）（IP:）（管理者ID:）（org.springframework.data.repository.config.RepositoryConfigurationDelegate）（Finished Spring Data repository scanning in 18 ms. Found 4 JPA repository interfaces.）
（INFO）（2024/12/07 21:33:19.237）（IP:）（管理者ID:）（org.springframework.boot.web.embedded.tomcat.TomcatWebServer）（Tomcat initialized with port 8080 (http)）
（INFO）（2024/12/07 21:33:19.238）（IP:）（管理者ID:）（org.apache.catalina.core.StandardService）（Starting service [Tomcat]）
（INFO）（2024/12/07 21:33:19.238）（IP:）（管理者ID:）（org.apache.catalina.core.StandardEngine）（Starting Servlet engine: [Apache Tomcat/10.1.28]）
（INFO）（2024/12/07 21:33:19.262）（IP:）（管理者ID:）（org.apache.catalina.core.ContainerBase.[Tomcat].[localhost].[/]）（Initializing Spring embedded WebApplicationContext）
（INFO）（2024/12/07 21:33:19.262）（IP:）（管理者ID:）（org.springframework.boot.web.servlet.context.ServletWebServerApplicationContext）（Root WebApplicationContext: initialization completed in 296 ms）
（INFO）（2024/12/07 21:33:19.271）（IP:）（管理者ID:）（com.zaxxer.hikari.HikariDataSource）（HikariPool-10 - Starting...）
（INFO）（2024/12/07 21:33:19.284）（IP:）（管理者ID:）（com.zaxxer.hikari.pool.HikariPool）（HikariPool-10 - Added connection com.mysql.cj.jdbc.ConnectionImpl@42ef3513）
（INFO）（2024/12/07 21:33:19.284）（IP:）（管理者ID:）（com.zaxxer.hikari.HikariDataSource）（HikariPool-10 - Start completed.）
（INFO）（2024/12/07 21:33:19.285）（IP:）（管理者ID:）（org.springframework.boot.autoconfigure.h2.H2ConsoleAutoConfiguration）（H2 console available at '/h2-console'. Database available at 'jdbc:mysql://localhost:3306/stock_mng'）
（INFO）（2024/12/07 21:33:19.318）（IP:）（管理者ID:）（org.springframework.orm.jpa.persistenceunit.SpringPersistenceUnitInfo）（No LoadTimeWeaver setup: ignoring JPA class transformer）
（INFO）（2024/12/07 21:33:19.389）（IP:）（管理者ID:）（org.springframework.orm.jpa.LocalContainerEntityManagerFactoryBean）（Initialized JPA EntityManagerFactory for persistence unit 'default'）
（WARN）（2024/12/07 21:33:19.513）（IP:）（管理者ID:）（org.springframework.boot.autoconfigure.orm.jpa.JpaBaseConfiguration$JpaWebConfiguration）（spring.jpa.open-in-view is enabled by default. Therefore, database queries may be performed during view rendering. Explicitly configure spring.jpa.open-in-view to disable this warning）
（INFO）（2024/12/07 21:33:19.575）（IP:）（管理者ID:）（org.springframework.security.web.DefaultSecurityFilterChain）（Will secure any request with [org.springframework.security.web.session.DisableEncodeUrlFilter@5562bfb, org.springframework.security.web.context.request.async.WebAsyncManagerIntegrationFilter@677f82c5, org.springframework.security.web.context.SecurityContextHolderFilter@4b7b713, org.springframework.security.web.header.HeaderWriterFilter@53b2a7c4, org.springframework.security.web.csrf.CsrfFilter@7e555a16, org.springframework.security.web.authentication.logout.LogoutFilter@eff02de, org.springframework.security.web.authentication.UsernamePasswordAuthenticationFilter@8d4c3ef, org.springframework.security.web.savedrequest.RequestCacheAwareFilter@50e6c879, org.springframework.security.web.servletapi.SecurityContextHolderAwareRequestFilter@71032178, org.springframework.security.web.authentication.AnonymousAuthenticationFilter@47ac6ab7, org.springframework.security.web.access.ExceptionTranslationFilter@6af977ba, org.springframework.security.web.access.intercept.AuthorizationFilter@7e4bc70a]）
（INFO）（2024/12/07 21:33:19.617）（IP:）（管理者ID:）（org.springframework.boot.devtools.autoconfigure.OptionalLiveReloadServer）（LiveReload server is running on port 35729）
（INFO）（2024/12/07 21:33:19.629）（IP:）（管理者ID:）（org.springframework.boot.web.embedded.tomcat.TomcatWebServer）（Tomcat started on port 8080 (http) with context path ''）
（INFO）（2024/12/07 21:33:19.632）（IP:）（管理者ID:）（com.digitalojt.web.DroneInventorySystemApplication）（Started DroneInventorySystemApplication in 0.692 seconds (process running for 84149.974)）
（INFO）（2024/12/07 21:33:19.633）（IP:）（管理者ID:）（org.springframework.boot.devtools.autoconfigure.ConditionEvaluationDeltaLoggingListener）（Condition evaluation unchanged）
（INFO）（2024/12/07 21:36:14.167）（IP:）（管理者ID:）（org.springframework.boot.devtools.autoconfigure.LocalDevToolsAutoConfiguration$RestartingClassPathChangeChangedEventListener）（Restarting due to 1 class path change (0 additions, 0 deletions, 1 modification)）
（INFO）（2024/12/07 21:36:14.355）（IP:）（管理者ID:）（org.springframework.orm.jpa.LocalContainerEntityManagerFactoryBean）（Closing JPA EntityManagerFactory for persistence unit 'default'）
（INFO）（2024/12/07 21:36:14.356）（IP:）（管理者ID:）（com.zaxxer.hikari.HikariDataSource）（HikariPool-10 - Shutdown initiated...）
（INFO）（2024/12/07 21:36:14.362）（IP:）（管理者ID:）（com.zaxxer.hikari.HikariDataSource）（HikariPool-10 - Shutdown completed.）
（INFO）（2024/12/07 21:36:14.459）（IP:）（管理者ID:）（com.digitalojt.web.DroneInventorySystemApplication）（Starting DroneInventorySystemApplication using Java 17.0.12 with PID 26792 (C:\Documents\digital-ojt-development-cause-DroneInventorySystem\DroneInventorySystem\target\classes started by z2240246 in C:\Documents\digital-ojt-development-cause-DroneInventorySystem\DroneInventorySystem)）
（INFO）（2024/12/07 21:36:14.459）（IP:）（管理者ID:）（com.digitalojt.web.DroneInventorySystemApplication）（No active profile set, falling back to 1 default profile: "default"）
（INFO）（2024/12/07 21:36:14.666）（IP:）（管理者ID:）（org.springframework.data.repository.config.RepositoryConfigurationDelegate）（Bootstrapping Spring Data JPA repositories in DEFAULT mode.）
（INFO）（2024/12/07 21:36:14.685）（IP:）（管理者ID:）（org.springframework.data.repository.config.RepositoryConfigurationDelegate）（Finished Spring Data repository scanning in 19 ms. Found 4 JPA repository interfaces.）
（INFO）（2024/12/07 21:36:14.769）（IP:）（管理者ID:）（org.springframework.boot.web.embedded.tomcat.TomcatWebServer）（Tomcat initialized with port 8080 (http)）
（INFO）（2024/12/07 21:36:14.769）（IP:）（管理者ID:）（org.apache.catalina.core.StandardService）（Starting service [Tomcat]）
（INFO）（2024/12/07 21:36:14.769）（IP:）（管理者ID:）（org.apache.catalina.core.StandardEngine）（Starting Servlet engine: [Apache Tomcat/10.1.28]）
（INFO）（2024/12/07 21:36:14.796）（IP:）（管理者ID:）（org.apache.catalina.core.ContainerBase.[Tomcat].[localhost].[/]）（Initializing Spring embedded WebApplicationContext）
（INFO）（2024/12/07 21:36:14.796）（IP:）（管理者ID:）（org.springframework.boot.web.servlet.context.ServletWebServerApplicationContext）（Root WebApplicationContext: initialization completed in 336 ms）
（INFO）（2024/12/07 21:36:14.809）（IP:）（管理者ID:）（com.zaxxer.hikari.HikariDataSource）（HikariPool-11 - Starting...）
（INFO）（2024/12/07 21:36:14.822）（IP:）（管理者ID:）（com.zaxxer.hikari.pool.HikariPool）（HikariPool-11 - Added connection com.mysql.cj.jdbc.ConnectionImpl@4bb4287f）
（INFO）（2024/12/07 21:36:14.822）（IP:）（管理者ID:）（com.zaxxer.hikari.HikariDataSource）（HikariPool-11 - Start completed.）
（INFO）（2024/12/07 21:36:14.822）（IP:）（管理者ID:）（org.springframework.boot.autoconfigure.h2.H2ConsoleAutoConfiguration）（H2 console available at '/h2-console'. Database available at 'jdbc:mysql://localhost:3306/stock_mng'）
（INFO）（2024/12/07 21:36:14.855）（IP:）（管理者ID:）（org.springframework.orm.jpa.persistenceunit.SpringPersistenceUnitInfo）（No LoadTimeWeaver setup: ignoring JPA class transformer）
（INFO）（2024/12/07 21:36:14.925）（IP:）（管理者ID:）（org.springframework.orm.jpa.LocalContainerEntityManagerFactoryBean）（Initialized JPA EntityManagerFactory for persistence unit 'default'）
（WARN）（2024/12/07 21:36:15.054）（IP:）（管理者ID:）（org.springframework.boot.autoconfigure.orm.jpa.JpaBaseConfiguration$JpaWebConfiguration）（spring.jpa.open-in-view is enabled by default. Therefore, database queries may be performed during view rendering. Explicitly configure spring.jpa.open-in-view to disable this warning）
（INFO）（2024/12/07 21:36:15.109）（IP:）（管理者ID:）（org.springframework.security.web.DefaultSecurityFilterChain）（Will secure any request with [org.springframework.security.web.session.DisableEncodeUrlFilter@3b6c260b, org.springframework.security.web.context.request.async.WebAsyncManagerIntegrationFilter@55574fb1, org.springframework.security.web.context.SecurityContextHolderFilter@17796d34, org.springframework.security.web.header.HeaderWriterFilter@cd92e20, org.springframework.security.web.csrf.CsrfFilter@65788f9b, org.springframework.security.web.authentication.logout.LogoutFilter@4b4b8b58, org.springframework.security.web.authentication.UsernamePasswordAuthenticationFilter@22807dd3, org.springframework.security.web.savedrequest.RequestCacheAwareFilter@36dc2c17, org.springframework.security.web.servletapi.SecurityContextHolderAwareRequestFilter@52ead812, org.springframework.security.web.authentication.AnonymousAuthenticationFilter@51dee9da, org.springframework.security.web.access.ExceptionTranslationFilter@6ed1507e, org.springframework.security.web.access.intercept.AuthorizationFilter@35863170]）
（INFO）（2024/12/07 21:36:15.165）（IP:）（管理者ID:）（org.springframework.boot.devtools.autoconfigure.OptionalLiveReloadServer）（LiveReload server is running on port 35729）
（INFO）（2024/12/07 21:36:15.177）（IP:）（管理者ID:）（org.springframework.boot.web.embedded.tomcat.TomcatWebServer）（Tomcat started on port 8080 (http) with context path ''）
（INFO）（2024/12/07 21:36:15.183）（IP:）（管理者ID:）（com.digitalojt.web.DroneInventorySystemApplication）（Started DroneInventorySystemApplication in 0.748 seconds (process running for 84325.524)）
（INFO）（2024/12/07 21:36:15.184）（IP:）（管理者ID:）（org.springframework.boot.devtools.autoconfigure.ConditionEvaluationDeltaLoggingListener）（Condition evaluation unchanged）
（INFO）（2024/12/07 21:36:33.523）（IP:）（管理者ID:）（org.springframework.boot.devtools.autoconfigure.LocalDevToolsAutoConfiguration$RestartingClassPathChangeChangedEventListener）（Restarting due to 1 class path change (0 additions, 0 deletions, 1 modification)）
（INFO）（2024/12/07 21:36:33.677）（IP:）（管理者ID:）（org.springframework.orm.jpa.LocalContainerEntityManagerFactoryBean）（Closing JPA EntityManagerFactory for persistence unit 'default'）
（INFO）（2024/12/07 21:36:33.677）（IP:）（管理者ID:）（com.zaxxer.hikari.HikariDataSource）（HikariPool-11 - Shutdown initiated...）
（INFO）（2024/12/07 21:36:33.686）（IP:）（管理者ID:）（com.zaxxer.hikari.HikariDataSource）（HikariPool-11 - Shutdown completed.）
（INFO）（2024/12/07 21:36:33.779）（IP:）（管理者ID:）（com.digitalojt.web.DroneInventorySystemApplication）（Starting DroneInventorySystemApplication using Java 17.0.12 with PID 26792 (C:\Documents\digital-ojt-development-cause-DroneInventorySystem\DroneInventorySystem\target\classes started by z2240246 in C:\Documents\digital-ojt-development-cause-DroneInventorySystem\DroneInventorySystem)）
（INFO）（2024/12/07 21:36:33.779）（IP:）（管理者ID:）（com.digitalojt.web.DroneInventorySystemApplication）（No active profile set, falling back to 1 default profile: "default"）
（INFO）（2024/12/07 21:36:33.968）（IP:）（管理者ID:）（org.springframework.data.repository.config.RepositoryConfigurationDelegate）（Bootstrapping Spring Data JPA repositories in DEFAULT mode.）
（INFO）（2024/12/07 21:36:33.986）（IP:）（管理者ID:）（org.springframework.data.repository.config.RepositoryConfigurationDelegate）（Finished Spring Data repository scanning in 17 ms. Found 4 JPA repository interfaces.）
（INFO）（2024/12/07 21:36:34.067）（IP:）（管理者ID:）（org.springframework.boot.web.embedded.tomcat.TomcatWebServer）（Tomcat initialized with port 8080 (http)）
（INFO）（2024/12/07 21:36:34.068）（IP:）（管理者ID:）（org.apache.catalina.core.StandardService）（Starting service [Tomcat]）
（INFO）（2024/12/07 21:36:34.068）（IP:）（管理者ID:）（org.apache.catalina.core.StandardEngine）（Starting Servlet engine: [Apache Tomcat/10.1.28]）
（INFO）（2024/12/07 21:36:34.092）（IP:）（管理者ID:）（org.apache.catalina.core.ContainerBase.[Tomcat].[localhost].[/]）（Initializing Spring embedded WebApplicationContext）
（INFO）（2024/12/07 21:36:34.092）（IP:）（管理者ID:）（org.springframework.boot.web.servlet.context.ServletWebServerApplicationContext）（Root WebApplicationContext: initialization completed in 312 ms）
（INFO）（2024/12/07 21:36:34.101）（IP:）（管理者ID:）（com.zaxxer.hikari.HikariDataSource）（HikariPool-12 - Starting...）
（INFO）（2024/12/07 21:36:34.113）（IP:）（管理者ID:）（com.zaxxer.hikari.pool.HikariPool）（HikariPool-12 - Added connection com.mysql.cj.jdbc.ConnectionImpl@349405e7）
（INFO）（2024/12/07 21:36:34.113）（IP:）（管理者ID:）（com.zaxxer.hikari.HikariDataSource）（HikariPool-12 - Start completed.）
（INFO）（2024/12/07 21:36:34.113）（IP:）（管理者ID:）（org.springframework.boot.autoconfigure.h2.H2ConsoleAutoConfiguration）（H2 console available at '/h2-console'. Database available at 'jdbc:mysql://localhost:3306/stock_mng'）
（INFO）（2024/12/07 21:36:34.146）（IP:）（管理者ID:）（org.springframework.orm.jpa.persistenceunit.SpringPersistenceUnitInfo）（No LoadTimeWeaver setup: ignoring JPA class transformer）
（INFO）（2024/12/07 21:36:34.209）（IP:）（管理者ID:）（org.springframework.orm.jpa.LocalContainerEntityManagerFactoryBean）（Initialized JPA EntityManagerFactory for persistence unit 'default'）
（WARN）（2024/12/07 21:36:34.331）（IP:）（管理者ID:）（org.springframework.boot.autoconfigure.orm.jpa.JpaBaseConfiguration$JpaWebConfiguration）（spring.jpa.open-in-view is enabled by default. Therefore, database queries may be performed during view rendering. Explicitly configure spring.jpa.open-in-view to disable this warning）
（INFO）（2024/12/07 21:36:34.382）（IP:）（管理者ID:）（org.springframework.security.web.DefaultSecurityFilterChain）（Will secure any request with [org.springframework.security.web.session.DisableEncodeUrlFilter@78ee6686, org.springframework.security.web.context.request.async.WebAsyncManagerIntegrationFilter@7e43b941, org.springframework.security.web.context.SecurityContextHolderFilter@1a0197a9, org.springframework.security.web.header.HeaderWriterFilter@12282cc5, org.springframework.security.web.csrf.CsrfFilter@5a436bbd, org.springframework.security.web.authentication.logout.LogoutFilter@1e8d4116, org.springframework.security.web.authentication.UsernamePasswordAuthenticationFilter@c9f03f2, org.springframework.security.web.savedrequest.RequestCacheAwareFilter@5bde09d7, org.springframework.security.web.servletapi.SecurityContextHolderAwareRequestFilter@5bba72d2, org.springframework.security.web.authentication.AnonymousAuthenticationFilter@56206ead, org.springframework.security.web.access.ExceptionTranslationFilter@1a4354fa, org.springframework.security.web.access.intercept.AuthorizationFilter@3d92ab37]）
（INFO）（2024/12/07 21:36:34.421）（IP:）（管理者ID:）（org.springframework.boot.devtools.autoconfigure.OptionalLiveReloadServer）（LiveReload server is running on port 35729）
（INFO）（2024/12/07 21:36:34.433）（IP:）（管理者ID:）（org.springframework.boot.web.embedded.tomcat.TomcatWebServer）（Tomcat started on port 8080 (http) with context path ''）
（INFO）（2024/12/07 21:36:34.438）（IP:）（管理者ID:）（com.digitalojt.web.DroneInventorySystemApplication）（Started DroneInventorySystemApplication in 0.687 seconds (process running for 84344.779)）
（INFO）（2024/12/07 21:36:34.439）（IP:）（管理者ID:）（org.springframework.boot.devtools.autoconfigure.ConditionEvaluationDeltaLoggingListener）（Condition evaluation unchanged）
（INFO）（2024/12/07 21:38:30.828）（IP:）（管理者ID:）（org.springframework.boot.devtools.autoconfigure.LocalDevToolsAutoConfiguration$RestartingClassPathChangeChangedEventListener）（Restarting due to 1 class path change (0 additions, 0 deletions, 1 modification)）
（INFO）（2024/12/07 21:38:31.008）（IP:）（管理者ID:）（org.springframework.orm.jpa.LocalContainerEntityManagerFactoryBean）（Closing JPA EntityManagerFactory for persistence unit 'default'）
（INFO）（2024/12/07 21:38:31.009）（IP:）（管理者ID:）（com.zaxxer.hikari.HikariDataSource）（HikariPool-12 - Shutdown initiated...）
（INFO）（2024/12/07 21:38:31.017）（IP:）（管理者ID:）（com.zaxxer.hikari.HikariDataSource）（HikariPool-12 - Shutdown completed.）
（INFO）（2024/12/07 21:38:31.112）（IP:）（管理者ID:）（com.digitalojt.web.DroneInventorySystemApplication）（Starting DroneInventorySystemApplication using Java 17.0.12 with PID 26792 (C:\Documents\digital-ojt-development-cause-DroneInventorySystem\DroneInventorySystem\target\classes started by z2240246 in C:\Documents\digital-ojt-development-cause-DroneInventorySystem\DroneInventorySystem)）
（INFO）（2024/12/07 21:38:31.112）（IP:）（管理者ID:）（com.digitalojt.web.DroneInventorySystemApplication）（No active profile set, falling back to 1 default profile: "default"）
（INFO）（2024/12/07 21:38:31.313）（IP:）（管理者ID:）（org.springframework.data.repository.config.RepositoryConfigurationDelegate）（Bootstrapping Spring Data JPA repositories in DEFAULT mode.）
（INFO）（2024/12/07 21:38:31.344）（IP:）（管理者ID:）（org.springframework.data.repository.config.RepositoryConfigurationDelegate）（Finished Spring Data repository scanning in 31 ms. Found 4 JPA repository interfaces.）
（INFO）（2024/12/07 21:38:31.441）（IP:）（管理者ID:）（org.springframework.boot.web.embedded.tomcat.TomcatWebServer）（Tomcat initialized with port 8080 (http)）
（INFO）（2024/12/07 21:38:31.441）（IP:）（管理者ID:）（org.apache.catalina.core.StandardService）（Starting service [Tomcat]）
（INFO）（2024/12/07 21:38:31.441）（IP:）（管理者ID:）（org.apache.catalina.core.StandardEngine）（Starting Servlet engine: [Apache Tomcat/10.1.28]）
（INFO）（2024/12/07 21:38:31.470）（IP:）（管理者ID:）（org.apache.catalina.core.ContainerBase.[Tomcat].[localhost].[/]）（Initializing Spring embedded WebApplicationContext）
（INFO）（2024/12/07 21:38:31.470）（IP:）（管理者ID:）（org.springframework.boot.web.servlet.context.ServletWebServerApplicationContext）（Root WebApplicationContext: initialization completed in 355 ms）
（INFO）（2024/12/07 21:38:31.478）（IP:）（管理者ID:）（com.zaxxer.hikari.HikariDataSource）（HikariPool-13 - Starting...）
（INFO）（2024/12/07 21:38:31.490）（IP:）（管理者ID:）（com.zaxxer.hikari.pool.HikariPool）（HikariPool-13 - Added connection com.mysql.cj.jdbc.ConnectionImpl@1ea4b418）
（INFO）（2024/12/07 21:38:31.490）（IP:）（管理者ID:）（com.zaxxer.hikari.HikariDataSource）（HikariPool-13 - Start completed.）
（INFO）（2024/12/07 21:38:31.490）（IP:）（管理者ID:）（org.springframework.boot.autoconfigure.h2.H2ConsoleAutoConfiguration）（H2 console available at '/h2-console'. Database available at 'jdbc:mysql://localhost:3306/stock_mng'）
（INFO）（2024/12/07 21:38:31.525）（IP:）（管理者ID:）（org.springframework.orm.jpa.persistenceunit.SpringPersistenceUnitInfo）（No LoadTimeWeaver setup: ignoring JPA class transformer）
（INFO）（2024/12/07 21:38:31.611）（IP:）（管理者ID:）（org.springframework.orm.jpa.LocalContainerEntityManagerFactoryBean）（Initialized JPA EntityManagerFactory for persistence unit 'default'）
（WARN）（2024/12/07 21:38:31.757）（IP:）（管理者ID:）（org.springframework.boot.autoconfigure.orm.jpa.JpaBaseConfiguration$JpaWebConfiguration）（spring.jpa.open-in-view is enabled by default. Therefore, database queries may be performed during view rendering. Explicitly configure spring.jpa.open-in-view to disable this warning）
（INFO）（2024/12/07 21:38:31.823）（IP:）（管理者ID:）（org.springframework.security.web.DefaultSecurityFilterChain）（Will secure any request with [org.springframework.security.web.session.DisableEncodeUrlFilter@1df577e6, org.springframework.security.web.context.request.async.WebAsyncManagerIntegrationFilter@53763c11, org.springframework.security.web.context.SecurityContextHolderFilter@3b2f9f02, org.springframework.security.web.header.HeaderWriterFilter@4e49cd78, org.springframework.security.web.csrf.CsrfFilter@1c23bdc9, org.springframework.security.web.authentication.logout.LogoutFilter@3c24dcc4, org.springframework.security.web.authentication.UsernamePasswordAuthenticationFilter@10094ede, org.springframework.security.web.savedrequest.RequestCacheAwareFilter@3ae3b05b, org.springframework.security.web.servletapi.SecurityContextHolderAwareRequestFilter@7b96bb28, org.springframework.security.web.authentication.AnonymousAuthenticationFilter@52abeb52, org.springframework.security.web.access.ExceptionTranslationFilter@45309087, org.springframework.security.web.access.intercept.AuthorizationFilter@ad171bc]）
（INFO）（2024/12/07 21:38:31.882）（IP:）（管理者ID:）（org.springframework.boot.devtools.autoconfigure.OptionalLiveReloadServer）（LiveReload server is running on port 35729）
（INFO）（2024/12/07 21:38:31.897）（IP:）（管理者ID:）（org.springframework.boot.web.embedded.tomcat.TomcatWebServer）（Tomcat started on port 8080 (http) with context path ''）
（INFO）（2024/12/07 21:38:31.901）（IP:）（管理者ID:）（com.digitalojt.web.DroneInventorySystemApplication）（Started DroneInventorySystemApplication in 0.817 seconds (process running for 84462.243)）
（INFO）（2024/12/07 21:38:31.902）（IP:）（管理者ID:）（org.springframework.boot.devtools.autoconfigure.ConditionEvaluationDeltaLoggingListener）（Condition evaluation unchanged）
（INFO）（2024/12/07 21:53:29.256）（IP:）（管理者ID:）（org.springframework.boot.devtools.autoconfigure.LocalDevToolsAutoConfiguration$RestartingClassPathChangeChangedEventListener）（Restarting due to 1 class path change (0 additions, 0 deletions, 1 modification)）
（INFO）（2024/12/07 21:53:29.399）（IP:）（管理者ID:）（org.springframework.orm.jpa.LocalContainerEntityManagerFactoryBean）（Closing JPA EntityManagerFactory for persistence unit 'default'）
（INFO）（2024/12/07 21:53:29.400）（IP:）（管理者ID:）（com.zaxxer.hikari.HikariDataSource）（HikariPool-13 - Shutdown initiated...）
（INFO）（2024/12/07 21:53:29.407）（IP:）（管理者ID:）（com.zaxxer.hikari.HikariDataSource）（HikariPool-13 - Shutdown completed.）
（INFO）（2024/12/07 21:53:29.516）（IP:）（管理者ID:）（com.digitalojt.web.DroneInventorySystemApplication）（Starting DroneInventorySystemApplication using Java 17.0.12 with PID 26792 (C:\Documents\digital-ojt-development-cause-DroneInventorySystem\DroneInventorySystem\target\classes started by z2240246 in C:\Documents\digital-ojt-development-cause-DroneInventorySystem\DroneInventorySystem)）
（INFO）（2024/12/07 21:53:29.516）（IP:）（管理者ID:）（com.digitalojt.web.DroneInventorySystemApplication）（No active profile set, falling back to 1 default profile: "default"）
（INFO）（2024/12/07 21:53:29.704）（IP:）（管理者ID:）（org.springframework.data.repository.config.RepositoryConfigurationDelegate）（Bootstrapping Spring Data JPA repositories in DEFAULT mode.）
（INFO）（2024/12/07 21:53:29.726）（IP:）（管理者ID:）（org.springframework.data.repository.config.RepositoryConfigurationDelegate）（Finished Spring Data repository scanning in 21 ms. Found 4 JPA repository interfaces.）
（INFO）（2024/12/07 21:53:29.816）（IP:）（管理者ID:）（org.springframework.boot.web.embedded.tomcat.TomcatWebServer）（Tomcat initialized with port 8080 (http)）
（INFO）（2024/12/07 21:53:29.817）（IP:）（管理者ID:）（org.apache.catalina.core.StandardService）（Starting service [Tomcat]）
（INFO）（2024/12/07 21:53:29.818）（IP:）（管理者ID:）（org.apache.catalina.core.StandardEngine）（Starting Servlet engine: [Apache Tomcat/10.1.28]）
（INFO）（2024/12/07 21:53:29.845）（IP:）（管理者ID:）（org.apache.catalina.core.ContainerBase.[Tomcat].[localhost].[/]）（Initializing Spring embedded WebApplicationContext）
（INFO）（2024/12/07 21:53:29.845）（IP:）（管理者ID:）（org.springframework.boot.web.servlet.context.ServletWebServerApplicationContext）（Root WebApplicationContext: initialization completed in 327 ms）
（INFO）（2024/12/07 21:53:29.857）（IP:）（管理者ID:）（com.zaxxer.hikari.HikariDataSource）（HikariPool-14 - Starting...）
（INFO）（2024/12/07 21:53:29.871）（IP:）（管理者ID:）（com.zaxxer.hikari.pool.HikariPool）（HikariPool-14 - Added connection com.mysql.cj.jdbc.ConnectionImpl@72125a3b）
（INFO）（2024/12/07 21:53:29.871）（IP:）（管理者ID:）（com.zaxxer.hikari.HikariDataSource）（HikariPool-14 - Start completed.）
（INFO）（2024/12/07 21:53:29.871）（IP:）（管理者ID:）（org.springframework.boot.autoconfigure.h2.H2ConsoleAutoConfiguration）（H2 console available at '/h2-console'. Database available at 'jdbc:mysql://localhost:3306/stock_mng'）
（INFO）（2024/12/07 21:53:29.907）（IP:）（管理者ID:）（org.springframework.orm.jpa.persistenceunit.SpringPersistenceUnitInfo）（No LoadTimeWeaver setup: ignoring JPA class transformer）
（INFO）（2024/12/07 21:53:30.024）（IP:）（管理者ID:）（org.springframework.orm.jpa.LocalContainerEntityManagerFactoryBean）（Initialized JPA EntityManagerFactory for persistence unit 'default'）
（WARN）（2024/12/07 21:53:30.100）（IP:）（管理者ID:）（org.springframework.boot.autoconfigure.orm.jpa.JpaBaseConfiguration$JpaWebConfiguration）（spring.jpa.open-in-view is enabled by default. Therefore, database queries may be performed during view rendering. Explicitly configure spring.jpa.open-in-view to disable this warning）
（INFO）（2024/12/07 21:53:30.161）（IP:）（管理者ID:）（org.springframework.security.web.DefaultSecurityFilterChain）（Will secure any request with [org.springframework.security.web.session.DisableEncodeUrlFilter@7e115979, org.springframework.security.web.context.request.async.WebAsyncManagerIntegrationFilter@63589d52, org.springframework.security.web.context.SecurityContextHolderFilter@255c8017, org.springframework.security.web.header.HeaderWriterFilter@1de1bd3b, org.springframework.security.web.csrf.CsrfFilter@5b7b7c79, org.springframework.security.web.authentication.logout.LogoutFilter@33ec543d, org.springframework.security.web.authentication.UsernamePasswordAuthenticationFilter@5998fd8e, org.springframework.security.web.savedrequest.RequestCacheAwareFilter@2544a871, org.springframework.security.web.servletapi.SecurityContextHolderAwareRequestFilter@62ee7e73, org.springframework.security.web.authentication.AnonymousAuthenticationFilter@4b1c9843, org.springframework.security.web.access.ExceptionTranslationFilter@4fd10785, org.springframework.security.web.access.intercept.AuthorizationFilter@8040d0f]）
（INFO）（2024/12/07 21:53:30.218）（IP:）（管理者ID:）（org.springframework.boot.devtools.autoconfigure.OptionalLiveReloadServer）（LiveReload server is running on port 35729）
（INFO）（2024/12/07 21:53:30.234）（IP:）（管理者ID:）（org.springframework.boot.web.embedded.tomcat.TomcatWebServer）（Tomcat started on port 8080 (http) with context path ''）
（INFO）（2024/12/07 21:53:30.239）（IP:）（管理者ID:）（com.digitalojt.web.DroneInventorySystemApplication）（Started DroneInventorySystemApplication in 0.753 seconds (process running for 85360.58)）
（INFO）（2024/12/07 21:53:30.240）（IP:）（管理者ID:）（org.springframework.boot.devtools.autoconfigure.ConditionEvaluationDeltaLoggingListener）（Condition evaluation unchanged）
（INFO）（2024/12/07 22:04:37.631）（IP:）（管理者ID:）（org.springframework.boot.devtools.autoconfigure.LocalDevToolsAutoConfiguration$RestartingClassPathChangeChangedEventListener）（Restarting due to 1 class path change (0 additions, 0 deletions, 1 modification)）
（INFO）（2024/12/07 22:04:37.803）（IP:）（管理者ID:）（org.springframework.orm.jpa.LocalContainerEntityManagerFactoryBean）（Closing JPA EntityManagerFactory for persistence unit 'default'）
（INFO）（2024/12/07 22:04:37.803）（IP:）（管理者ID:）（com.zaxxer.hikari.HikariDataSource）（HikariPool-14 - Shutdown initiated...）
（INFO）（2024/12/07 22:04:37.810）（IP:）（管理者ID:）（com.zaxxer.hikari.HikariDataSource）（HikariPool-14 - Shutdown completed.）
（INFO）（2024/12/07 22:04:37.911）（IP:）（管理者ID:）（com.digitalojt.web.DroneInventorySystemApplication）（Starting DroneInventorySystemApplication using Java 17.0.12 with PID 26792 (C:\Documents\digital-ojt-development-cause-DroneInventorySystem\DroneInventorySystem\target\classes started by z2240246 in C:\Documents\digital-ojt-development-cause-DroneInventorySystem\DroneInventorySystem)）
（INFO）（2024/12/07 22:04:37.911）（IP:）（管理者ID:）（com.digitalojt.web.DroneInventorySystemApplication）（No active profile set, falling back to 1 default profile: "default"）
（INFO）（2024/12/07 22:04:38.135）（IP:）（管理者ID:）（org.springframework.data.repository.config.RepositoryConfigurationDelegate）（Bootstrapping Spring Data JPA repositories in DEFAULT mode.）
（INFO）（2024/12/07 22:04:38.155）（IP:）（管理者ID:）（org.springframework.data.repository.config.RepositoryConfigurationDelegate）（Finished Spring Data repository scanning in 19 ms. Found 4 JPA repository interfaces.）
（INFO）（2024/12/07 22:04:38.268）（IP:）（管理者ID:）（org.springframework.boot.web.embedded.tomcat.TomcatWebServer）（Tomcat initialized with port 8080 (http)）
（INFO）（2024/12/07 22:04:38.268）（IP:）（管理者ID:）（org.apache.catalina.core.StandardService）（Starting service [Tomcat]）
（INFO）（2024/12/07 22:04:38.269）（IP:）（管理者ID:）（org.apache.catalina.core.StandardEngine）（Starting Servlet engine: [Apache Tomcat/10.1.28]）
（INFO）（2024/12/07 22:04:38.293）（IP:）（管理者ID:）（org.apache.catalina.core.ContainerBase.[Tomcat].[localhost].[/]）（Initializing Spring embedded WebApplicationContext）
（INFO）（2024/12/07 22:04:38.293）（IP:）（管理者ID:）（org.springframework.boot.web.servlet.context.ServletWebServerApplicationContext）（Root WebApplicationContext: initialization completed in 380 ms）
（INFO）（2024/12/07 22:04:38.308）（IP:）（管理者ID:）（com.zaxxer.hikari.HikariDataSource）（HikariPool-15 - Starting...）
（INFO）（2024/12/07 22:04:38.320）（IP:）（管理者ID:）（com.zaxxer.hikari.pool.HikariPool）（HikariPool-15 - Added connection com.mysql.cj.jdbc.ConnectionImpl@6acd59d1）
（INFO）（2024/12/07 22:04:38.320）（IP:）（管理者ID:）（com.zaxxer.hikari.HikariDataSource）（HikariPool-15 - Start completed.）
（INFO）（2024/12/07 22:04:38.320）（IP:）（管理者ID:）（org.springframework.boot.autoconfigure.h2.H2ConsoleAutoConfiguration）（H2 console available at '/h2-console'. Database available at 'jdbc:mysql://localhost:3306/stock_mng'）
（INFO）（2024/12/07 22:04:38.362）（IP:）（管理者ID:）（org.springframework.orm.jpa.persistenceunit.SpringPersistenceUnitInfo）（No LoadTimeWeaver setup: ignoring JPA class transformer）
（INFO）（2024/12/07 22:04:38.477）（IP:）（管理者ID:）（org.springframework.orm.jpa.LocalContainerEntityManagerFactoryBean）（Initialized JPA EntityManagerFactory for persistence unit 'default'）
（WARN）（2024/12/07 22:04:38.567）（IP:）（管理者ID:）（org.springframework.boot.autoconfigure.orm.jpa.JpaBaseConfiguration$JpaWebConfiguration）（spring.jpa.open-in-view is enabled by default. Therefore, database queries may be performed during view rendering. Explicitly configure spring.jpa.open-in-view to disable this warning）
（INFO）（2024/12/07 22:04:38.633）（IP:）（管理者ID:）（org.springframework.security.web.DefaultSecurityFilterChain）（Will secure any request with [org.springframework.security.web.session.DisableEncodeUrlFilter@9fb4adb, org.springframework.security.web.context.request.async.WebAsyncManagerIntegrationFilter@c317b60, org.springframework.security.web.context.SecurityContextHolderFilter@5c6f8407, org.springframework.security.web.header.HeaderWriterFilter@581e3493, org.springframework.security.web.csrf.CsrfFilter@267170a, org.springframework.security.web.authentication.logout.LogoutFilter@11497280, org.springframework.security.web.authentication.UsernamePasswordAuthenticationFilter@22cd5f6, org.springframework.security.web.savedrequest.RequestCacheAwareFilter@660a17c7, org.springframework.security.web.servletapi.SecurityContextHolderAwareRequestFilter@2e371d27, org.springframework.security.web.authentication.AnonymousAuthenticationFilter@f91208e, org.springframework.security.web.access.ExceptionTranslationFilter@33ef7342, org.springframework.security.web.access.intercept.AuthorizationFilter@582b6101]）
（INFO）（2024/12/07 22:04:38.686）（IP:）（管理者ID:）（org.springframework.boot.devtools.autoconfigure.OptionalLiveReloadServer）（LiveReload server is running on port 35729）
（INFO）（2024/12/07 22:04:38.700）（IP:）（管理者ID:）（org.springframework.boot.web.embedded.tomcat.TomcatWebServer）（Tomcat started on port 8080 (http) with context path ''）
（INFO）（2024/12/07 22:04:38.704）（IP:）（管理者ID:）（com.digitalojt.web.DroneInventorySystemApplication）（Started DroneInventorySystemApplication in 0.825 seconds (process running for 86029.046)）
（INFO）（2024/12/07 22:04:38.706）（IP:）（管理者ID:）（org.springframework.boot.devtools.autoconfigure.ConditionEvaluationDeltaLoggingListener）（Condition evaluation unchanged）
（INFO）（2024/12/07 22:06:27.088）（IP:）（管理者ID:）（org.springframework.boot.devtools.autoconfigure.LocalDevToolsAutoConfiguration$RestartingClassPathChangeChangedEventListener）（Restarting due to 1 class path change (0 additions, 0 deletions, 1 modification)）
（INFO）（2024/12/07 22:06:27.230）（IP:）（管理者ID:）（org.springframework.orm.jpa.LocalContainerEntityManagerFactoryBean）（Closing JPA EntityManagerFactory for persistence unit 'default'）
（INFO）（2024/12/07 22:06:27.230）（IP:）（管理者ID:）（com.zaxxer.hikari.HikariDataSource）（HikariPool-15 - Shutdown initiated...）
（INFO）（2024/12/07 22:06:27.236）（IP:）（管理者ID:）（com.zaxxer.hikari.HikariDataSource）（HikariPool-15 - Shutdown completed.）
（INFO）（2024/12/07 22:06:27.321）（IP:）（管理者ID:）（com.digitalojt.web.DroneInventorySystemApplication）（Starting DroneInventorySystemApplication using Java 17.0.12 with PID 26792 (C:\Documents\digital-ojt-development-cause-DroneInventorySystem\DroneInventorySystem\target\classes started by z2240246 in C:\Documents\digital-ojt-development-cause-DroneInventorySystem\DroneInventorySystem)）
（INFO）（2024/12/07 22:06:27.321）（IP:）（管理者ID:）（com.digitalojt.web.DroneInventorySystemApplication）（No active profile set, falling back to 1 default profile: "default"）
（INFO）（2024/12/07 22:06:27.496）（IP:）（管理者ID:）（org.springframework.data.repository.config.RepositoryConfigurationDelegate）（Bootstrapping Spring Data JPA repositories in DEFAULT mode.）
（INFO）（2024/12/07 22:06:27.517）（IP:）（管理者ID:）（org.springframework.data.repository.config.RepositoryConfigurationDelegate）（Finished Spring Data repository scanning in 20 ms. Found 4 JPA repository interfaces.）
（INFO）（2024/12/07 22:06:27.601）（IP:）（管理者ID:）（org.springframework.boot.web.embedded.tomcat.TomcatWebServer）（Tomcat initialized with port 8080 (http)）
（INFO）（2024/12/07 22:06:27.602）（IP:）（管理者ID:）（org.apache.catalina.core.StandardService）（Starting service [Tomcat]）
（INFO）（2024/12/07 22:06:27.602）（IP:）（管理者ID:）（org.apache.catalina.core.StandardEngine）（Starting Servlet engine: [Apache Tomcat/10.1.28]）
（INFO）（2024/12/07 22:06:27.623）（IP:）（管理者ID:）（org.apache.catalina.core.ContainerBase.[Tomcat].[localhost].[/]）（Initializing Spring embedded WebApplicationContext）
（INFO）（2024/12/07 22:06:27.624）（IP:）（管理者ID:）（org.springframework.boot.web.servlet.context.ServletWebServerApplicationContext）（Root WebApplicationContext: initialization completed in 300 ms）
（INFO）（2024/12/07 22:06:27.633）（IP:）（管理者ID:）（com.zaxxer.hikari.HikariDataSource）（HikariPool-16 - Starting...）
（INFO）（2024/12/07 22:06:27.644）（IP:）（管理者ID:）（com.zaxxer.hikari.pool.HikariPool）（HikariPool-16 - Added connection com.mysql.cj.jdbc.ConnectionImpl@3cbfeae0）
（INFO）（2024/12/07 22:06:27.644）（IP:）（管理者ID:）（com.zaxxer.hikari.HikariDataSource）（HikariPool-16 - Start completed.）
（INFO）（2024/12/07 22:06:27.645）（IP:）（管理者ID:）（org.springframework.boot.autoconfigure.h2.H2ConsoleAutoConfiguration）（H2 console available at '/h2-console'. Database available at 'jdbc:mysql://localhost:3306/stock_mng'）
（INFO）（2024/12/07 22:06:27.683）（IP:）（管理者ID:）（org.springframework.orm.jpa.persistenceunit.SpringPersistenceUnitInfo）（No LoadTimeWeaver setup: ignoring JPA class transformer）
（INFO）（2024/12/07 22:06:27.770）（IP:）（管理者ID:）（org.springframework.orm.jpa.LocalContainerEntityManagerFactoryBean）（Initialized JPA EntityManagerFactory for persistence unit 'default'）
（WARN）（2024/12/07 22:06:27.859）（IP:）（管理者ID:）（org.springframework.boot.autoconfigure.orm.jpa.JpaBaseConfiguration$JpaWebConfiguration）（spring.jpa.open-in-view is enabled by default. Therefore, database queries may be performed during view rendering. Explicitly configure spring.jpa.open-in-view to disable this warning）
（INFO）（2024/12/07 22:06:27.919）（IP:）（管理者ID:）（org.springframework.security.web.DefaultSecurityFilterChain）（Will secure any request with [org.springframework.security.web.session.DisableEncodeUrlFilter@42349907, org.springframework.security.web.context.request.async.WebAsyncManagerIntegrationFilter@4248e29e, org.springframework.security.web.context.SecurityContextHolderFilter@433ba0c3, org.springframework.security.web.header.HeaderWriterFilter@2e233eec, org.springframework.security.web.csrf.CsrfFilter@53c8ee5a, org.springframework.security.web.authentication.logout.LogoutFilter@3f7769ed, org.springframework.security.web.authentication.UsernamePasswordAuthenticationFilter@4a1f1cf, org.springframework.security.web.savedrequest.RequestCacheAwareFilter@57153cc0, org.springframework.security.web.servletapi.SecurityContextHolderAwareRequestFilter@683ab71b, org.springframework.security.web.authentication.AnonymousAuthenticationFilter@2c7aeebf, org.springframework.security.web.access.ExceptionTranslationFilter@75195128, org.springframework.security.web.access.intercept.AuthorizationFilter@9dd830]）
（INFO）（2024/12/07 22:06:27.973）（IP:）（管理者ID:）（org.springframework.boot.devtools.autoconfigure.OptionalLiveReloadServer）（LiveReload server is running on port 35729）
（INFO）（2024/12/07 22:06:27.989）（IP:）（管理者ID:）（org.springframework.boot.web.embedded.tomcat.TomcatWebServer）（Tomcat started on port 8080 (http) with context path ''）
（INFO）（2024/12/07 22:06:27.993）（IP:）（管理者ID:）（com.digitalojt.web.DroneInventorySystemApplication）（Started DroneInventorySystemApplication in 0.696 seconds (process running for 86138.335)）
（INFO）（2024/12/07 22:06:27.994）（IP:）（管理者ID:）（org.springframework.boot.devtools.autoconfigure.ConditionEvaluationDeltaLoggingListener）（Condition evaluation unchanged）
（INFO）（2024/12/07 22:06:36.170）（IP:）（管理者ID:）（org.apache.catalina.core.ContainerBase.[Tomcat].[localhost].[/]）（Initializing Spring DispatcherServlet 'dispatcherServlet'）
（INFO）（2024/12/07 22:06:36.170）（IP:）（管理者ID:）（org.springframework.web.servlet.DispatcherServlet）（Initializing Servlet 'dispatcherServlet'）
（INFO）（2024/12/07 22:06:36.172）（IP:）（管理者ID:）（org.springframework.web.servlet.DispatcherServlet）（Completed initialization in 2 ms）
（INFO）（2024/12/07 22:06:36.182）（IP:0:0:0:0:0:0:0:1）（管理者ID:dotlife）（在庫センター情報画面）（GET-アクセスログ-成功：）
