（INFO）（2024/12/06 10:35:18.255）（IP:）（管理者ID:）（com.digitalojt.web.DroneInventorySystemApplication）（Starting DroneInventorySystemApplication using Java 17.0.12 with PID 33800 (C:\Documents\digital-ojt-development-cause-DroneInventorySystem\DroneInventorySystem\target\classes started by z2240246 in C:\Documents\digital-ojt-development-cause-DroneInventorySystem\DroneInventorySystem)）
（INFO）（2024/12/06 10:35:18.259）（IP:）（管理者ID:）（com.digitalojt.web.DroneInventorySystemApplication）（No active profile set, falling back to 1 default profile: "default"）
（INFO）（2024/12/06 10:35:18.300）（IP:）（管理者ID:）（org.springframework.boot.devtools.env.DevToolsPropertyDefaultsPostProcessor）（Devtools property defaults active! Set 'spring.devtools.add-properties' to 'false' to disable）
（INFO）（2024/12/06 10:35:18.300）（IP:）（管理者ID:）（org.springframework.boot.devtools.env.DevToolsPropertyDefaultsPostProcessor）（For additional web related logging consider setting the 'logging.level.web' property to 'DEBUG'）
（INFO）（2024/12/06 10:35:18.964）（IP:）（管理者ID:）（org.springframework.data.repository.config.RepositoryConfigurationDelegate）（Bootstrapping Spring Data JPA repositories in DEFAULT mode.）
（INFO）（2024/12/06 10:35:19.023）（IP:）（管理者ID:）（org.springframework.data.repository.config.RepositoryConfigurationDelegate）（Finished Spring Data repository scanning in 51 ms. Found 4 JPA repository interfaces.）
（INFO）（2024/12/06 10:35:19.520）（IP:）（管理者ID:）（org.springframework.boot.web.embedded.tomcat.TomcatWebServer）（Tomcat initialized with port 8080 (http)）
（INFO）（2024/12/06 10:35:19.534）（IP:）（管理者ID:）（org.apache.catalina.core.StandardService）（Starting service [Tomcat]）
（INFO）（2024/12/06 10:35:19.534）（IP:）（管理者ID:）（org.apache.catalina.core.StandardEngine）（Starting Servlet engine: [Apache Tomcat/10.1.28]）
（INFO）（2024/12/06 10:35:19.587）（IP:）（管理者ID:）（org.apache.catalina.core.ContainerBase.[Tomcat].[localhost].[/]）（Initializing Spring embedded WebApplicationContext）
（INFO）（2024/12/06 10:35:19.588）（IP:）（管理者ID:）（org.springframework.boot.web.servlet.context.ServletWebServerApplicationContext）（Root WebApplicationContext: initialization completed in 1288 ms）
（INFO）（2024/12/06 10:35:19.613）（IP:）（管理者ID:）（com.zaxxer.hikari.HikariDataSource）（HikariPool-1 - Starting...）
（INFO）（2024/12/06 10:35:19.918）（IP:）（管理者ID:）（com.zaxxer.hikari.pool.HikariPool）（HikariPool-1 - Added connection com.mysql.cj.jdbc.ConnectionImpl@2ab0041b）
（INFO）（2024/12/06 10:35:19.921）（IP:）（管理者ID:）（com.zaxxer.hikari.HikariDataSource）（HikariPool-1 - Start completed.）
（INFO）（2024/12/06 10:35:19.929）（IP:）（管理者ID:）（org.springframework.boot.autoconfigure.h2.H2ConsoleAutoConfiguration）（H2 console available at '/h2-console'. Database available at 'jdbc:mysql://localhost:3306/stock_mng'）
（INFO）（2024/12/06 10:35:21.076）（IP:）（管理者ID:）（org.springframework.orm.jpa.persistenceunit.SpringPersistenceUnitInfo）（No LoadTimeWeaver setup: ignoring JPA class transformer）
（INFO）（2024/12/06 10:35:23.817）（IP:）（管理者ID:）（org.springframework.orm.jpa.LocalContainerEntityManagerFactoryBean）（Initialized JPA EntityManagerFactory for persistence unit 'default'）
（INFO）（2024/12/06 10:35:24.443）（IP:）（管理者ID:）（org.springframework.data.jpa.repository.query.QueryEnhancerFactory）（Hibernate is in classpath; If applicable, HQL parser will be used.）
（WARN）（2024/12/06 10:35:25.798）（IP:）（管理者ID:）（org.springframework.boot.autoconfigure.orm.jpa.JpaBaseConfiguration$JpaWebConfiguration）（spring.jpa.open-in-view is enabled by default. Therefore, database queries may be performed during view rendering. Explicitly configure spring.jpa.open-in-view to disable this warning）
（INFO）（2024/12/06 10:35:26.435）（IP:）（管理者ID:）（org.springframework.security.web.DefaultSecurityFilterChain）（Will secure any request with [org.springframework.security.web.session.DisableEncodeUrlFilter@6a07beaf, org.springframework.security.web.context.request.async.WebAsyncManagerIntegrationFilter@6fdd8468, org.springframework.security.web.context.SecurityContextHolderFilter@6a4825a4, org.springframework.security.web.header.HeaderWriterFilter@12810e15, org.springframework.security.web.csrf.CsrfFilter@775d922d, org.springframework.security.web.authentication.logout.LogoutFilter@5cbde701, org.springframework.security.web.authentication.UsernamePasswordAuthenticationFilter@415880ff, org.springframework.security.web.savedrequest.RequestCacheAwareFilter@39a402c4, org.springframework.security.web.servletapi.SecurityContextHolderAwareRequestFilter@1525faa2, org.springframework.security.web.authentication.AnonymousAuthenticationFilter@33790130, org.springframework.security.web.access.ExceptionTranslationFilter@484c4958, org.springframework.security.web.access.intercept.AuthorizationFilter@7309c38c]）
（INFO）（2024/12/06 10:35:27.083）（IP:）（管理者ID:）（org.springframework.boot.devtools.autoconfigure.OptionalLiveReloadServer）（LiveReload server is running on port 35729）
（INFO）（2024/12/06 10:35:27.194）（IP:）（管理者ID:）（org.springframework.boot.web.embedded.tomcat.TomcatWebServer）（Tomcat started on port 8080 (http) with context path ''）
（INFO）（2024/12/06 10:35:27.214）（IP:）（管理者ID:）（com.digitalojt.web.DroneInventorySystemApplication）（Started DroneInventorySystemApplication in 9.251 seconds (process running for 10.018)）
（INFO）（2024/12/06 10:36:02.010）（IP:）（管理者ID:）（org.springframework.boot.admin.SpringApplicationAdminMXBeanRegistrar$SpringApplicationAdmin）（Application shutdown requested.）
（INFO）（2024/12/06 10:36:03.232）（IP:）（管理者ID:）（org.springframework.orm.jpa.LocalContainerEntityManagerFactoryBean）（Closing JPA EntityManagerFactory for persistence unit 'default'）
（INFO）（2024/12/06 10:36:03.238）（IP:）（管理者ID:）（com.zaxxer.hikari.HikariDataSource）（HikariPool-1 - Shutdown initiated...）
（INFO）（2024/12/06 10:36:03.261）（IP:）（管理者ID:）（com.zaxxer.hikari.HikariDataSource）（HikariPool-1 - Shutdown completed.）
（INFO）（2024/12/06 10:45:23.617）（IP:）（管理者ID:）（com.digitalojt.web.DroneInventorySystemApplication）（Starting DroneInventorySystemApplication using Java 17.0.12 with PID 4676 (C:\Documents\digital-ojt-development-cause-DroneInventorySystem\DroneInventorySystem\target\classes started by z2240246 in C:\Documents\digital-ojt-development-cause-DroneInventorySystem\DroneInventorySystem)）
（INFO）（2024/12/06 10:45:23.619）（IP:）（管理者ID:）（com.digitalojt.web.DroneInventorySystemApplication）（No active profile set, falling back to 1 default profile: "default"）
（INFO）（2024/12/06 10:45:23.658）（IP:）（管理者ID:）（org.springframework.boot.devtools.env.DevToolsPropertyDefaultsPostProcessor）（Devtools property defaults active! Set 'spring.devtools.add-properties' to 'false' to disable）
（INFO）（2024/12/06 10:45:23.658）（IP:）（管理者ID:）（org.springframework.boot.devtools.env.DevToolsPropertyDefaultsPostProcessor）（For additional web related logging consider setting the 'logging.level.web' property to 'DEBUG'）
（INFO）（2024/12/06 10:45:24.233）（IP:）（管理者ID:）（org.springframework.data.repository.config.RepositoryConfigurationDelegate）（Bootstrapping Spring Data JPA repositories in DEFAULT mode.）
（INFO）（2024/12/06 10:45:24.296）（IP:）（管理者ID:）（org.springframework.data.repository.config.RepositoryConfigurationDelegate）（Finished Spring Data repository scanning in 57 ms. Found 4 JPA repository interfaces.）
（INFO）（2024/12/06 10:45:24.757）（IP:）（管理者ID:）（org.springframework.boot.web.embedded.tomcat.TomcatWebServer）（Tomcat initialized with port 8080 (http)）
（INFO）（2024/12/06 10:45:24.769）（IP:）（管理者ID:）（org.apache.catalina.core.StandardService）（Starting service [Tomcat]）
（INFO）（2024/12/06 10:45:24.769）（IP:）（管理者ID:）（org.apache.catalina.core.StandardEngine）（Starting Servlet engine: [Apache Tomcat/10.1.28]）
（INFO）（2024/12/06 10:45:24.818）（IP:）（管理者ID:）（org.apache.catalina.core.ContainerBase.[Tomcat].[localhost].[/]）（Initializing Spring embedded WebApplicationContext）
（INFO）（2024/12/06 10:45:24.819）（IP:）（管理者ID:）（org.springframework.boot.web.servlet.context.ServletWebServerApplicationContext）（Root WebApplicationContext: initialization completed in 1158 ms）
（INFO）（2024/12/06 10:45:24.844）（IP:）（管理者ID:）（com.zaxxer.hikari.HikariDataSource）（HikariPool-1 - Starting...）
（INFO）（2024/12/06 10:45:25.078）（IP:）（管理者ID:）（com.zaxxer.hikari.pool.HikariPool）（HikariPool-1 - Added connection com.mysql.cj.jdbc.ConnectionImpl@7d195e2b）
（INFO）（2024/12/06 10:45:25.081）（IP:）（管理者ID:）（com.zaxxer.hikari.HikariDataSource）（HikariPool-1 - Start completed.）
（INFO）（2024/12/06 10:45:25.089）（IP:）（管理者ID:）（org.springframework.boot.autoconfigure.h2.H2ConsoleAutoConfiguration）（H2 console available at '/h2-console'. Database available at 'jdbc:mysql://localhost:3306/stock_mng'）
（INFO）（2024/12/06 10:45:25.524）（IP:）（管理者ID:）（org.springframework.orm.jpa.persistenceunit.SpringPersistenceUnitInfo）（No LoadTimeWeaver setup: ignoring JPA class transformer）
（INFO）（2024/12/06 10:45:27.780）（IP:）（管理者ID:）（org.springframework.orm.jpa.LocalContainerEntityManagerFactoryBean）（Initialized JPA EntityManagerFactory for persistence unit 'default'）
（INFO）（2024/12/06 10:45:28.378）（IP:）（管理者ID:）（org.springframework.data.jpa.repository.query.QueryEnhancerFactory）（Hibernate is in classpath; If applicable, HQL parser will be used.）
（WARN）（2024/12/06 10:45:29.712）（IP:）（管理者ID:）（org.springframework.boot.autoconfigure.orm.jpa.JpaBaseConfiguration$JpaWebConfiguration）（spring.jpa.open-in-view is enabled by default. Therefore, database queries may be performed during view rendering. Explicitly configure spring.jpa.open-in-view to disable this warning）
（INFO）（2024/12/06 10:45:30.290）（IP:）（管理者ID:）（org.springframework.security.web.DefaultSecurityFilterChain）（Will secure any request with [org.springframework.security.web.session.DisableEncodeUrlFilter@3c191dba, org.springframework.security.web.context.request.async.WebAsyncManagerIntegrationFilter@521bbe42, org.springframework.security.web.context.SecurityContextHolderFilter@1ca6ed3, org.springframework.security.web.header.HeaderWriterFilter@6c52fdc0, org.springframework.security.web.csrf.CsrfFilter@5581bef4, org.springframework.security.web.authentication.logout.LogoutFilter@1c95c639, org.springframework.security.web.authentication.UsernamePasswordAuthenticationFilter@2069c0a3, org.springframework.security.web.savedrequest.RequestCacheAwareFilter@586b10eb, org.springframework.security.web.servletapi.SecurityContextHolderAwareRequestFilter@e624f38, org.springframework.security.web.authentication.AnonymousAuthenticationFilter@16d5c912, org.springframework.security.web.access.ExceptionTranslationFilter@79385e07, org.springframework.security.web.access.intercept.AuthorizationFilter@47a701da]）
（INFO）（2024/12/06 10:45:30.899）（IP:）（管理者ID:）（org.springframework.boot.devtools.autoconfigure.OptionalLiveReloadServer）（LiveReload server is running on port 35729）
（INFO）（2024/12/06 10:45:31.000）（IP:）（管理者ID:）（org.springframework.boot.web.embedded.tomcat.TomcatWebServer）（Tomcat started on port 8080 (http) with context path ''）
（INFO）（2024/12/06 10:45:31.024）（IP:）（管理者ID:）（com.digitalojt.web.DroneInventorySystemApplication）（Started DroneInventorySystemApplication in 7.686 seconds (process running for 8.349)）
（INFO）（2024/12/06 10:45:39.118）（IP:）（管理者ID:）（org.apache.catalina.core.ContainerBase.[Tomcat].[localhost].[/]）（Initializing Spring DispatcherServlet 'dispatcherServlet'）
（INFO）（2024/12/06 10:45:39.119）（IP:）（管理者ID:）（org.springframework.web.servlet.DispatcherServlet）（Initializing Servlet 'dispatcherServlet'）
（INFO）（2024/12/06 10:45:39.121）（IP:）（管理者ID:）（org.springframework.web.servlet.DispatcherServlet）（Completed initialization in 2 ms）
（INFO）（2024/12/06 10:45:44.735）（IP:0:0:0:0:0:0:0:1）（管理者ID:dotlife）（在庫一覧画面）（GET-アクセスログ-成功：）
（INFO）（2024/12/06 10:45:47.649）（IP:0:0:0:0:0:0:0:1）（管理者ID:dotlife）（在庫一覧画面）（GET-アクセスログ-成功：）
（INFO）（2024/12/06 10:52:43.160）（IP:）（管理者ID:）（org.springframework.boot.devtools.autoconfigure.LocalDevToolsAutoConfiguration$RestartingClassPathChangeChangedEventListener）（Restarting due to 1 class path change (0 additions, 0 deletions, 1 modification)）
（INFO）（2024/12/06 10:52:43.440）（IP:）（管理者ID:）（org.springframework.orm.jpa.LocalContainerEntityManagerFactoryBean）（Closing JPA EntityManagerFactory for persistence unit 'default'）
（INFO）（2024/12/06 10:52:43.443）（IP:）（管理者ID:）（com.zaxxer.hikari.HikariDataSource）（HikariPool-1 - Shutdown initiated...）
（INFO）（2024/12/06 10:52:43.455）（IP:）（管理者ID:）（com.zaxxer.hikari.HikariDataSource）（HikariPool-1 - Shutdown completed.）
（INFO）（2024/12/06 10:52:43.532）（IP:）（管理者ID:）（com.digitalojt.web.DroneInventorySystemApplication）（Starting DroneInventorySystemApplication using Java 17.0.12 with PID 4676 (C:\Documents\digital-ojt-development-cause-DroneInventorySystem\DroneInventorySystem\target\classes started by z2240246 in C:\Documents\digital-ojt-development-cause-DroneInventorySystem\DroneInventorySystem)）
（INFO）（2024/12/06 10:52:43.532）（IP:）（管理者ID:）（com.digitalojt.web.DroneInventorySystemApplication）（No active profile set, falling back to 1 default profile: "default"）
（INFO）（2024/12/06 10:52:43.693）（IP:）（管理者ID:）（org.springframework.data.repository.config.RepositoryConfigurationDelegate）（Bootstrapping Spring Data JPA repositories in DEFAULT mode.）
（INFO）（2024/12/06 10:52:43.711）（IP:）（管理者ID:）（org.springframework.data.repository.config.RepositoryConfigurationDelegate）（Finished Spring Data repository scanning in 17 ms. Found 4 JPA repository interfaces.）
（INFO）（2024/12/06 10:52:43.794）（IP:）（管理者ID:）（org.springframework.boot.web.embedded.tomcat.TomcatWebServer）（Tomcat initialized with port 8080 (http)）
（INFO）（2024/12/06 10:52:43.799）（IP:）（管理者ID:）（org.apache.catalina.core.StandardService）（Starting service [Tomcat]）
（INFO）（2024/12/06 10:52:43.799）（IP:）（管理者ID:）（org.apache.catalina.core.StandardEngine）（Starting Servlet engine: [Apache Tomcat/10.1.28]）
（INFO）（2024/12/06 10:52:43.823）（IP:）（管理者ID:）（org.apache.catalina.core.ContainerBase.[Tomcat].[localhost].[/]）（Initializing Spring embedded WebApplicationContext）
（INFO）（2024/12/06 10:52:43.823）（IP:）（管理者ID:）（org.springframework.boot.web.servlet.context.ServletWebServerApplicationContext）（Root WebApplicationContext: initialization completed in 289 ms）
（INFO）（2024/12/06 10:52:43.835）（IP:）（管理者ID:）（com.zaxxer.hikari.HikariDataSource）（HikariPool-2 - Starting...）
（INFO）（2024/12/06 10:52:43.847）（IP:）（管理者ID:）（com.zaxxer.hikari.pool.HikariPool）（HikariPool-2 - Added connection com.mysql.cj.jdbc.ConnectionImpl@7f3bb8a9）
（INFO）（2024/12/06 10:52:43.848）（IP:）（管理者ID:）（com.zaxxer.hikari.HikariDataSource）（HikariPool-2 - Start completed.）
（INFO）（2024/12/06 10:52:43.848）（IP:）（管理者ID:）（org.springframework.boot.autoconfigure.h2.H2ConsoleAutoConfiguration）（H2 console available at '/h2-console'. Database available at 'jdbc:mysql://localhost:3306/stock_mng'）
（INFO）（2024/12/06 10:52:43.881）（IP:）（管理者ID:）（org.springframework.orm.jpa.persistenceunit.SpringPersistenceUnitInfo）（No LoadTimeWeaver setup: ignoring JPA class transformer）
（INFO）（2024/12/06 10:52:43.953）（IP:）（管理者ID:）（org.springframework.orm.jpa.LocalContainerEntityManagerFactoryBean）（Initialized JPA EntityManagerFactory for persistence unit 'default'）
（WARN）（2024/12/06 10:52:44.036）（IP:）（管理者ID:）（org.springframework.boot.autoconfigure.orm.jpa.JpaBaseConfiguration$JpaWebConfiguration）（spring.jpa.open-in-view is enabled by default. Therefore, database queries may be performed during view rendering. Explicitly configure spring.jpa.open-in-view to disable this warning）
（INFO）（2024/12/06 10:52:44.074）（IP:）（管理者ID:）（org.springframework.security.web.DefaultSecurityFilterChain）（Will secure any request with [org.springframework.security.web.session.DisableEncodeUrlFilter@1a9084bf, org.springframework.security.web.context.request.async.WebAsyncManagerIntegrationFilter@eb1e155, org.springframework.security.web.context.SecurityContextHolderFilter@48e85541, org.springframework.security.web.header.HeaderWriterFilter@20b3ab7f, org.springframework.security.web.csrf.CsrfFilter@7bab9c34, org.springframework.security.web.authentication.logout.LogoutFilter@50572e9d, org.springframework.security.web.authentication.UsernamePasswordAuthenticationFilter@84b992f, org.springframework.security.web.savedrequest.RequestCacheAwareFilter@6f052a54, org.springframework.security.web.servletapi.SecurityContextHolderAwareRequestFilter@21db5201, org.springframework.security.web.authentication.AnonymousAuthenticationFilter@64d83387, org.springframework.security.web.access.ExceptionTranslationFilter@3dbe75c0, org.springframework.security.web.access.intercept.AuthorizationFilter@61816044]）
（INFO）（2024/12/06 10:52:44.137）（IP:）（管理者ID:）（org.springframework.boot.devtools.autoconfigure.OptionalLiveReloadServer）（LiveReload server is running on port 35729）
（INFO）（2024/12/06 10:52:44.149）（IP:）（管理者ID:）（org.springframework.boot.web.embedded.tomcat.TomcatWebServer）（Tomcat started on port 8080 (http) with context path ''）
（INFO）（2024/12/06 10:52:44.153）（IP:）（管理者ID:）（com.digitalojt.web.DroneInventorySystemApplication）（Started DroneInventorySystemApplication in 0.648 seconds (process running for 441.477)）
（INFO）（2024/12/06 10:52:44.155）（IP:）（管理者ID:）（org.springframework.boot.devtools.autoconfigure.ConditionEvaluationDeltaLoggingListener）（Condition evaluation unchanged）
（INFO）（2024/12/06 10:52:46.698）（IP:）（管理者ID:）（org.apache.catalina.core.ContainerBase.[Tomcat].[localhost].[/]）（Initializing Spring DispatcherServlet 'dispatcherServlet'）
（INFO）（2024/12/06 10:52:46.698）（IP:）（管理者ID:）（org.springframework.web.servlet.DispatcherServlet）（Initializing Servlet 'dispatcherServlet'）
（INFO）（2024/12/06 10:52:46.700）（IP:）（管理者ID:）（org.springframework.web.servlet.DispatcherServlet）（Completed initialization in 2 ms）
（INFO）（2024/12/06 10:54:14.334）（IP:）（管理者ID:）（org.springframework.boot.devtools.autoconfigure.LocalDevToolsAutoConfiguration$RestartingClassPathChangeChangedEventListener）（Restarting due to 1 class path change (0 additions, 0 deletions, 1 modification)）
（INFO）（2024/12/06 10:54:14.633）（IP:）（管理者ID:）（org.springframework.orm.jpa.LocalContainerEntityManagerFactoryBean）（Closing JPA EntityManagerFactory for persistence unit 'default'）
（INFO）（2024/12/06 10:54:14.633）（IP:）（管理者ID:）（com.zaxxer.hikari.HikariDataSource）（HikariPool-2 - Shutdown initiated...）
（INFO）（2024/12/06 10:54:14.639）（IP:）（管理者ID:）（com.zaxxer.hikari.HikariDataSource）（HikariPool-2 - Shutdown completed.）
（INFO）（2024/12/06 10:54:14.709）（IP:）（管理者ID:）（com.digitalojt.web.DroneInventorySystemApplication）（Starting DroneInventorySystemApplication using Java 17.0.12 with PID 4676 (C:\Documents\digital-ojt-development-cause-DroneInventorySystem\DroneInventorySystem\target\classes started by z2240246 in C:\Documents\digital-ojt-development-cause-DroneInventorySystem\DroneInventorySystem)）
（INFO）（2024/12/06 10:54:14.710）（IP:）（管理者ID:）（com.digitalojt.web.DroneInventorySystemApplication）（No active profile set, falling back to 1 default profile: "default"）
（INFO）（2024/12/06 10:54:14.854）（IP:）（管理者ID:）（org.springframework.data.repository.config.RepositoryConfigurationDelegate）（Bootstrapping Spring Data JPA repositories in DEFAULT mode.）
（INFO）（2024/12/06 10:54:14.870）（IP:）（管理者ID:）（org.springframework.data.repository.config.RepositoryConfigurationDelegate）（Finished Spring Data repository scanning in 16 ms. Found 4 JPA repository interfaces.）
（INFO）（2024/12/06 10:54:14.940）（IP:）（管理者ID:）（org.springframework.boot.web.embedded.tomcat.TomcatWebServer）（Tomcat initialized with port 8080 (http)）
（INFO）（2024/12/06 10:54:14.940）（IP:）（管理者ID:）（org.apache.catalina.core.StandardService）（Starting service [Tomcat]）
（INFO）（2024/12/06 10:54:14.940）（IP:）（管理者ID:）（org.apache.catalina.core.StandardEngine）（Starting Servlet engine: [Apache Tomcat/10.1.28]）
（INFO）（2024/12/06 10:54:14.954）（IP:）（管理者ID:）（org.apache.catalina.core.ContainerBase.[Tomcat].[localhost].[/]）（Initializing Spring embedded WebApplicationContext）
（INFO）（2024/12/06 10:54:14.954）（IP:）（管理者ID:）（org.springframework.boot.web.servlet.context.ServletWebServerApplicationContext）（Root WebApplicationContext: initialization completed in 243 ms）
（INFO）（2024/12/06 10:54:14.968）（IP:）（管理者ID:）（com.zaxxer.hikari.HikariDataSource）（HikariPool-3 - Starting...）
（INFO）（2024/12/06 10:54:14.979）（IP:）（管理者ID:）（com.zaxxer.hikari.pool.HikariPool）（HikariPool-3 - Added connection com.mysql.cj.jdbc.ConnectionImpl@7e654654）
（INFO）（2024/12/06 10:54:14.980）（IP:）（管理者ID:）（com.zaxxer.hikari.HikariDataSource）（HikariPool-3 - Start completed.）
（INFO）（2024/12/06 10:54:14.980）（IP:）（管理者ID:）（org.springframework.boot.autoconfigure.h2.H2ConsoleAutoConfiguration）（H2 console available at '/h2-console'. Database available at 'jdbc:mysql://localhost:3306/stock_mng'）
（INFO）（2024/12/06 10:54:14.993）（IP:）（管理者ID:）（org.springframework.orm.jpa.persistenceunit.SpringPersistenceUnitInfo）（No LoadTimeWeaver setup: ignoring JPA class transformer）
（INFO）（2024/12/06 10:54:15.077）（IP:）（管理者ID:）（org.springframework.orm.jpa.LocalContainerEntityManagerFactoryBean）（Initialized JPA EntityManagerFactory for persistence unit 'default'）
（WARN）（2024/12/06 10:54:15.146）（IP:）（管理者ID:）（org.springframework.boot.autoconfigure.orm.jpa.JpaBaseConfiguration$JpaWebConfiguration）（spring.jpa.open-in-view is enabled by default. Therefore, database queries may be performed during view rendering. Explicitly configure spring.jpa.open-in-view to disable this warning）
（INFO）（2024/12/06 10:54:15.197）（IP:）（管理者ID:）（org.springframework.security.web.DefaultSecurityFilterChain）（Will secure any request with [org.springframework.security.web.session.DisableEncodeUrlFilter@1b04550, org.springframework.security.web.context.request.async.WebAsyncManagerIntegrationFilter@42ec24da, org.springframework.security.web.context.SecurityContextHolderFilter@795f0af2, org.springframework.security.web.header.HeaderWriterFilter@83e21ac, org.springframework.security.web.csrf.CsrfFilter@18bf0400, org.springframework.security.web.authentication.logout.LogoutFilter@3526c84d, org.springframework.security.web.authentication.UsernamePasswordAuthenticationFilter@2d791e7, org.springframework.security.web.savedrequest.RequestCacheAwareFilter@19a08edd, org.springframework.security.web.servletapi.SecurityContextHolderAwareRequestFilter@4d6527e1, org.springframework.security.web.authentication.AnonymousAuthenticationFilter@161f1d80, org.springframework.security.web.access.ExceptionTranslationFilter@318cb3a3, org.springframework.security.web.access.intercept.AuthorizationFilter@4c531e91]）
（INFO）（2024/12/06 10:54:15.231）（IP:）（管理者ID:）（org.springframework.boot.devtools.autoconfigure.OptionalLiveReloadServer）（LiveReload server is running on port 35729）
（INFO）（2024/12/06 10:54:15.243）（IP:）（管理者ID:）（org.springframework.boot.web.embedded.tomcat.TomcatWebServer）（Tomcat started on port 8080 (http) with context path ''）
（INFO）（2024/12/06 10:54:15.246）（IP:）（管理者ID:）（com.digitalojt.web.DroneInventorySystemApplication）（Started DroneInventorySystemApplication in 0.563 seconds (process running for 532.57)）
（INFO）（2024/12/06 10:54:15.247）（IP:）（管理者ID:）（org.springframework.boot.devtools.autoconfigure.ConditionEvaluationDeltaLoggingListener）（Condition evaluation unchanged）
（INFO）（2024/12/06 10:54:22.010）（IP:）（管理者ID:）（org.apache.catalina.core.ContainerBase.[Tomcat].[localhost].[/]）（Initializing Spring DispatcherServlet 'dispatcherServlet'）
（INFO）（2024/12/06 10:54:22.010）（IP:）（管理者ID:）（org.springframework.web.servlet.DispatcherServlet）（Initializing Servlet 'dispatcherServlet'）
（INFO）（2024/12/06 10:54:22.011）（IP:）（管理者ID:）（org.springframework.web.servlet.DispatcherServlet）（Completed initialization in 0 ms）
（INFO）（2024/12/06 11:00:51.406）（IP:）（管理者ID:）（org.springframework.boot.devtools.autoconfigure.LocalDevToolsAutoConfiguration$RestartingClassPathChangeChangedEventListener）（Restarting due to 1 class path change (0 additions, 0 deletions, 1 modification)）
（INFO）（2024/12/06 11:00:51.716）（IP:）（管理者ID:）（org.springframework.orm.jpa.LocalContainerEntityManagerFactoryBean）（Closing JPA EntityManagerFactory for persistence unit 'default'）
（INFO）（2024/12/06 11:00:51.717）（IP:）（管理者ID:）（com.zaxxer.hikari.HikariDataSource）（HikariPool-3 - Shutdown initiated...）
（INFO）（2024/12/06 11:00:51.726）（IP:）（管理者ID:）（com.zaxxer.hikari.HikariDataSource）（HikariPool-3 - Shutdown completed.）
（INFO）（2024/12/06 11:00:51.797）（IP:）（管理者ID:）（com.digitalojt.web.DroneInventorySystemApplication）（Starting DroneInventorySystemApplication using Java 17.0.12 with PID 4676 (C:\Documents\digital-ojt-development-cause-DroneInventorySystem\DroneInventorySystem\target\classes started by z2240246 in C:\Documents\digital-ojt-development-cause-DroneInventorySystem\DroneInventorySystem)）
（INFO）（2024/12/06 11:00:51.798）（IP:）（管理者ID:）（com.digitalojt.web.DroneInventorySystemApplication）（No active profile set, falling back to 1 default profile: "default"）
（INFO）（2024/12/06 11:00:51.963）（IP:）（管理者ID:）（org.springframework.data.repository.config.RepositoryConfigurationDelegate）（Bootstrapping Spring Data JPA repositories in DEFAULT mode.）
（INFO）（2024/12/06 11:00:51.982）（IP:）（管理者ID:）（org.springframework.data.repository.config.RepositoryConfigurationDelegate）（Finished Spring Data repository scanning in 18 ms. Found 4 JPA repository interfaces.）
（INFO）（2024/12/06 11:00:52.064）（IP:）（管理者ID:）（org.springframework.boot.web.embedded.tomcat.TomcatWebServer）（Tomcat initialized with port 8080 (http)）
（INFO）（2024/12/06 11:00:52.065）（IP:）（管理者ID:）（org.apache.catalina.core.StandardService）（Starting service [Tomcat]）
（INFO）（2024/12/06 11:00:52.065）（IP:）（管理者ID:）（org.apache.catalina.core.StandardEngine）（Starting Servlet engine: [Apache Tomcat/10.1.28]）
（INFO）（2024/12/06 11:00:52.087）（IP:）（管理者ID:）（org.apache.catalina.core.ContainerBase.[Tomcat].[localhost].[/]）（Initializing Spring embedded WebApplicationContext）
（INFO）（2024/12/06 11:00:52.088）（IP:）（管理者ID:）（org.springframework.boot.web.servlet.context.ServletWebServerApplicationContext）（Root WebApplicationContext: initialization completed in 289 ms）
（INFO）（2024/12/06 11:00:52.096）（IP:）（管理者ID:）（com.zaxxer.hikari.HikariDataSource）（HikariPool-4 - Starting...）
（INFO）（2024/12/06 11:00:52.106）（IP:）（管理者ID:）（com.zaxxer.hikari.pool.HikariPool）（HikariPool-4 - Added connection com.mysql.cj.jdbc.ConnectionImpl@7e6e934）
（INFO）（2024/12/06 11:00:52.107）（IP:）（管理者ID:）（com.zaxxer.hikari.HikariDataSource）（HikariPool-4 - Start completed.）
（INFO）（2024/12/06 11:00:52.107）（IP:）（管理者ID:）（org.springframework.boot.autoconfigure.h2.H2ConsoleAutoConfiguration）（H2 console available at '/h2-console'. Database available at 'jdbc:mysql://localhost:3306/stock_mng'）
（INFO）（2024/12/06 11:00:52.137）（IP:）（管理者ID:）（org.springframework.orm.jpa.persistenceunit.SpringPersistenceUnitInfo）（No LoadTimeWeaver setup: ignoring JPA class transformer）
（INFO）（2024/12/06 11:00:52.205）（IP:）（管理者ID:）（org.springframework.orm.jpa.LocalContainerEntityManagerFactoryBean）（Initialized JPA EntityManagerFactory for persistence unit 'default'）
（WARN）（2024/12/06 11:00:52.281）（IP:）（管理者ID:）（org.springframework.boot.autoconfigure.orm.jpa.JpaBaseConfiguration$JpaWebConfiguration）（spring.jpa.open-in-view is enabled by default. Therefore, database queries may be performed during view rendering. Explicitly configure spring.jpa.open-in-view to disable this warning）
（INFO）（2024/12/06 11:00:52.345）（IP:）（管理者ID:）（org.springframework.security.web.DefaultSecurityFilterChain）（Will secure any request with [org.springframework.security.web.session.DisableEncodeUrlFilter@64a3d163, org.springframework.security.web.context.request.async.WebAsyncManagerIntegrationFilter@41c127b3, org.springframework.security.web.context.SecurityContextHolderFilter@6c8bd11d, org.springframework.security.web.header.HeaderWriterFilter@3523cc5, org.springframework.security.web.csrf.CsrfFilter@2f26e105, org.springframework.security.web.authentication.logout.LogoutFilter@4113e7ce, org.springframework.security.web.authentication.UsernamePasswordAuthenticationFilter@2d66d557, org.springframework.security.web.savedrequest.RequestCacheAwareFilter@743d3b40, org.springframework.security.web.servletapi.SecurityContextHolderAwareRequestFilter@7c7ea889, org.springframework.security.web.authentication.AnonymousAuthenticationFilter@19873076, org.springframework.security.web.access.ExceptionTranslationFilter@50fb0608, org.springframework.security.web.access.intercept.AuthorizationFilter@7395617c]）
（INFO）（2024/12/06 11:00:52.396）（IP:）（管理者ID:）（org.springframework.boot.devtools.autoconfigure.OptionalLiveReloadServer）（LiveReload server is running on port 35729）
（INFO）（2024/12/06 11:00:52.407）（IP:）（管理者ID:）（org.springframework.boot.web.embedded.tomcat.TomcatWebServer）（Tomcat started on port 8080 (http) with context path ''）
（INFO）（2024/12/06 11:00:52.411）（IP:）（管理者ID:）（com.digitalojt.web.DroneInventorySystemApplication）（Started DroneInventorySystemApplication in 0.643 seconds (process running for 929.736)）
（INFO）（2024/12/06 11:00:52.413）（IP:）（管理者ID:）（org.springframework.boot.devtools.autoconfigure.ConditionEvaluationDeltaLoggingListener）（Condition evaluation unchanged）
（INFO）（2024/12/06 11:00:53.511）（IP:）（管理者ID:）（org.apache.catalina.core.ContainerBase.[Tomcat].[localhost].[/]）（Initializing Spring DispatcherServlet 'dispatcherServlet'）
（INFO）（2024/12/06 11:00:53.511）（IP:）（管理者ID:）（org.springframework.web.servlet.DispatcherServlet）（Initializing Servlet 'dispatcherServlet'）
（INFO）（2024/12/06 11:00:53.512）（IP:）（管理者ID:）（org.springframework.web.servlet.DispatcherServlet）（Completed initialization in 1 ms）
（INFO）（2024/12/06 11:00:55.902）（IP:0:0:0:0:0:0:0:1）（管理者ID:dotlife）（在庫一覧画面）（GET-アクセスログ-成功：）
（INFO）（2024/12/06 11:01:18.952）（IP:）（管理者ID:）（org.springframework.boot.devtools.autoconfigure.LocalDevToolsAutoConfiguration$RestartingClassPathChangeChangedEventListener）（Restarting due to 1 class path change (0 additions, 0 deletions, 1 modification)）
（INFO）（2024/12/06 11:01:19.238）（IP:）（管理者ID:）（org.springframework.orm.jpa.LocalContainerEntityManagerFactoryBean）（Closing JPA EntityManagerFactory for persistence unit 'default'）
（INFO）（2024/12/06 11:01:19.239）（IP:）（管理者ID:）（com.zaxxer.hikari.HikariDataSource）（HikariPool-4 - Shutdown initiated...）
（INFO）（2024/12/06 11:01:19.246）（IP:）（管理者ID:）（com.zaxxer.hikari.HikariDataSource）（HikariPool-4 - Shutdown completed.）
（INFO）（2024/12/06 11:01:19.311）（IP:）（管理者ID:）（com.digitalojt.web.DroneInventorySystemApplication）（Starting DroneInventorySystemApplication using Java 17.0.12 with PID 4676 (C:\Documents\digital-ojt-development-cause-DroneInventorySystem\DroneInventorySystem\target\classes started by z2240246 in C:\Documents\digital-ojt-development-cause-DroneInventorySystem\DroneInventorySystem)）
（INFO）（2024/12/06 11:01:19.311）（IP:）（管理者ID:）（com.digitalojt.web.DroneInventorySystemApplication）（No active profile set, falling back to 1 default profile: "default"）
（INFO）（2024/12/06 11:01:19.446）（IP:）（管理者ID:）（org.springframework.data.repository.config.RepositoryConfigurationDelegate）（Bootstrapping Spring Data JPA repositories in DEFAULT mode.）
（INFO）（2024/12/06 11:01:19.462）（IP:）（管理者ID:）（org.springframework.data.repository.config.RepositoryConfigurationDelegate）（Finished Spring Data repository scanning in 15 ms. Found 4 JPA repository interfaces.）
（INFO）（2024/12/06 11:01:19.526）（IP:）（管理者ID:）（org.springframework.boot.web.embedded.tomcat.TomcatWebServer）（Tomcat initialized with port 8080 (http)）
（INFO）（2024/12/06 11:01:19.527）（IP:）（管理者ID:）（org.apache.catalina.core.StandardService）（Starting service [Tomcat]）
（INFO）（2024/12/06 11:01:19.527）（IP:）（管理者ID:）（org.apache.catalina.core.StandardEngine）（Starting Servlet engine: [Apache Tomcat/10.1.28]）
（INFO）（2024/12/06 11:01:19.546）（IP:）（管理者ID:）（org.apache.catalina.core.ContainerBase.[Tomcat].[localhost].[/]）（Initializing Spring embedded WebApplicationContext）
（INFO）（2024/12/06 11:01:19.547）（IP:）（管理者ID:）（org.springframework.boot.web.servlet.context.ServletWebServerApplicationContext）（Root WebApplicationContext: initialization completed in 234 ms）
（INFO）（2024/12/06 11:01:19.554）（IP:）（管理者ID:）（com.zaxxer.hikari.HikariDataSource）（HikariPool-5 - Starting...）
（INFO）（2024/12/06 11:01:19.563）（IP:）（管理者ID:）（com.zaxxer.hikari.pool.HikariPool）（HikariPool-5 - Added connection com.mysql.cj.jdbc.ConnectionImpl@4ae82250）
（INFO）（2024/12/06 11:01:19.563）（IP:）（管理者ID:）（com.zaxxer.hikari.HikariDataSource）（HikariPool-5 - Start completed.）
（INFO）（2024/12/06 11:01:19.563）（IP:）（管理者ID:）（org.springframework.boot.autoconfigure.h2.H2ConsoleAutoConfiguration）（H2 console available at '/h2-console'. Database available at 'jdbc:mysql://localhost:3306/stock_mng'）
（INFO）（2024/12/06 11:01:19.590）（IP:）（管理者ID:）（org.springframework.orm.jpa.persistenceunit.SpringPersistenceUnitInfo）（No LoadTimeWeaver setup: ignoring JPA class transformer）
（INFO）（2024/12/06 11:01:19.655）（IP:）（管理者ID:）（org.springframework.orm.jpa.LocalContainerEntityManagerFactoryBean）（Initialized JPA EntityManagerFactory for persistence unit 'default'）
（WARN）（2024/12/06 11:01:19.722）（IP:）（管理者ID:）（org.springframework.boot.autoconfigure.orm.jpa.JpaBaseConfiguration$JpaWebConfiguration）（spring.jpa.open-in-view is enabled by default. Therefore, database queries may be performed during view rendering. Explicitly configure spring.jpa.open-in-view to disable this warning）
（INFO）（2024/12/06 11:01:19.768）（IP:）（管理者ID:）（org.springframework.security.web.DefaultSecurityFilterChain）（Will secure any request with [org.springframework.security.web.session.DisableEncodeUrlFilter@1eb8addd, org.springframework.security.web.context.request.async.WebAsyncManagerIntegrationFilter@4cb6183a, org.springframework.security.web.context.SecurityContextHolderFilter@6e8c84f, org.springframework.security.web.header.HeaderWriterFilter@2e3dea73, org.springframework.security.web.csrf.CsrfFilter@52a31df0, org.springframework.security.web.authentication.logout.LogoutFilter@1b137936, org.springframework.security.web.authentication.UsernamePasswordAuthenticationFilter@1e62bdee, org.springframework.security.web.savedrequest.RequestCacheAwareFilter@4c6e09ff, org.springframework.security.web.servletapi.SecurityContextHolderAwareRequestFilter@1ad667fd, org.springframework.security.web.authentication.AnonymousAuthenticationFilter@34c609e5, org.springframework.security.web.access.ExceptionTranslationFilter@47a23986, org.springframework.security.web.access.intercept.AuthorizationFilter@ecec8c9]）
（INFO）（2024/12/06 11:01:19.791）（IP:）（管理者ID:）（org.springframework.boot.devtools.autoconfigure.OptionalLiveReloadServer）（LiveReload server is running on port 35729）
（INFO）（2024/12/06 11:01:19.811）（IP:）（管理者ID:）（org.springframework.boot.web.embedded.tomcat.TomcatWebServer）（Tomcat started on port 8080 (http) with context path ''）
（INFO）（2024/12/06 11:01:19.815）（IP:）（管理者ID:）（com.digitalojt.web.DroneInventorySystemApplication）（Started DroneInventorySystemApplication in 0.525 seconds (process running for 957.139)）
（INFO）（2024/12/06 11:01:19.815）（IP:）（管理者ID:）（org.springframework.boot.devtools.autoconfigure.ConditionEvaluationDeltaLoggingListener）（Condition evaluation unchanged）
（INFO）（2024/12/06 11:01:24.405）（IP:）（管理者ID:）（org.springframework.boot.devtools.autoconfigure.LocalDevToolsAutoConfiguration$RestartingClassPathChangeChangedEventListener）（Restarting due to 1 class path change (0 additions, 0 deletions, 1 modification)）
（INFO）（2024/12/06 11:01:24.672）（IP:）（管理者ID:）（org.springframework.orm.jpa.LocalContainerEntityManagerFactoryBean）（Closing JPA EntityManagerFactory for persistence unit 'default'）
（INFO）（2024/12/06 11:01:24.674）（IP:）（管理者ID:）（com.zaxxer.hikari.HikariDataSource）（HikariPool-5 - Shutdown initiated...）
（INFO）（2024/12/06 11:01:24.681）（IP:）（管理者ID:）（com.zaxxer.hikari.HikariDataSource）（HikariPool-5 - Shutdown completed.）
（INFO）（2024/12/06 11:01:24.753）（IP:）（管理者ID:）（com.digitalojt.web.DroneInventorySystemApplication）（Starting DroneInventorySystemApplication using Java 17.0.12 with PID 4676 (C:\Documents\digital-ojt-development-cause-DroneInventorySystem\DroneInventorySystem\target\classes started by z2240246 in C:\Documents\digital-ojt-development-cause-DroneInventorySystem\DroneInventorySystem)）
（INFO）（2024/12/06 11:01:24.753）（IP:）（管理者ID:）（com.digitalojt.web.DroneInventorySystemApplication）（No active profile set, falling back to 1 default profile: "default"）
（INFO）（2024/12/06 11:01:24.908）（IP:）（管理者ID:）（org.springframework.data.repository.config.RepositoryConfigurationDelegate）（Bootstrapping Spring Data JPA repositories in DEFAULT mode.）
（INFO）（2024/12/06 11:01:24.926）（IP:）（管理者ID:）（org.springframework.data.repository.config.RepositoryConfigurationDelegate）（Finished Spring Data repository scanning in 17 ms. Found 4 JPA repository interfaces.）
（INFO）（2024/12/06 11:01:25.009）（IP:）（管理者ID:）（org.springframework.boot.web.embedded.tomcat.TomcatWebServer）（Tomcat initialized with port 8080 (http)）
（INFO）（2024/12/06 11:01:25.010）（IP:）（管理者ID:）（org.apache.catalina.core.StandardService）（Starting service [Tomcat]）
（INFO）（2024/12/06 11:01:25.010）（IP:）（管理者ID:）（org.apache.catalina.core.StandardEngine）（Starting Servlet engine: [Apache Tomcat/10.1.28]）
（INFO）（2024/12/06 11:01:25.030）（IP:）（管理者ID:）（org.apache.catalina.core.ContainerBase.[Tomcat].[localhost].[/]）（Initializing Spring embedded WebApplicationContext）
（INFO）（2024/12/06 11:01:25.030）（IP:）（管理者ID:）（org.springframework.boot.web.servlet.context.ServletWebServerApplicationContext）（Root WebApplicationContext: initialization completed in 276 ms）
（INFO）（2024/12/06 11:01:25.037）（IP:）（管理者ID:）（com.zaxxer.hikari.HikariDataSource）（HikariPool-6 - Starting...）
（INFO）（2024/12/06 11:01:25.049）（IP:）（管理者ID:）（com.zaxxer.hikari.pool.HikariPool）（HikariPool-6 - Added connection com.mysql.cj.jdbc.ConnectionImpl@2c068bd2）
（INFO）（2024/12/06 11:01:25.049）（IP:）（管理者ID:）（com.zaxxer.hikari.HikariDataSource）（HikariPool-6 - Start completed.）
（INFO）（2024/12/06 11:01:25.050）（IP:）（管理者ID:）（org.springframework.boot.autoconfigure.h2.H2ConsoleAutoConfiguration）（H2 console available at '/h2-console'. Database available at 'jdbc:mysql://localhost:3306/stock_mng'）
（INFO）（2024/12/06 11:01:25.085）（IP:）（管理者ID:）（org.springframework.orm.jpa.persistenceunit.SpringPersistenceUnitInfo）（No LoadTimeWeaver setup: ignoring JPA class transformer）
（INFO）（2024/12/06 11:01:25.151）（IP:）（管理者ID:）（org.springframework.orm.jpa.LocalContainerEntityManagerFactoryBean）（Initialized JPA EntityManagerFactory for persistence unit 'default'）
（WARN）（2024/12/06 11:01:25.234）（IP:）（管理者ID:）（org.springframework.boot.autoconfigure.orm.jpa.JpaBaseConfiguration$JpaWebConfiguration）（spring.jpa.open-in-view is enabled by default. Therefore, database queries may be performed during view rendering. Explicitly configure spring.jpa.open-in-view to disable this warning）
（INFO）（2024/12/06 11:01:25.286）（IP:）（管理者ID:）（org.springframework.security.web.DefaultSecurityFilterChain）（Will secure any request with [org.springframework.security.web.session.DisableEncodeUrlFilter@2a8a7a32, org.springframework.security.web.context.request.async.WebAsyncManagerIntegrationFilter@472d21a8, org.springframework.security.web.context.SecurityContextHolderFilter@2842c8d4, org.springframework.security.web.header.HeaderWriterFilter@c06c650, org.springframework.security.web.csrf.CsrfFilter@2f64920c, org.springframework.security.web.authentication.logout.LogoutFilter@4705cbd6, org.springframework.security.web.authentication.UsernamePasswordAuthenticationFilter@43b852e8, org.springframework.security.web.savedrequest.RequestCacheAwareFilter@233ddb22, org.springframework.security.web.servletapi.SecurityContextHolderAwareRequestFilter@4331c22d, org.springframework.security.web.authentication.AnonymousAuthenticationFilter@b18dfcf, org.springframework.security.web.access.ExceptionTranslationFilter@45a4b919, org.springframework.security.web.access.intercept.AuthorizationFilter@47c1771d]）
（INFO）（2024/12/06 11:01:25.361）（IP:）（管理者ID:）（org.springframework.boot.devtools.autoconfigure.OptionalLiveReloadServer）（LiveReload server is running on port 35729）
（INFO）（2024/12/06 11:01:25.373）（IP:）（管理者ID:）（org.springframework.boot.web.embedded.tomcat.TomcatWebServer）（Tomcat started on port 8080 (http) with context path ''）
（INFO）（2024/12/06 11:01:25.376）（IP:）（管理者ID:）（com.digitalojt.web.DroneInventorySystemApplication）（Started DroneInventorySystemApplication in 0.651 seconds (process running for 962.701)）
（INFO）（2024/12/06 11:01:25.377）（IP:）（管理者ID:）（org.springframework.boot.devtools.autoconfigure.ConditionEvaluationDeltaLoggingListener）（Condition evaluation unchanged）
（INFO）（2024/12/06 11:01:25.586）（IP:）（管理者ID:）（org.apache.catalina.core.ContainerBase.[Tomcat].[localhost].[/]）（Initializing Spring DispatcherServlet 'dispatcherServlet'）
（INFO）（2024/12/06 11:01:25.586）（IP:）（管理者ID:）（org.springframework.web.servlet.DispatcherServlet）（Initializing Servlet 'dispatcherServlet'）
（INFO）（2024/12/06 11:01:25.587）（IP:）（管理者ID:）（org.springframework.web.servlet.DispatcherServlet）（Completed initialization in 1 ms）
（INFO）（2024/12/06 11:03:39.467）（IP:）（管理者ID:）（org.springframework.boot.devtools.autoconfigure.LocalDevToolsAutoConfiguration$RestartingClassPathChangeChangedEventListener）（Restarting due to 1 class path change (0 additions, 0 deletions, 1 modification)）
（INFO）（2024/12/06 11:03:39.768）（IP:）（管理者ID:）（org.springframework.orm.jpa.LocalContainerEntityManagerFactoryBean）（Closing JPA EntityManagerFactory for persistence unit 'default'）
（INFO）（2024/12/06 11:03:39.768）（IP:）（管理者ID:）（com.zaxxer.hikari.HikariDataSource）（HikariPool-6 - Shutdown initiated...）
（INFO）（2024/12/06 11:03:39.775）（IP:）（管理者ID:）（com.zaxxer.hikari.HikariDataSource）（HikariPool-6 - Shutdown completed.）
（INFO）（2024/12/06 11:03:39.845）（IP:）（管理者ID:）（com.digitalojt.web.DroneInventorySystemApplication）（Starting DroneInventorySystemApplication using Java 17.0.12 with PID 4676 (C:\Documents\digital-ojt-development-cause-DroneInventorySystem\DroneInventorySystem\target\classes started by z2240246 in C:\Documents\digital-ojt-development-cause-DroneInventorySystem\DroneInventorySystem)）
（INFO）（2024/12/06 11:03:39.845）（IP:）（管理者ID:）（com.digitalojt.web.DroneInventorySystemApplication）（No active profile set, falling back to 1 default profile: "default"）
（INFO）（2024/12/06 11:03:39.995）（IP:）（管理者ID:）（org.springframework.data.repository.config.RepositoryConfigurationDelegate）（Bootstrapping Spring Data JPA repositories in DEFAULT mode.）
（INFO）（2024/12/06 11:03:40.015）（IP:）（管理者ID:）（org.springframework.data.repository.config.RepositoryConfigurationDelegate）（Finished Spring Data repository scanning in 18 ms. Found 4 JPA repository interfaces.）
（INFO）（2024/12/06 11:03:40.083）（IP:）（管理者ID:）（org.springframework.boot.web.embedded.tomcat.TomcatWebServer）（Tomcat initialized with port 8080 (http)）
（INFO）（2024/12/06 11:03:40.084）（IP:）（管理者ID:）（org.apache.catalina.core.StandardService）（Starting service [Tomcat]）
（INFO）（2024/12/06 11:03:40.084）（IP:）（管理者ID:）（org.apache.catalina.core.StandardEngine）（Starting Servlet engine: [Apache Tomcat/10.1.28]）
（INFO）（2024/12/06 11:03:40.101）（IP:）（管理者ID:）（org.apache.catalina.core.ContainerBase.[Tomcat].[localhost].[/]）（Initializing Spring embedded WebApplicationContext）
（INFO）（2024/12/06 11:03:40.101）（IP:）（管理者ID:）（org.springframework.boot.web.servlet.context.ServletWebServerApplicationContext）（Root WebApplicationContext: initialization completed in 254 ms）
（INFO）（2024/12/06 11:03:40.108）（IP:）（管理者ID:）（com.zaxxer.hikari.HikariDataSource）（HikariPool-7 - Starting...）
（INFO）（2024/12/06 11:03:40.119）（IP:）（管理者ID:）（com.zaxxer.hikari.pool.HikariPool）（HikariPool-7 - Added connection com.mysql.cj.jdbc.ConnectionImpl@62416288）
（INFO）（2024/12/06 11:03:40.119）（IP:）（管理者ID:）（com.zaxxer.hikari.HikariDataSource）（HikariPool-7 - Start completed.）
（INFO）（2024/12/06 11:03:40.119）（IP:）（管理者ID:）（org.springframework.boot.autoconfigure.h2.H2ConsoleAutoConfiguration）（H2 console available at '/h2-console'. Database available at 'jdbc:mysql://localhost:3306/stock_mng'）
（INFO）（2024/12/06 11:03:40.151）（IP:）（管理者ID:）（org.springframework.orm.jpa.persistenceunit.SpringPersistenceUnitInfo）（No LoadTimeWeaver setup: ignoring JPA class transformer）
（INFO）（2024/12/06 11:03:40.218）（IP:）（管理者ID:）（org.springframework.orm.jpa.LocalContainerEntityManagerFactoryBean）（Initialized JPA EntityManagerFactory for persistence unit 'default'）
（WARN）（2024/12/06 11:03:40.281）（IP:）（管理者ID:）（org.springframework.boot.autoconfigure.orm.jpa.JpaBaseConfiguration$JpaWebConfiguration）（spring.jpa.open-in-view is enabled by default. Therefore, database queries may be performed during view rendering. Explicitly configure spring.jpa.open-in-view to disable this warning）
（INFO）（2024/12/06 11:03:40.325）（IP:）（管理者ID:）（org.springframework.security.web.DefaultSecurityFilterChain）（Will secure any request with [org.springframework.security.web.session.DisableEncodeUrlFilter@32fbe013, org.springframework.security.web.context.request.async.WebAsyncManagerIntegrationFilter@952c751, org.springframework.security.web.context.SecurityContextHolderFilter@7de1d6f, org.springframework.security.web.header.HeaderWriterFilter@14096244, org.springframework.security.web.csrf.CsrfFilter@342dbc33, org.springframework.security.web.authentication.logout.LogoutFilter@4469c14d, org.springframework.security.web.authentication.UsernamePasswordAuthenticationFilter@38922de5, org.springframework.security.web.savedrequest.RequestCacheAwareFilter@5e4bf583, org.springframework.security.web.servletapi.SecurityContextHolderAwareRequestFilter@6cefc3a9, org.springframework.security.web.authentication.AnonymousAuthenticationFilter@2386e21c, org.springframework.security.web.access.ExceptionTranslationFilter@71486bc8, org.springframework.security.web.access.intercept.AuthorizationFilter@57efb23d]）
（INFO）（2024/12/06 11:03:40.359）（IP:）（管理者ID:）（org.springframework.boot.devtools.autoconfigure.OptionalLiveReloadServer）（LiveReload server is running on port 35729）
（INFO）（2024/12/06 11:03:40.371）（IP:）（管理者ID:）（org.springframework.boot.web.embedded.tomcat.TomcatWebServer）（Tomcat started on port 8080 (http) with context path ''）
（INFO）（2024/12/06 11:03:40.373）（IP:）（管理者ID:）（com.digitalojt.web.DroneInventorySystemApplication）（Started DroneInventorySystemApplication in 0.552 seconds (process running for 1097.698)）
（INFO）（2024/12/06 11:03:40.374）（IP:）（管理者ID:）（org.springframework.boot.devtools.autoconfigure.ConditionEvaluationDeltaLoggingListener）（Condition evaluation unchanged）
（INFO）（2024/12/06 11:03:40.543）（IP:）（管理者ID:）（org.apache.catalina.core.ContainerBase.[Tomcat].[localhost].[/]）（Initializing Spring DispatcherServlet 'dispatcherServlet'）
（INFO）（2024/12/06 11:03:40.544）（IP:）（管理者ID:）（org.springframework.web.servlet.DispatcherServlet）（Initializing Servlet 'dispatcherServlet'）
（INFO）（2024/12/06 11:03:40.547）（IP:）（管理者ID:）（org.springframework.web.servlet.DispatcherServlet）（Completed initialization in 3 ms）
（INFO）（2024/12/06 11:04:28.817）（IP:）（管理者ID:）（org.springframework.boot.devtools.autoconfigure.LocalDevToolsAutoConfiguration$RestartingClassPathChangeChangedEventListener）（Restarting due to 1 class path change (0 additions, 0 deletions, 1 modification)）
（INFO）（2024/12/06 11:04:29.077）（IP:）（管理者ID:）（org.springframework.orm.jpa.LocalContainerEntityManagerFactoryBean）（Closing JPA EntityManagerFactory for persistence unit 'default'）
（INFO）（2024/12/06 11:04:29.078）（IP:）（管理者ID:）（com.zaxxer.hikari.HikariDataSource）（HikariPool-7 - Shutdown initiated...）
（INFO）（2024/12/06 11:04:29.086）（IP:）（管理者ID:）（com.zaxxer.hikari.HikariDataSource）（HikariPool-7 - Shutdown completed.）
（INFO）（2024/12/06 11:04:29.160）（IP:）（管理者ID:）（com.digitalojt.web.DroneInventorySystemApplication）（Starting DroneInventorySystemApplication using Java 17.0.12 with PID 4676 (C:\Documents\digital-ojt-development-cause-DroneInventorySystem\DroneInventorySystem\target\classes started by z2240246 in C:\Documents\digital-ojt-development-cause-DroneInventorySystem\DroneInventorySystem)）
（INFO）（2024/12/06 11:04:29.160）（IP:）（管理者ID:）（com.digitalojt.web.DroneInventorySystemApplication）（No active profile set, falling back to 1 default profile: "default"）
（INFO）（2024/12/06 11:04:29.297）（IP:）（管理者ID:）（org.springframework.data.repository.config.RepositoryConfigurationDelegate）（Bootstrapping Spring Data JPA repositories in DEFAULT mode.）
（INFO）（2024/12/06 11:04:29.312）（IP:）（管理者ID:）（org.springframework.data.repository.config.RepositoryConfigurationDelegate）（Finished Spring Data repository scanning in 14 ms. Found 4 JPA repository interfaces.）
（INFO）（2024/12/06 11:04:29.380）（IP:）（管理者ID:）（org.springframework.boot.web.embedded.tomcat.TomcatWebServer）（Tomcat initialized with port 8080 (http)）
（INFO）（2024/12/06 11:04:29.381）（IP:）（管理者ID:）（org.apache.catalina.core.StandardService）（Starting service [Tomcat]）
（INFO）（2024/12/06 11:04:29.381）（IP:）（管理者ID:）（org.apache.catalina.core.StandardEngine）（Starting Servlet engine: [Apache Tomcat/10.1.28]）
（INFO）（2024/12/06 11:04:29.400）（IP:）（管理者ID:）（org.apache.catalina.core.ContainerBase.[Tomcat].[localhost].[/]）（Initializing Spring embedded WebApplicationContext）
（INFO）（2024/12/06 11:04:29.400）（IP:）（管理者ID:）（org.springframework.boot.web.servlet.context.ServletWebServerApplicationContext）（Root WebApplicationContext: initialization completed in 239 ms）
（INFO）（2024/12/06 11:04:29.407）（IP:）（管理者ID:）（com.zaxxer.hikari.HikariDataSource）（HikariPool-8 - Starting...）
（INFO）（2024/12/06 11:04:29.417）（IP:）（管理者ID:）（com.zaxxer.hikari.pool.HikariPool）（HikariPool-8 - Added connection com.mysql.cj.jdbc.ConnectionImpl@620fd162）
（INFO）（2024/12/06 11:04:29.417）（IP:）（管理者ID:）（com.zaxxer.hikari.HikariDataSource）（HikariPool-8 - Start completed.）
（INFO）（2024/12/06 11:04:29.417）（IP:）（管理者ID:）（org.springframework.boot.autoconfigure.h2.H2ConsoleAutoConfiguration）（H2 console available at '/h2-console'. Database available at 'jdbc:mysql://localhost:3306/stock_mng'）
（INFO）（2024/12/06 11:04:29.443）（IP:）（管理者ID:）（org.springframework.orm.jpa.persistenceunit.SpringPersistenceUnitInfo）（No LoadTimeWeaver setup: ignoring JPA class transformer）
（INFO）（2024/12/06 11:04:29.496）（IP:）（管理者ID:）（org.springframework.orm.jpa.LocalContainerEntityManagerFactoryBean）（Initialized JPA EntityManagerFactory for persistence unit 'default'）
（WARN）（2024/12/06 11:04:29.562）（IP:）（管理者ID:）（org.springframework.boot.autoconfigure.orm.jpa.JpaBaseConfiguration$JpaWebConfiguration）（spring.jpa.open-in-view is enabled by default. Therefore, database queries may be performed during view rendering. Explicitly configure spring.jpa.open-in-view to disable this warning）
（INFO）（2024/12/06 11:04:29.603）（IP:）（管理者ID:）（org.springframework.security.web.DefaultSecurityFilterChain）（Will secure any request with [org.springframework.security.web.session.DisableEncodeUrlFilter@46230e9d, org.springframework.security.web.context.request.async.WebAsyncManagerIntegrationFilter@682cfa7d, org.springframework.security.web.context.SecurityContextHolderFilter@585ce8d7, org.springframework.security.web.header.HeaderWriterFilter@4835af07, org.springframework.security.web.csrf.CsrfFilter@78736183, org.springframework.security.web.authentication.logout.LogoutFilter@62db3551, org.springframework.security.web.authentication.UsernamePasswordAuthenticationFilter@7d69cddc, org.springframework.security.web.savedrequest.RequestCacheAwareFilter@3bc0e526, org.springframework.security.web.servletapi.SecurityContextHolderAwareRequestFilter@3856a9e3, org.springframework.security.web.authentication.AnonymousAuthenticationFilter@6e833864, org.springframework.security.web.access.ExceptionTranslationFilter@15a2d6f3, org.springframework.security.web.access.intercept.AuthorizationFilter@531ab67a]）
（INFO）（2024/12/06 11:04:29.634）（IP:）（管理者ID:）（org.springframework.boot.devtools.autoconfigure.OptionalLiveReloadServer）（LiveReload server is running on port 35729）
（INFO）（2024/12/06 11:04:29.644）（IP:）（管理者ID:）（org.springframework.boot.web.embedded.tomcat.TomcatWebServer）（Tomcat started on port 8080 (http) with context path ''）
（INFO）（2024/12/06 11:04:29.647）（IP:）（管理者ID:）（com.digitalojt.web.DroneInventorySystemApplication）（Started DroneInventorySystemApplication in 0.512 seconds (process running for 1146.972)）
（INFO）（2024/12/06 11:04:29.648）（IP:）（管理者ID:）（org.springframework.boot.devtools.autoconfigure.ConditionEvaluationDeltaLoggingListener）（Condition evaluation unchanged）
（INFO）（2024/12/06 11:04:40.519）（IP:）（管理者ID:）（org.springframework.boot.devtools.autoconfigure.LocalDevToolsAutoConfiguration$RestartingClassPathChangeChangedEventListener）（Restarting due to 1 class path change (0 additions, 0 deletions, 1 modification)）
（INFO）（2024/12/06 11:04:40.808）（IP:）（管理者ID:）（org.springframework.orm.jpa.LocalContainerEntityManagerFactoryBean）（Closing JPA EntityManagerFactory for persistence unit 'default'）
（INFO）（2024/12/06 11:04:40.809）（IP:）（管理者ID:）（com.zaxxer.hikari.HikariDataSource）（HikariPool-8 - Shutdown initiated...）
（INFO）（2024/12/06 11:04:40.816）（IP:）（管理者ID:）（com.zaxxer.hikari.HikariDataSource）（HikariPool-8 - Shutdown completed.）
（INFO）（2024/12/06 11:04:40.882）（IP:）（管理者ID:）（com.digitalojt.web.DroneInventorySystemApplication）（Starting DroneInventorySystemApplication using Java 17.0.12 with PID 4676 (C:\Documents\digital-ojt-development-cause-DroneInventorySystem\DroneInventorySystem\target\classes started by z2240246 in C:\Documents\digital-ojt-development-cause-DroneInventorySystem\DroneInventorySystem)）
（INFO）（2024/12/06 11:04:40.882）（IP:）（管理者ID:）（com.digitalojt.web.DroneInventorySystemApplication）（No active profile set, falling back to 1 default profile: "default"）
（INFO）（2024/12/06 11:04:41.024）（IP:）（管理者ID:）（org.springframework.data.repository.config.RepositoryConfigurationDelegate）（Bootstrapping Spring Data JPA repositories in DEFAULT mode.）
（INFO）（2024/12/06 11:04:41.029）（IP:）（管理者ID:）（org.springframework.data.repository.config.RepositoryConfigurationDelegate）（Finished Spring Data repository scanning in 14 ms. Found 4 JPA repository interfaces.）
（INFO）（2024/12/06 11:04:41.093）（IP:）（管理者ID:）（org.springframework.boot.web.embedded.tomcat.TomcatWebServer）（Tomcat initialized with port 8080 (http)）
（INFO）（2024/12/06 11:04:41.100）（IP:）（管理者ID:）（org.apache.catalina.core.StandardService）（Starting service [Tomcat]）
（INFO）（2024/12/06 11:04:41.100）（IP:）（管理者ID:）（org.apache.catalina.core.StandardEngine）（Starting Servlet engine: [Apache Tomcat/10.1.28]）
（INFO）（2024/12/06 11:04:41.118）（IP:）（管理者ID:）（org.apache.catalina.core.ContainerBase.[Tomcat].[localhost].[/]）（Initializing Spring embedded WebApplicationContext）
（INFO）（2024/12/06 11:04:41.118）（IP:）（管理者ID:）（org.springframework.boot.web.servlet.context.ServletWebServerApplicationContext）（Root WebApplicationContext: initialization completed in 234 ms）
（INFO）（2024/12/06 11:04:41.124）（IP:）（管理者ID:）（com.zaxxer.hikari.HikariDataSource）（HikariPool-9 - Starting...）
（INFO）（2024/12/06 11:04:41.133）（IP:）（管理者ID:）（com.zaxxer.hikari.pool.HikariPool）（HikariPool-9 - Added connection com.mysql.cj.jdbc.ConnectionImpl@1e58df98）
（INFO）（2024/12/06 11:04:41.133）（IP:）（管理者ID:）（com.zaxxer.hikari.HikariDataSource）（HikariPool-9 - Start completed.）
（INFO）（2024/12/06 11:04:41.134）（IP:）（管理者ID:）（org.springframework.boot.autoconfigure.h2.H2ConsoleAutoConfiguration）（H2 console available at '/h2-console'. Database available at 'jdbc:mysql://localhost:3306/stock_mng'）
（INFO）（2024/12/06 11:04:41.153）（IP:）（管理者ID:）（org.springframework.orm.jpa.persistenceunit.SpringPersistenceUnitInfo）（No LoadTimeWeaver setup: ignoring JPA class transformer）
（INFO）（2024/12/06 11:04:41.199）（IP:）（管理者ID:）（org.springframework.orm.jpa.LocalContainerEntityManagerFactoryBean）（Initialized JPA EntityManagerFactory for persistence unit 'default'）
（WARN）（2024/12/06 11:04:41.264）（IP:）（管理者ID:）（org.springframework.boot.autoconfigure.orm.jpa.JpaBaseConfiguration$JpaWebConfiguration）（spring.jpa.open-in-view is enabled by default. Therefore, database queries may be performed during view rendering. Explicitly configure spring.jpa.open-in-view to disable this warning）
（INFO）（2024/12/06 11:04:41.314）（IP:）（管理者ID:）（org.springframework.security.web.DefaultSecurityFilterChain）（Will secure any request with [org.springframework.security.web.session.DisableEncodeUrlFilter@3a0c0f7f, org.springframework.security.web.context.request.async.WebAsyncManagerIntegrationFilter@6bc47261, org.springframework.security.web.context.SecurityContextHolderFilter@7501c0eb, org.springframework.security.web.header.HeaderWriterFilter@7a5643fb, org.springframework.security.web.csrf.CsrfFilter@2d4f7662, org.springframework.security.web.authentication.logout.LogoutFilter@2c70b3d1, org.springframework.security.web.authentication.UsernamePasswordAuthenticationFilter@13cbd8ec, org.springframework.security.web.savedrequest.RequestCacheAwareFilter@23ab544f, org.springframework.security.web.servletapi.SecurityContextHolderAwareRequestFilter@1f8ce6d2, org.springframework.security.web.authentication.AnonymousAuthenticationFilter@541091b4, org.springframework.security.web.access.ExceptionTranslationFilter@30318545, org.springframework.security.web.access.intercept.AuthorizationFilter@2dc25538]）
（INFO）（2024/12/06 11:04:41.349）（IP:）（管理者ID:）（org.springframework.boot.devtools.autoconfigure.OptionalLiveReloadServer）（LiveReload server is running on port 35729）
（INFO）（2024/12/06 11:04:41.359）（IP:）（管理者ID:）（org.springframework.boot.web.embedded.tomcat.TomcatWebServer）（Tomcat started on port 8080 (http) with context path ''）
（INFO）（2024/12/06 11:04:41.361）（IP:）（管理者ID:）（com.digitalojt.web.DroneInventorySystemApplication）（Started DroneInventorySystemApplication in 0.5 seconds (process running for 1158.686)）
（INFO）（2024/12/06 11:04:41.362）（IP:）（管理者ID:）（org.springframework.boot.devtools.autoconfigure.ConditionEvaluationDeltaLoggingListener）（Condition evaluation unchanged）
（INFO）（2024/12/06 11:05:47.480）（IP:）（管理者ID:）（org.springframework.boot.devtools.autoconfigure.LocalDevToolsAutoConfiguration$RestartingClassPathChangeChangedEventListener）（Restarting due to 1 class path change (0 additions, 0 deletions, 1 modification)）
（INFO）（2024/12/06 11:05:47.773）（IP:）（管理者ID:）（org.springframework.orm.jpa.LocalContainerEntityManagerFactoryBean）（Closing JPA EntityManagerFactory for persistence unit 'default'）
（INFO）（2024/12/06 11:05:47.773）（IP:）（管理者ID:）（com.zaxxer.hikari.HikariDataSource）（HikariPool-9 - Shutdown initiated...）
（INFO）（2024/12/06 11:05:47.782）（IP:）（管理者ID:）（com.zaxxer.hikari.HikariDataSource）（HikariPool-9 - Shutdown completed.）
（INFO）（2024/12/06 11:05:47.854）（IP:）（管理者ID:）（com.digitalojt.web.DroneInventorySystemApplication）（Starting DroneInventorySystemApplication using Java 17.0.12 with PID 4676 (C:\Documents\digital-ojt-development-cause-DroneInventorySystem\DroneInventorySystem\target\classes started by z2240246 in C:\Documents\digital-ojt-development-cause-DroneInventorySystem\DroneInventorySystem)）
（INFO）（2024/12/06 11:05:47.854）（IP:）（管理者ID:）（com.digitalojt.web.DroneInventorySystemApplication）（No active profile set, falling back to 1 default profile: "default"）
（INFO）（2024/12/06 11:05:48.009）（IP:）（管理者ID:）（org.springframework.data.repository.config.RepositoryConfigurationDelegate）（Bootstrapping Spring Data JPA repositories in DEFAULT mode.）
（INFO）（2024/12/06 11:05:48.028）（IP:）（管理者ID:）（org.springframework.data.repository.config.RepositoryConfigurationDelegate）（Finished Spring Data repository scanning in 19 ms. Found 4 JPA repository interfaces.）
（INFO）（2024/12/06 11:05:48.108）（IP:）（管理者ID:）（org.springframework.boot.web.embedded.tomcat.TomcatWebServer）（Tomcat initialized with port 8080 (http)）
（INFO）（2024/12/06 11:05:48.108）（IP:）（管理者ID:）（org.apache.catalina.core.StandardService）（Starting service [Tomcat]）
（INFO）（2024/12/06 11:05:48.108）（IP:）（管理者ID:）（org.apache.catalina.core.StandardEngine）（Starting Servlet engine: [Apache Tomcat/10.1.28]）
（INFO）（2024/12/06 11:05:48.130）（IP:）（管理者ID:）（org.apache.catalina.core.ContainerBase.[Tomcat].[localhost].[/]）（Initializing Spring embedded WebApplicationContext）
（INFO）（2024/12/06 11:05:48.131）（IP:）（管理者ID:）（org.springframework.boot.web.servlet.context.ServletWebServerApplicationContext）（Root WebApplicationContext: initialization completed in 275 ms）
（INFO）（2024/12/06 11:05:48.139）（IP:）（管理者ID:）（com.zaxxer.hikari.HikariDataSource）（HikariPool-10 - Starting...）
（INFO）（2024/12/06 11:05:48.158）（IP:）（管理者ID:）（com.zaxxer.hikari.pool.HikariPool）（HikariPool-10 - Added connection com.mysql.cj.jdbc.ConnectionImpl@7b281e04）
（INFO）（2024/12/06 11:05:48.158）（IP:）（管理者ID:）（com.zaxxer.hikari.HikariDataSource）（HikariPool-10 - Start completed.）
（INFO）（2024/12/06 11:05:48.158）（IP:）（管理者ID:）（org.springframework.boot.autoconfigure.h2.H2ConsoleAutoConfiguration）（H2 console available at '/h2-console'. Database available at 'jdbc:mysql://localhost:3306/stock_mng'）
（INFO）（2024/12/06 11:05:48.188）（IP:）（管理者ID:）（org.springframework.orm.jpa.persistenceunit.SpringPersistenceUnitInfo）（No LoadTimeWeaver setup: ignoring JPA class transformer）
（INFO）（2024/12/06 11:05:48.243）（IP:）（管理者ID:）（org.springframework.orm.jpa.LocalContainerEntityManagerFactoryBean）（Initialized JPA EntityManagerFactory for persistence unit 'default'）
（WARN）（2024/12/06 11:05:48.315）（IP:）（管理者ID:）（org.springframework.boot.autoconfigure.orm.jpa.JpaBaseConfiguration$JpaWebConfiguration）（spring.jpa.open-in-view is enabled by default. Therefore, database queries may be performed during view rendering. Explicitly configure spring.jpa.open-in-view to disable this warning）
（INFO）（2024/12/06 11:05:48.356）（IP:）（管理者ID:）（org.springframework.security.web.DefaultSecurityFilterChain）（Will secure any request with [org.springframework.security.web.session.DisableEncodeUrlFilter@1dfb0cef, org.springframework.security.web.context.request.async.WebAsyncManagerIntegrationFilter@71795209, org.springframework.security.web.context.SecurityContextHolderFilter@2648e58, org.springframework.security.web.header.HeaderWriterFilter@43cd3978, org.springframework.security.web.csrf.CsrfFilter@399c8838, org.springframework.security.web.authentication.logout.LogoutFilter@3cb5e0a3, org.springframework.security.web.authentication.UsernamePasswordAuthenticationFilter@ed8456f, org.springframework.security.web.savedrequest.RequestCacheAwareFilter@5f640b64, org.springframework.security.web.servletapi.SecurityContextHolderAwareRequestFilter@30294271, org.springframework.security.web.authentication.AnonymousAuthenticationFilter@6000c76a, org.springframework.security.web.access.ExceptionTranslationFilter@7ee22819, org.springframework.security.web.access.intercept.AuthorizationFilter@39350bbf]）
（INFO）（2024/12/06 11:05:48.387）（IP:）（管理者ID:）（org.springframework.boot.devtools.autoconfigure.OptionalLiveReloadServer）（LiveReload server is running on port 35729）
（INFO）（2024/12/06 11:05:48.401）（IP:）（管理者ID:）（org.springframework.boot.web.embedded.tomcat.TomcatWebServer）（Tomcat started on port 8080 (http) with context path ''）
（INFO）（2024/12/06 11:05:48.405）（IP:）（管理者ID:）（com.digitalojt.web.DroneInventorySystemApplication）（Started DroneInventorySystemApplication in 0.575 seconds (process running for 1225.729)）
（INFO）（2024/12/06 11:05:48.405）（IP:）（管理者ID:）（org.springframework.boot.devtools.autoconfigure.ConditionEvaluationDeltaLoggingListener）（Condition evaluation unchanged）
（INFO）（2024/12/06 11:05:48.797）（IP:）（管理者ID:）（org.apache.catalina.core.ContainerBase.[Tomcat].[localhost].[/]）（Initializing Spring DispatcherServlet 'dispatcherServlet'）
（INFO）（2024/12/06 11:05:48.798）（IP:）（管理者ID:）（org.springframework.web.servlet.DispatcherServlet）（Initializing Servlet 'dispatcherServlet'）
（INFO）（2024/12/06 11:05:48.799）（IP:）（管理者ID:）（org.springframework.web.servlet.DispatcherServlet）（Completed initialization in 1 ms）
（INFO）（2024/12/06 11:13:01.950）（IP:）（管理者ID:）（org.springframework.boot.devtools.autoconfigure.LocalDevToolsAutoConfiguration$RestartingClassPathChangeChangedEventListener）（Restarting due to 1 class path change (0 additions, 0 deletions, 1 modification)）
（INFO）（2024/12/06 11:13:02.230）（IP:）（管理者ID:）（org.springframework.orm.jpa.LocalContainerEntityManagerFactoryBean）（Closing JPA EntityManagerFactory for persistence unit 'default'）
（INFO）（2024/12/06 11:13:02.231）（IP:）（管理者ID:）（com.zaxxer.hikari.HikariDataSource）（HikariPool-10 - Shutdown initiated...）
（INFO）（2024/12/06 11:13:02.237）（IP:）（管理者ID:）（com.zaxxer.hikari.HikariDataSource）（HikariPool-10 - Shutdown completed.）
（INFO）（2024/12/06 11:13:02.313）（IP:）（管理者ID:）（com.digitalojt.web.DroneInventorySystemApplication）（Starting DroneInventorySystemApplication using Java 17.0.12 with PID 4676 (C:\Documents\digital-ojt-development-cause-DroneInventorySystem\DroneInventorySystem\target\classes started by z2240246 in C:\Documents\digital-ojt-development-cause-DroneInventorySystem\DroneInventorySystem)）
（INFO）（2024/12/06 11:13:02.314）（IP:）（管理者ID:）（com.digitalojt.web.DroneInventorySystemApplication）（No active profile set, falling back to 1 default profile: "default"）
（INFO）（2024/12/06 11:13:02.469）（IP:）（管理者ID:）（org.springframework.data.repository.config.RepositoryConfigurationDelegate）（Bootstrapping Spring Data JPA repositories in DEFAULT mode.）
（INFO）（2024/12/06 11:13:02.485）（IP:）（管理者ID:）（org.springframework.data.repository.config.RepositoryConfigurationDelegate）（Finished Spring Data repository scanning in 15 ms. Found 4 JPA repository interfaces.）
（INFO）（2024/12/06 11:13:02.558）（IP:）（管理者ID:）（org.springframework.boot.web.embedded.tomcat.TomcatWebServer）（Tomcat initialized with port 8080 (http)）
（INFO）（2024/12/06 11:13:02.559）（IP:）（管理者ID:）（org.apache.catalina.core.StandardService）（Starting service [Tomcat]）
（INFO）（2024/12/06 11:13:02.559）（IP:）（管理者ID:）（org.apache.catalina.core.StandardEngine）（Starting Servlet engine: [Apache Tomcat/10.1.28]）
（INFO）（2024/12/06 11:13:02.576）（IP:）（管理者ID:）（org.apache.catalina.core.ContainerBase.[Tomcat].[localhost].[/]）（Initializing Spring embedded WebApplicationContext）
（INFO）（2024/12/06 11:13:02.576）（IP:）（管理者ID:）（org.springframework.boot.web.servlet.context.ServletWebServerApplicationContext）（Root WebApplicationContext: initialization completed in 261 ms）
（INFO）（2024/12/06 11:13:02.584）（IP:）（管理者ID:）（com.zaxxer.hikari.HikariDataSource）（HikariPool-11 - Starting...）
（INFO）（2024/12/06 11:13:02.595）（IP:）（管理者ID:）（com.zaxxer.hikari.pool.HikariPool）（HikariPool-11 - Added connection com.mysql.cj.jdbc.ConnectionImpl@7bb736b8）
（INFO）（2024/12/06 11:13:02.595）（IP:）（管理者ID:）（com.zaxxer.hikari.HikariDataSource）（HikariPool-11 - Start completed.）
（INFO）（2024/12/06 11:13:02.595）（IP:）（管理者ID:）（org.springframework.boot.autoconfigure.h2.H2ConsoleAutoConfiguration）（H2 console available at '/h2-console'. Database available at 'jdbc:mysql://localhost:3306/stock_mng'）
（INFO）（2024/12/06 11:13:02.619）（IP:）（管理者ID:）（org.springframework.orm.jpa.persistenceunit.SpringPersistenceUnitInfo）（No LoadTimeWeaver setup: ignoring JPA class transformer）
（INFO）（2024/12/06 11:13:02.673）（IP:）（管理者ID:）（org.springframework.orm.jpa.LocalContainerEntityManagerFactoryBean）（Initialized JPA EntityManagerFactory for persistence unit 'default'）
（WARN）（2024/12/06 11:13:02.743）（IP:）（管理者ID:）（org.springframework.boot.autoconfigure.orm.jpa.JpaBaseConfiguration$JpaWebConfiguration）（spring.jpa.open-in-view is enabled by default. Therefore, database queries may be performed during view rendering. Explicitly configure spring.jpa.open-in-view to disable this warning）
（INFO）（2024/12/06 11:13:02.792）（IP:）（管理者ID:）（org.springframework.security.web.DefaultSecurityFilterChain）（Will secure any request with [org.springframework.security.web.session.DisableEncodeUrlFilter@54cc9e0a, org.springframework.security.web.context.request.async.WebAsyncManagerIntegrationFilter@3964561c, org.springframework.security.web.context.SecurityContextHolderFilter@5b071884, org.springframework.security.web.header.HeaderWriterFilter@2f4ec473, org.springframework.security.web.csrf.CsrfFilter@48899e66, org.springframework.security.web.authentication.logout.LogoutFilter@5b4c5202, org.springframework.security.web.authentication.UsernamePasswordAuthenticationFilter@3944ca95, org.springframework.security.web.savedrequest.RequestCacheAwareFilter@5ff9c72c, org.springframework.security.web.servletapi.SecurityContextHolderAwareRequestFilter@7009fd6f, org.springframework.security.web.authentication.AnonymousAuthenticationFilter@33691aad, org.springframework.security.web.access.ExceptionTranslationFilter@64296ec2, org.springframework.security.web.access.intercept.AuthorizationFilter@a154c1]）
（INFO）（2024/12/06 11:13:02.840）（IP:）（管理者ID:）（org.springframework.boot.devtools.autoconfigure.OptionalLiveReloadServer）（LiveReload server is running on port 35729）
（INFO）（2024/12/06 11:13:02.850）（IP:）（管理者ID:）（org.springframework.boot.web.embedded.tomcat.TomcatWebServer）（Tomcat started on port 8080 (http) with context path ''）
（INFO）（2024/12/06 11:13:02.853）（IP:）（管理者ID:）（com.digitalojt.web.DroneInventorySystemApplication）（Started DroneInventorySystemApplication in 0.567 seconds (process running for 1660.177)）
（INFO）（2024/12/06 11:13:02.854）（IP:）（管理者ID:）（org.springframework.boot.devtools.autoconfigure.ConditionEvaluationDeltaLoggingListener）（Condition evaluation unchanged）
（INFO）（2024/12/06 11:14:31.875）（IP:）（管理者ID:）（org.springframework.boot.devtools.autoconfigure.LocalDevToolsAutoConfiguration$RestartingClassPathChangeChangedEventListener）（Restarting due to 1 class path change (0 additions, 0 deletions, 1 modification)）
（INFO）（2024/12/06 11:14:32.142）（IP:）（管理者ID:）（org.springframework.orm.jpa.LocalContainerEntityManagerFactoryBean）（Closing JPA EntityManagerFactory for persistence unit 'default'）
（INFO）（2024/12/06 11:14:32.143）（IP:）（管理者ID:）（com.zaxxer.hikari.HikariDataSource）（HikariPool-11 - Shutdown initiated...）
（INFO）（2024/12/06 11:14:32.150）（IP:）（管理者ID:）（com.zaxxer.hikari.HikariDataSource）（HikariPool-11 - Shutdown completed.）
（INFO）（2024/12/06 11:14:32.214）（IP:）（管理者ID:）（com.digitalojt.web.DroneInventorySystemApplication）（Starting DroneInventorySystemApplication using Java 17.0.12 with PID 4676 (C:\Documents\digital-ojt-development-cause-DroneInventorySystem\DroneInventorySystem\target\classes started by z2240246 in C:\Documents\digital-ojt-development-cause-DroneInventorySystem\DroneInventorySystem)）
（INFO）（2024/12/06 11:14:32.214）（IP:）（管理者ID:）（com.digitalojt.web.DroneInventorySystemApplication）（No active profile set, falling back to 1 default profile: "default"）
（INFO）（2024/12/06 11:14:32.346）（IP:）（管理者ID:）（org.springframework.data.repository.config.RepositoryConfigurationDelegate）（Bootstrapping Spring Data JPA repositories in DEFAULT mode.）
（INFO）（2024/12/06 11:14:32.362）（IP:）（管理者ID:）（org.springframework.data.repository.config.RepositoryConfigurationDelegate）（Finished Spring Data repository scanning in 15 ms. Found 4 JPA repository interfaces.）
（INFO）（2024/12/06 11:14:32.421）（IP:）（管理者ID:）（org.springframework.boot.web.embedded.tomcat.TomcatWebServer）（Tomcat initialized with port 8080 (http)）
（INFO）（2024/12/06 11:14:32.421）（IP:）（管理者ID:）（org.apache.catalina.core.StandardService）（Starting service [Tomcat]）
（INFO）（2024/12/06 11:14:32.421）（IP:）（管理者ID:）（org.apache.catalina.core.StandardEngine）（Starting Servlet engine: [Apache Tomcat/10.1.28]）
（INFO）（2024/12/06 11:14:32.441）（IP:）（管理者ID:）（org.apache.catalina.core.ContainerBase.[Tomcat].[localhost].[/]）（Initializing Spring embedded WebApplicationContext）
（INFO）（2024/12/06 11:14:32.441）（IP:）（管理者ID:）（org.springframework.boot.web.servlet.context.ServletWebServerApplicationContext）（Root WebApplicationContext: initialization completed in 226 ms）
（INFO）（2024/12/06 11:14:32.448）（IP:）（管理者ID:）（com.zaxxer.hikari.HikariDataSource）（HikariPool-12 - Starting...）
（INFO）（2024/12/06 11:14:32.459）（IP:）（管理者ID:）（com.zaxxer.hikari.pool.HikariPool）（HikariPool-12 - Added connection com.mysql.cj.jdbc.ConnectionImpl@14cae4e3）
（INFO）（2024/12/06 11:14:32.459）（IP:）（管理者ID:）（com.zaxxer.hikari.HikariDataSource）（HikariPool-12 - Start completed.）
（INFO）（2024/12/06 11:14:32.459）（IP:）（管理者ID:）（org.springframework.boot.autoconfigure.h2.H2ConsoleAutoConfiguration）（H2 console available at '/h2-console'. Database available at 'jdbc:mysql://localhost:3306/stock_mng'）
（INFO）（2024/12/06 11:14:32.481）（IP:）（管理者ID:）（org.springframework.orm.jpa.persistenceunit.SpringPersistenceUnitInfo）（No LoadTimeWeaver setup: ignoring JPA class transformer）
（INFO）（2024/12/06 11:14:32.534）（IP:）（管理者ID:）（org.springframework.orm.jpa.LocalContainerEntityManagerFactoryBean）（Initialized JPA EntityManagerFactory for persistence unit 'default'）
（WARN）（2024/12/06 11:14:32.594）（IP:）（管理者ID:）（org.springframework.boot.autoconfigure.orm.jpa.JpaBaseConfiguration$JpaWebConfiguration）（spring.jpa.open-in-view is enabled by default. Therefore, database queries may be performed during view rendering. Explicitly configure spring.jpa.open-in-view to disable this warning）
（INFO）（2024/12/06 11:14:32.636）（IP:）（管理者ID:）（org.springframework.security.web.DefaultSecurityFilterChain）（Will secure any request with [org.springframework.security.web.session.DisableEncodeUrlFilter@5f9a38ec, org.springframework.security.web.context.request.async.WebAsyncManagerIntegrationFilter@dcdf7c5, org.springframework.security.web.context.SecurityContextHolderFilter@77d1f423, org.springframework.security.web.header.HeaderWriterFilter@606dd4f0, org.springframework.security.web.csrf.CsrfFilter@2490183e, org.springframework.security.web.authentication.logout.LogoutFilter@4f8087df, org.springframework.security.web.authentication.UsernamePasswordAuthenticationFilter@14effbd1, org.springframework.security.web.savedrequest.RequestCacheAwareFilter@53a4530f, org.springframework.security.web.servletapi.SecurityContextHolderAwareRequestFilter@394c846c, org.springframework.security.web.authentication.AnonymousAuthenticationFilter@16036663, org.springframework.security.web.access.ExceptionTranslationFilter@2ef88f58, org.springframework.security.web.access.intercept.AuthorizationFilter@63ff054a]）
（INFO）（2024/12/06 11:14:32.667）（IP:）（管理者ID:）（org.springframework.boot.devtools.autoconfigure.OptionalLiveReloadServer）（LiveReload server is running on port 35729）
（INFO）（2024/12/06 11:14:32.678）（IP:）（管理者ID:）（org.springframework.boot.web.embedded.tomcat.TomcatWebServer）（Tomcat started on port 8080 (http) with context path ''）
（INFO）（2024/12/06 11:14:32.681）（IP:）（管理者ID:）（com.digitalojt.web.DroneInventorySystemApplication）（Started DroneInventorySystemApplication in 0.486 seconds (process running for 1750.005)）
（INFO）（2024/12/06 11:14:32.682）（IP:）（管理者ID:）（org.springframework.boot.devtools.autoconfigure.ConditionEvaluationDeltaLoggingListener）（Condition evaluation unchanged）
（INFO）（2024/12/06 11:17:02.788）（IP:）（管理者ID:）（org.springframework.boot.devtools.autoconfigure.LocalDevToolsAutoConfiguration$RestartingClassPathChangeChangedEventListener）（Restarting due to 1 class path change (0 additions, 0 deletions, 1 modification)）
（INFO）（2024/12/06 11:17:03.075）（IP:）（管理者ID:）（org.springframework.orm.jpa.LocalContainerEntityManagerFactoryBean）（Closing JPA EntityManagerFactory for persistence unit 'default'）
（INFO）（2024/12/06 11:17:03.075）（IP:）（管理者ID:）（com.zaxxer.hikari.HikariDataSource）（HikariPool-12 - Shutdown initiated...）
（INFO）（2024/12/06 11:17:03.083）（IP:）（管理者ID:）（com.zaxxer.hikari.HikariDataSource）（HikariPool-12 - Shutdown completed.）
（INFO）（2024/12/06 11:17:03.147）（IP:）（管理者ID:）（com.digitalojt.web.DroneInventorySystemApplication）（Starting DroneInventorySystemApplication using Java 17.0.12 with PID 4676 (C:\Documents\digital-ojt-development-cause-DroneInventorySystem\DroneInventorySystem\target\classes started by z2240246 in C:\Documents\digital-ojt-development-cause-DroneInventorySystem\DroneInventorySystem)）
（INFO）（2024/12/06 11:17:03.148）（IP:）（管理者ID:）（com.digitalojt.web.DroneInventorySystemApplication）（No active profile set, falling back to 1 default profile: "default"）
（INFO）（2024/12/06 11:17:03.276）（IP:）（管理者ID:）（org.springframework.data.repository.config.RepositoryConfigurationDelegate）（Bootstrapping Spring Data JPA repositories in DEFAULT mode.）
（INFO）（2024/12/06 11:17:03.290）（IP:）（管理者ID:）（org.springframework.data.repository.config.RepositoryConfigurationDelegate）（Finished Spring Data repository scanning in 14 ms. Found 4 JPA repository interfaces.）
（INFO）（2024/12/06 11:17:03.348）（IP:）（管理者ID:）（org.springframework.boot.web.embedded.tomcat.TomcatWebServer）（Tomcat initialized with port 8080 (http)）
（INFO）（2024/12/06 11:17:03.349）（IP:）（管理者ID:）（org.apache.catalina.core.StandardService）（Starting service [Tomcat]）
（INFO）（2024/12/06 11:17:03.349）（IP:）（管理者ID:）（org.apache.catalina.core.StandardEngine）（Starting Servlet engine: [Apache Tomcat/10.1.28]）
（INFO）（2024/12/06 11:17:03.367）（IP:）（管理者ID:）（org.apache.catalina.core.ContainerBase.[Tomcat].[localhost].[/]）（Initializing Spring embedded WebApplicationContext）
（INFO）（2024/12/06 11:17:03.367）（IP:）（管理者ID:）（org.springframework.boot.web.servlet.context.ServletWebServerApplicationContext）（Root WebApplicationContext: initialization completed in 218 ms）
（INFO）（2024/12/06 11:17:03.373）（IP:）（管理者ID:）（com.zaxxer.hikari.HikariDataSource）（HikariPool-13 - Starting...）
（INFO）（2024/12/06 11:17:03.382）（IP:）（管理者ID:）（com.zaxxer.hikari.pool.HikariPool）（HikariPool-13 - Added connection com.mysql.cj.jdbc.ConnectionImpl@6ccfb8d9）
（INFO）（2024/12/06 11:17:03.382）（IP:）（管理者ID:）（com.zaxxer.hikari.HikariDataSource）（HikariPool-13 - Start completed.）
（INFO）（2024/12/06 11:17:03.382）（IP:）（管理者ID:）（org.springframework.boot.autoconfigure.h2.H2ConsoleAutoConfiguration）（H2 console available at '/h2-console'. Database available at 'jdbc:mysql://localhost:3306/stock_mng'）
（INFO）（2024/12/06 11:17:03.403）（IP:）（管理者ID:）（org.springframework.orm.jpa.persistenceunit.SpringPersistenceUnitInfo）（No LoadTimeWeaver setup: ignoring JPA class transformer）
（INFO）（2024/12/06 11:17:03.454）（IP:）（管理者ID:）（org.springframework.orm.jpa.LocalContainerEntityManagerFactoryBean）（Initialized JPA EntityManagerFactory for persistence unit 'default'）
（WARN）（2024/12/06 11:17:03.514）（IP:）（管理者ID:）（org.springframework.boot.autoconfigure.orm.jpa.JpaBaseConfiguration$JpaWebConfiguration）（spring.jpa.open-in-view is enabled by default. Therefore, database queries may be performed during view rendering. Explicitly configure spring.jpa.open-in-view to disable this warning）
（INFO）（2024/12/06 11:17:03.554）（IP:）（管理者ID:）（org.springframework.security.web.DefaultSecurityFilterChain）（Will secure any request with [org.springframework.security.web.session.DisableEncodeUrlFilter@45099b74, org.springframework.security.web.context.request.async.WebAsyncManagerIntegrationFilter@762f23fb, org.springframework.security.web.context.SecurityContextHolderFilter@4bcd2d93, org.springframework.security.web.header.HeaderWriterFilter@48c3cdc8, org.springframework.security.web.csrf.CsrfFilter@598db1d8, org.springframework.security.web.authentication.logout.LogoutFilter@559ce135, org.springframework.security.web.authentication.UsernamePasswordAuthenticationFilter@77ae59fd, org.springframework.security.web.savedrequest.RequestCacheAwareFilter@7ffa4643, org.springframework.security.web.servletapi.SecurityContextHolderAwareRequestFilter@21e4cf99, org.springframework.security.web.authentication.AnonymousAuthenticationFilter@3e698e89, org.springframework.security.web.access.ExceptionTranslationFilter@64374ef3, org.springframework.security.web.access.intercept.AuthorizationFilter@7f66ed0a]）
（INFO）（2024/12/06 11:17:03.587）（IP:）（管理者ID:）（org.springframework.boot.devtools.autoconfigure.OptionalLiveReloadServer）（LiveReload server is running on port 35729）
（INFO）（2024/12/06 11:17:03.599）（IP:）（管理者ID:）（org.springframework.boot.web.embedded.tomcat.TomcatWebServer）（Tomcat started on port 8080 (http) with context path ''）
（INFO）（2024/12/06 11:17:03.602）（IP:）（管理者ID:）（com.digitalojt.web.DroneInventorySystemApplication）（Started DroneInventorySystemApplication in 0.474 seconds (process running for 1900.927)）
（INFO）（2024/12/06 11:17:03.603）（IP:）（管理者ID:）（org.springframework.boot.devtools.autoconfigure.ConditionEvaluationDeltaLoggingListener）（Condition evaluation unchanged）
（INFO）（2024/12/06 11:18:10.448）（IP:）（管理者ID:）（org.springframework.boot.devtools.autoconfigure.LocalDevToolsAutoConfiguration$RestartingClassPathChangeChangedEventListener）（Restarting due to 1 class path change (0 additions, 0 deletions, 1 modification)）
（INFO）（2024/12/06 11:18:10.742）（IP:）（管理者ID:）（org.springframework.orm.jpa.LocalContainerEntityManagerFactoryBean）（Closing JPA EntityManagerFactory for persistence unit 'default'）
（INFO）（2024/12/06 11:18:10.743）（IP:）（管理者ID:）（com.zaxxer.hikari.HikariDataSource）（HikariPool-13 - Shutdown initiated...）
（INFO）（2024/12/06 11:18:10.750）（IP:）（管理者ID:）（com.zaxxer.hikari.HikariDataSource）（HikariPool-13 - Shutdown completed.）
（INFO）（2024/12/06 11:18:10.813）（IP:）（管理者ID:）（com.digitalojt.web.DroneInventorySystemApplication）（Starting DroneInventorySystemApplication using Java 17.0.12 with PID 4676 (C:\Documents\digital-ojt-development-cause-DroneInventorySystem\DroneInventorySystem\target\classes started by z2240246 in C:\Documents\digital-ojt-development-cause-DroneInventorySystem\DroneInventorySystem)）
（INFO）（2024/12/06 11:18:10.813）（IP:）（管理者ID:）（com.digitalojt.web.DroneInventorySystemApplication）（No active profile set, falling back to 1 default profile: "default"）
（INFO）（2024/12/06 11:18:10.943）（IP:）（管理者ID:）（org.springframework.data.repository.config.RepositoryConfigurationDelegate）（Bootstrapping Spring Data JPA repositories in DEFAULT mode.）
（INFO）（2024/12/06 11:18:10.960）（IP:）（管理者ID:）（org.springframework.data.repository.config.RepositoryConfigurationDelegate）（Finished Spring Data repository scanning in 16 ms. Found 4 JPA repository interfaces.）
（INFO）（2024/12/06 11:18:11.018）（IP:）（管理者ID:）（org.springframework.boot.web.embedded.tomcat.TomcatWebServer）（Tomcat initialized with port 8080 (http)）
（INFO）（2024/12/06 11:18:11.018）（IP:）（管理者ID:）（org.apache.catalina.core.StandardService）（Starting service [Tomcat]）
（INFO）（2024/12/06 11:18:11.019）（IP:）（管理者ID:）（org.apache.catalina.core.StandardEngine）（Starting Servlet engine: [Apache Tomcat/10.1.28]）
（INFO）（2024/12/06 11:18:11.039）（IP:）（管理者ID:）（org.apache.catalina.core.ContainerBase.[Tomcat].[localhost].[/]）（Initializing Spring embedded WebApplicationContext）
（INFO）（2024/12/06 11:18:11.039）（IP:）（管理者ID:）（org.springframework.boot.web.servlet.context.ServletWebServerApplicationContext）（Root WebApplicationContext: initialization completed in 225 ms）
（INFO）（2024/12/06 11:18:11.046）（IP:）（管理者ID:）（com.zaxxer.hikari.HikariDataSource）（HikariPool-14 - Starting...）
（INFO）（2024/12/06 11:18:11.055）（IP:）（管理者ID:）（com.zaxxer.hikari.pool.HikariPool）（HikariPool-14 - Added connection com.mysql.cj.jdbc.ConnectionImpl@69915b42）
（INFO）（2024/12/06 11:18:11.055）（IP:）（管理者ID:）（com.zaxxer.hikari.HikariDataSource）（HikariPool-14 - Start completed.）
（INFO）（2024/12/06 11:18:11.055）（IP:）（管理者ID:）（org.springframework.boot.autoconfigure.h2.H2ConsoleAutoConfiguration）（H2 console available at '/h2-console'. Database available at 'jdbc:mysql://localhost:3306/stock_mng'）
（INFO）（2024/12/06 11:18:11.078）（IP:）（管理者ID:）（org.springframework.orm.jpa.persistenceunit.SpringPersistenceUnitInfo）（No LoadTimeWeaver setup: ignoring JPA class transformer）
（INFO）（2024/12/06 11:18:11.131）（IP:）（管理者ID:）（org.springframework.orm.jpa.LocalContainerEntityManagerFactoryBean）（Initialized JPA EntityManagerFactory for persistence unit 'default'）
（WARN）（2024/12/06 11:18:11.192）（IP:）（管理者ID:）（org.springframework.boot.autoconfigure.orm.jpa.JpaBaseConfiguration$JpaWebConfiguration）（spring.jpa.open-in-view is enabled by default. Therefore, database queries may be performed during view rendering. Explicitly configure spring.jpa.open-in-view to disable this warning）
（INFO）（2024/12/06 11:18:11.239）（IP:）（管理者ID:）（org.springframework.security.web.DefaultSecurityFilterChain）（Will secure any request with [org.springframework.security.web.session.DisableEncodeUrlFilter@50be5ddc, org.springframework.security.web.context.request.async.WebAsyncManagerIntegrationFilter@93fe564, org.springframework.security.web.context.SecurityContextHolderFilter@43b6ef64, org.springframework.security.web.header.HeaderWriterFilter@20e462d1, org.springframework.security.web.csrf.CsrfFilter@2d77d7d4, org.springframework.security.web.authentication.logout.LogoutFilter@1ddd211e, org.springframework.security.web.authentication.UsernamePasswordAuthenticationFilter@241f4d90, org.springframework.security.web.savedrequest.RequestCacheAwareFilter@506c49b1, org.springframework.security.web.servletapi.SecurityContextHolderAwareRequestFilter@6a953bf0, org.springframework.security.web.authentication.AnonymousAuthenticationFilter@5c1e1eaa, org.springframework.security.web.access.ExceptionTranslationFilter@5e5c93e7, org.springframework.security.web.access.intercept.AuthorizationFilter@6c472677]）
（INFO）（2024/12/06 11:18:11.270）（IP:）（管理者ID:）（org.springframework.boot.devtools.autoconfigure.OptionalLiveReloadServer）（LiveReload server is running on port 35729）
（INFO）（2024/12/06 11:18:11.279）（IP:）（管理者ID:）（org.springframework.boot.web.embedded.tomcat.TomcatWebServer）（Tomcat started on port 8080 (http) with context path ''）
（INFO）（2024/12/06 11:18:11.282）（IP:）（管理者ID:）（com.digitalojt.web.DroneInventorySystemApplication）（Started DroneInventorySystemApplication in 0.489 seconds (process running for 1968.607)）
（INFO）（2024/12/06 11:18:11.283）（IP:）（管理者ID:）（org.springframework.boot.devtools.autoconfigure.ConditionEvaluationDeltaLoggingListener）（Condition evaluation unchanged）
（INFO）（2024/12/06 11:18:19.845）（IP:）（管理者ID:）（org.apache.catalina.core.ContainerBase.[Tomcat].[localhost].[/]）（Initializing Spring DispatcherServlet 'dispatcherServlet'）
（INFO）（2024/12/06 11:18:19.845）（IP:）（管理者ID:）（org.springframework.web.servlet.DispatcherServlet）（Initializing Servlet 'dispatcherServlet'）
（INFO）（2024/12/06 11:18:19.846）（IP:）（管理者ID:）（org.springframework.web.servlet.DispatcherServlet）（Completed initialization in 1 ms）
（INFO）（2024/12/06 11:18:24.107）（IP:0:0:0:0:0:0:0:1）（管理者ID:dotlife）（在庫センター情報画面）（GET-アクセスログ-成功：）
（INFO）（2024/12/06 11:18:25.831）（IP:0:0:0:0:0:0:0:1）（管理者ID:dotlife）（在庫センター情報画面）（GET-アクセスログ-成功：）
（INFO）（2024/12/06 11:18:28.192）（IP:0:0:0:0:0:0:0:1）（管理者ID:dotlife）（在庫センター情報画面）（POST-アプリケーションログ-成功：検索開始）
（INFO）（2024/12/06 11:18:28.201）（IP:0:0:0:0:0:0:0:1）（管理者ID:dotlife）（在庫センター情報画面）（POST-アプリケーションログ-成功：検索結果1件）
（INFO）（2024/12/06 11:18:47.553）（IP:0:0:0:0:0:0:0:1）（管理者ID:dotlife）（在庫センター情報画面）（POST-アプリケーションログ-失敗：：すべてのフィールドが空です。少なくとも1つのフィールドに値を入力してください。）
（INFO）（2024/12/06 11:19:02.762）（IP:0:0:0:0:0:0:0:1）（管理者ID:dotlife）（在庫センター情報画面）（POST-アプリケーションログ-失敗：：※正しく数値を入力してください。）
（INFO）（2024/12/06 11:19:14.112）（IP:0:0:0:0:0:0:0:1）（管理者ID:dotlife）（在庫センター情報画面）（POST-アプリケーションログ-失敗：：※容量の数値の大小関係は正しく入力してください。）
（INFO）（2024/12/06 11:19:29.665）（IP:0:0:0:0:0:0:0:1）（管理者ID:dotlife）（在庫センター情報画面）（POST-アプリケーションログ-成功：検索開始）
（INFO）（2024/12/06 11:19:29.667）（IP:0:0:0:0:0:0:0:1）（管理者ID:dotlife）（在庫センター情報画面）（POST-アプリケーションログ-成功：検索結果5件）
（INFO）（2024/12/06 11:21:11.174）（IP:）（管理者ID:）（org.springframework.boot.admin.SpringApplicationAdminMXBeanRegistrar$SpringApplicationAdmin）（Application shutdown requested.）
（INFO）（2024/12/06 11:21:11.461）（IP:）（管理者ID:）（org.springframework.orm.jpa.LocalContainerEntityManagerFactoryBean）（Closing JPA EntityManagerFactory for persistence unit 'default'）
（INFO）（2024/12/06 11:21:11.462）（IP:）（管理者ID:）（com.zaxxer.hikari.HikariDataSource）（HikariPool-14 - Shutdown initiated...）
（INFO）（2024/12/06 11:21:11.468）（IP:）（管理者ID:）（com.zaxxer.hikari.HikariDataSource）（HikariPool-14 - Shutdown completed.）
