（WARN）（2024/12/08 23:36:14.829）（IP:）（管理者ID:）（com.zaxxer.hikari.pool.HikariPool）（HikariPool-16 - Thread starvation or clock leap detected (housekeeper delta=1d1h9m19s696ms170µs500ns).）
（INFO）（2024/12/08 23:42:12.752）（IP:）（管理者ID:）（org.springframework.boot.devtools.autoconfigure.LocalDevToolsAutoConfiguration$RestartingClassPathChangeChangedEventListener）（Restarting due to 1 class path change (0 additions, 0 deletions, 1 modification)）
（INFO）（2024/12/08 23:42:12.911）（IP:）（管理者ID:）（org.springframework.orm.jpa.LocalContainerEntityManagerFactoryBean）（Closing JPA EntityManagerFactory for persistence unit 'default'）
（INFO）（2024/12/08 23:42:12.913）（IP:）（管理者ID:）（com.zaxxer.hikari.HikariDataSource）（HikariPool-16 - Shutdown initiated...）
（INFO）（2024/12/08 23:42:12.920）（IP:）（管理者ID:）（com.zaxxer.hikari.HikariDataSource）（HikariPool-16 - Shutdown completed.）
（INFO）（2024/12/08 23:42:13.023）（IP:）（管理者ID:）（com.digitalojt.web.DroneInventorySystemApplication）（Starting DroneInventorySystemApplication using Java 17.0.12 with PID 26792 (C:\Documents\digital-ojt-development-cause-DroneInventorySystem\DroneInventorySystem\target\classes started by z2240246 in C:\Documents\digital-ojt-development-cause-DroneInventorySystem\DroneInventorySystem)）
（INFO）（2024/12/08 23:42:13.024）（IP:）（管理者ID:）（com.digitalojt.web.DroneInventorySystemApplication）（No active profile set, falling back to 1 default profile: "default"）
（INFO）（2024/12/08 23:42:13.250）（IP:）（管理者ID:）（org.springframework.data.repository.config.RepositoryConfigurationDelegate）（Bootstrapping Spring Data JPA repositories in DEFAULT mode.）
（INFO）（2024/12/08 23:42:13.276）（IP:）（管理者ID:）（org.springframework.data.repository.config.RepositoryConfigurationDelegate）（Finished Spring Data repository scanning in 26 ms. Found 4 JPA repository interfaces.）
（INFO）（2024/12/08 23:42:13.378）（IP:）（管理者ID:）（org.springframework.boot.web.embedded.tomcat.TomcatWebServer）（Tomcat initialized with port 8080 (http)）
（INFO）（2024/12/08 23:42:13.378）（IP:）（管理者ID:）（org.apache.catalina.core.StandardService）（Starting service [Tomcat]）
（INFO）（2024/12/08 23:42:13.379）（IP:）（管理者ID:）（org.apache.catalina.core.StandardEngine）（Starting Servlet engine: [Apache Tomcat/10.1.28]）
（INFO）（2024/12/08 23:42:13.407）（IP:）（管理者ID:）（org.apache.catalina.core.ContainerBase.[Tomcat].[localhost].[/]）（Initializing Spring embedded WebApplicationContext）
（INFO）（2024/12/08 23:42:13.407）（IP:）（管理者ID:）（org.springframework.boot.web.servlet.context.ServletWebServerApplicationContext）（Root WebApplicationContext: initialization completed in 382 ms）
（INFO）（2024/12/08 23:42:13.417）（IP:）（管理者ID:）（com.zaxxer.hikari.HikariDataSource）（HikariPool-17 - Starting...）
（INFO）（2024/12/08 23:42:13.433）（IP:）（管理者ID:）（com.zaxxer.hikari.pool.HikariPool）（HikariPool-17 - Added connection com.mysql.cj.jdbc.ConnectionImpl@3cea5f07）
（INFO）（2024/12/08 23:42:13.433）（IP:）（管理者ID:）（com.zaxxer.hikari.HikariDataSource）（HikariPool-17 - Start completed.）
（INFO）（2024/12/08 23:42:13.434）（IP:）（管理者ID:）（org.springframework.boot.autoconfigure.h2.H2ConsoleAutoConfiguration）（H2 console available at '/h2-console'. Database available at 'jdbc:mysql://localhost:3306/stock_mng'）
（INFO）（2024/12/08 23:42:13.471）（IP:）（管理者ID:）（org.springframework.orm.jpa.persistenceunit.SpringPersistenceUnitInfo）（No LoadTimeWeaver setup: ignoring JPA class transformer）
（INFO）（2024/12/08 23:42:13.581）（IP:）（管理者ID:）（org.springframework.orm.jpa.LocalContainerEntityManagerFactoryBean）（Initialized JPA EntityManagerFactory for persistence unit 'default'）
（WARN）（2024/12/08 23:42:13.665）（IP:）（管理者ID:）（org.springframework.boot.autoconfigure.orm.jpa.JpaBaseConfiguration$JpaWebConfiguration）（spring.jpa.open-in-view is enabled by default. Therefore, database queries may be performed during view rendering. Explicitly configure spring.jpa.open-in-view to disable this warning）
（INFO）（2024/12/08 23:42:13.726）（IP:）（管理者ID:）（org.springframework.security.web.DefaultSecurityFilterChain）（Will secure any request with [org.springframework.security.web.session.DisableEncodeUrlFilter@68f447f7, org.springframework.security.web.context.request.async.WebAsyncManagerIntegrationFilter@14fd35cd, org.springframework.security.web.context.SecurityContextHolderFilter@4680b982, org.springframework.security.web.header.HeaderWriterFilter@261bedd1, org.springframework.security.web.csrf.CsrfFilter@4078d729, org.springframework.security.web.authentication.logout.LogoutFilter@6217a750, org.springframework.security.web.authentication.UsernamePasswordAuthenticationFilter@3f8766a9, org.springframework.security.web.savedrequest.RequestCacheAwareFilter@4047ffe4, org.springframework.security.web.servletapi.SecurityContextHolderAwareRequestFilter@27d3397f, org.springframework.security.web.authentication.AnonymousAuthenticationFilter@5fc5b4f2, org.springframework.security.web.access.ExceptionTranslationFilter@111eddbe, org.springframework.security.web.access.intercept.AuthorizationFilter@60f560c0]）
（INFO）（2024/12/08 23:42:13.779）（IP:）（管理者ID:）（org.springframework.boot.devtools.autoconfigure.OptionalLiveReloadServer）（LiveReload server is running on port 35729）
（INFO）（2024/12/08 23:42:13.792）（IP:）（管理者ID:）（org.springframework.boot.web.embedded.tomcat.TomcatWebServer）（Tomcat started on port 8080 (http) with context path ''）
（INFO）（2024/12/08 23:42:13.799）（IP:）（管理者ID:）（com.digitalojt.web.DroneInventorySystemApplication）（Started DroneInventorySystemApplication in 0.803 seconds (process running for 178287.081)）
（INFO）（2024/12/08 23:42:13.801）（IP:）（管理者ID:）（org.springframework.boot.devtools.autoconfigure.ConditionEvaluationDeltaLoggingListener）（Condition evaluation unchanged）
（INFO）（2024/12/08 23:47:06.126）（IP:）（管理者ID:）（org.springframework.boot.devtools.autoconfigure.LocalDevToolsAutoConfiguration$RestartingClassPathChangeChangedEventListener）（Restarting due to 1 class path change (0 additions, 0 deletions, 1 modification)）
（INFO）（2024/12/08 23:47:06.276）（IP:）（管理者ID:）（org.springframework.orm.jpa.LocalContainerEntityManagerFactoryBean）（Closing JPA EntityManagerFactory for persistence unit 'default'）
（INFO）（2024/12/08 23:47:06.279）（IP:）（管理者ID:）（com.zaxxer.hikari.HikariDataSource）（HikariPool-17 - Shutdown initiated...）
（INFO）（2024/12/08 23:47:06.284）（IP:）（管理者ID:）（com.zaxxer.hikari.HikariDataSource）（HikariPool-17 - Shutdown completed.）
（INFO）（2024/12/08 23:47:06.369）（IP:）（管理者ID:）（com.digitalojt.web.DroneInventorySystemApplication）（Starting DroneInventorySystemApplication using Java 17.0.12 with PID 26792 (C:\Documents\digital-ojt-development-cause-DroneInventorySystem\DroneInventorySystem\target\classes started by z2240246 in C:\Documents\digital-ojt-development-cause-DroneInventorySystem\DroneInventorySystem)）
（INFO）（2024/12/08 23:47:06.370）（IP:）（管理者ID:）（com.digitalojt.web.DroneInventorySystemApplication）（No active profile set, falling back to 1 default profile: "default"）
（INFO）（2024/12/08 23:47:06.563）（IP:）（管理者ID:）（org.springframework.data.repository.config.RepositoryConfigurationDelegate）（Bootstrapping Spring Data JPA repositories in DEFAULT mode.）
（INFO）（2024/12/08 23:47:06.582）（IP:）（管理者ID:）（org.springframework.data.repository.config.RepositoryConfigurationDelegate）（Finished Spring Data repository scanning in 19 ms. Found 4 JPA repository interfaces.）
（INFO）（2024/12/08 23:47:06.664）（IP:）（管理者ID:）（org.springframework.boot.web.embedded.tomcat.TomcatWebServer）（Tomcat initialized with port 8080 (http)）
（INFO）（2024/12/08 23:47:06.669）（IP:）（管理者ID:）（org.apache.catalina.core.StandardService）（Starting service [Tomcat]）
（INFO）（2024/12/08 23:47:06.669）（IP:）（管理者ID:）（org.apache.catalina.core.StandardEngine）（Starting Servlet engine: [Apache Tomcat/10.1.28]）
（INFO）（2024/12/08 23:47:06.694）（IP:）（管理者ID:）（org.apache.catalina.core.ContainerBase.[Tomcat].[localhost].[/]）（Initializing Spring embedded WebApplicationContext）
（INFO）（2024/12/08 23:47:06.694）（IP:）（管理者ID:）（org.springframework.boot.web.servlet.context.ServletWebServerApplicationContext）（Root WebApplicationContext: initialization completed in 322 ms）
（INFO）（2024/12/08 23:47:06.703）（IP:）（管理者ID:）（com.zaxxer.hikari.HikariDataSource）（HikariPool-18 - Starting...）
（INFO）（2024/12/08 23:47:06.718）（IP:）（管理者ID:）（com.zaxxer.hikari.pool.HikariPool）（HikariPool-18 - Added connection com.mysql.cj.jdbc.ConnectionImpl@7299efdb）
（INFO）（2024/12/08 23:47:06.718）（IP:）（管理者ID:）（com.zaxxer.hikari.HikariDataSource）（HikariPool-18 - Start completed.）
（INFO）（2024/12/08 23:47:06.718）（IP:）（管理者ID:）（org.springframework.boot.autoconfigure.h2.H2ConsoleAutoConfiguration）（H2 console available at '/h2-console'. Database available at 'jdbc:mysql://localhost:3306/stock_mng'）
（INFO）（2024/12/08 23:47:06.750）（IP:）（管理者ID:）（org.springframework.orm.jpa.persistenceunit.SpringPersistenceUnitInfo）（No LoadTimeWeaver setup: ignoring JPA class transformer）
（INFO）（2024/12/08 23:47:06.865）（IP:）（管理者ID:）（org.springframework.orm.jpa.LocalContainerEntityManagerFactoryBean）（Initialized JPA EntityManagerFactory for persistence unit 'default'）
（WARN）（2024/12/08 23:47:06.937）（IP:）（管理者ID:）（org.springframework.boot.autoconfigure.orm.jpa.JpaBaseConfiguration$JpaWebConfiguration）（spring.jpa.open-in-view is enabled by default. Therefore, database queries may be performed during view rendering. Explicitly configure spring.jpa.open-in-view to disable this warning）
（INFO）（2024/12/08 23:47:06.996）（IP:）（管理者ID:）（org.springframework.security.web.DefaultSecurityFilterChain）（Will secure any request with [org.springframework.security.web.session.DisableEncodeUrlFilter@5f487a38, org.springframework.security.web.context.request.async.WebAsyncManagerIntegrationFilter@7fc360bf, org.springframework.security.web.context.SecurityContextHolderFilter@620dd465, org.springframework.security.web.header.HeaderWriterFilter@425b2670, org.springframework.security.web.csrf.CsrfFilter@4cc5b87f, org.springframework.security.web.authentication.logout.LogoutFilter@3080167a, org.springframework.security.web.authentication.UsernamePasswordAuthenticationFilter@5269b836, org.springframework.security.web.savedrequest.RequestCacheAwareFilter@36a8e1b, org.springframework.security.web.servletapi.SecurityContextHolderAwareRequestFilter@27d1895b, org.springframework.security.web.authentication.AnonymousAuthenticationFilter@4f9762f9, org.springframework.security.web.access.ExceptionTranslationFilter@719aa0a5, org.springframework.security.web.access.intercept.AuthorizationFilter@626a41c7]）
（INFO）（2024/12/08 23:47:07.045）（IP:）（管理者ID:）（org.springframework.boot.devtools.autoconfigure.OptionalLiveReloadServer）（LiveReload server is running on port 35729）
（INFO）（2024/12/08 23:47:07.064）（IP:）（管理者ID:）（org.springframework.boot.web.embedded.tomcat.TomcatWebServer）（Tomcat started on port 8080 (http) with context path ''）
（INFO）（2024/12/08 23:47:07.067）（IP:）（管理者ID:）（com.digitalojt.web.DroneInventorySystemApplication）（Started DroneInventorySystemApplication in 0.736 seconds (process running for 178580.349)）
（INFO）（2024/12/08 23:47:07.068）（IP:）（管理者ID:）（org.springframework.boot.devtools.autoconfigure.ConditionEvaluationDeltaLoggingListener）（Condition evaluation unchanged）
（INFO）（2024/12/08 23:50:29.688）（IP:）（管理者ID:）（org.springframework.boot.devtools.autoconfigure.LocalDevToolsAutoConfiguration$RestartingClassPathChangeChangedEventListener）（Restarting due to 1 class path change (0 additions, 0 deletions, 1 modification)）
（INFO）（2024/12/08 23:50:29.841）（IP:）（管理者ID:）（org.springframework.orm.jpa.LocalContainerEntityManagerFactoryBean）（Closing JPA EntityManagerFactory for persistence unit 'default'）
（INFO）（2024/12/08 23:50:29.841）（IP:）（管理者ID:）（com.zaxxer.hikari.HikariDataSource）（HikariPool-18 - Shutdown initiated...）
（INFO）（2024/12/08 23:50:29.848）（IP:）（管理者ID:）（com.zaxxer.hikari.HikariDataSource）（HikariPool-18 - Shutdown completed.）
（INFO）（2024/12/08 23:50:29.937）（IP:）（管理者ID:）（com.digitalojt.web.DroneInventorySystemApplication）（Starting DroneInventorySystemApplication using Java 17.0.12 with PID 26792 (C:\Documents\digital-ojt-development-cause-DroneInventorySystem\DroneInventorySystem\target\classes started by z2240246 in C:\Documents\digital-ojt-development-cause-DroneInventorySystem\DroneInventorySystem)）
（INFO）（2024/12/08 23:50:29.938）（IP:）（管理者ID:）（com.digitalojt.web.DroneInventorySystemApplication）（No active profile set, falling back to 1 default profile: "default"）
（INFO）（2024/12/08 23:50:30.138）（IP:）（管理者ID:）（org.springframework.data.repository.config.RepositoryConfigurationDelegate）（Bootstrapping Spring Data JPA repositories in DEFAULT mode.）
（INFO）（2024/12/08 23:50:30.160）（IP:）（管理者ID:）（org.springframework.data.repository.config.RepositoryConfigurationDelegate）（Finished Spring Data repository scanning in 21 ms. Found 4 JPA repository interfaces.）
（INFO）（2024/12/08 23:50:30.264）（IP:）（管理者ID:）（org.springframework.boot.web.embedded.tomcat.TomcatWebServer）（Tomcat initialized with port 8080 (http)）
（INFO）（2024/12/08 23:50:30.265）（IP:）（管理者ID:）（org.apache.catalina.core.StandardService）（Starting service [Tomcat]）
（INFO）（2024/12/08 23:50:30.265）（IP:）（管理者ID:）（org.apache.catalina.core.StandardEngine）（Starting Servlet engine: [Apache Tomcat/10.1.28]）
（INFO）（2024/12/08 23:50:30.287）（IP:）（管理者ID:）（org.apache.catalina.core.ContainerBase.[Tomcat].[localhost].[/]）（Initializing Spring embedded WebApplicationContext）
（INFO）（2024/12/08 23:50:30.288）（IP:）（管理者ID:）（org.springframework.boot.web.servlet.context.ServletWebServerApplicationContext）（Root WebApplicationContext: initialization completed in 348 ms）
（INFO）（2024/12/08 23:50:30.298）（IP:）（管理者ID:）（com.zaxxer.hikari.HikariDataSource）（HikariPool-19 - Starting...）
（INFO）（2024/12/08 23:50:30.309）（IP:）（管理者ID:）（com.zaxxer.hikari.pool.HikariPool）（HikariPool-19 - Added connection com.mysql.cj.jdbc.ConnectionImpl@2e24ae8c）
（INFO）（2024/12/08 23:50:30.309）（IP:）（管理者ID:）（com.zaxxer.hikari.HikariDataSource）（HikariPool-19 - Start completed.）
（INFO）（2024/12/08 23:50:30.310）（IP:）（管理者ID:）（org.springframework.boot.autoconfigure.h2.H2ConsoleAutoConfiguration）（H2 console available at '/h2-console'. Database available at 'jdbc:mysql://localhost:3306/stock_mng'）
（INFO）（2024/12/08 23:50:30.339）（IP:）（管理者ID:）（org.springframework.orm.jpa.persistenceunit.SpringPersistenceUnitInfo）（No LoadTimeWeaver setup: ignoring JPA class transformer）
（INFO）（2024/12/08 23:50:30.429）（IP:）（管理者ID:）（org.springframework.orm.jpa.LocalContainerEntityManagerFactoryBean）（Initialized JPA EntityManagerFactory for persistence unit 'default'）
（WARN）（2024/12/08 23:50:30.526）（IP:）（管理者ID:）（org.springframework.boot.autoconfigure.orm.jpa.JpaBaseConfiguration$JpaWebConfiguration）（spring.jpa.open-in-view is enabled by default. Therefore, database queries may be performed during view rendering. Explicitly configure spring.jpa.open-in-view to disable this warning）
（INFO）（2024/12/08 23:50:30.568）（IP:）（管理者ID:）（org.springframework.security.web.DefaultSecurityFilterChain）（Will secure any request with [org.springframework.security.web.session.DisableEncodeUrlFilter@1ba24be1, org.springframework.security.web.context.request.async.WebAsyncManagerIntegrationFilter@160d0eaf, org.springframework.security.web.context.SecurityContextHolderFilter@120d8df5, org.springframework.security.web.header.HeaderWriterFilter@7324a613, org.springframework.security.web.csrf.CsrfFilter@700a8dd5, org.springframework.security.web.authentication.logout.LogoutFilter@6235c268, org.springframework.security.web.authentication.UsernamePasswordAuthenticationFilter@31a6cc6e, org.springframework.security.web.savedrequest.RequestCacheAwareFilter@364dce44, org.springframework.security.web.servletapi.SecurityContextHolderAwareRequestFilter@4a6ba55d, org.springframework.security.web.authentication.AnonymousAuthenticationFilter@866764c, org.springframework.security.web.access.ExceptionTranslationFilter@54250fe7, org.springframework.security.web.access.intercept.AuthorizationFilter@7d4c672d]）
（INFO）（2024/12/08 23:50:30.625）（IP:）（管理者ID:）（org.springframework.boot.devtools.autoconfigure.OptionalLiveReloadServer）（LiveReload server is running on port 35729）
（INFO）（2024/12/08 23:50:30.628）（IP:）（管理者ID:）（org.springframework.boot.web.embedded.tomcat.TomcatWebServer）（Tomcat started on port 8080 (http) with context path ''）
（INFO）（2024/12/08 23:50:30.643）（IP:）（管理者ID:）（com.digitalojt.web.DroneInventorySystemApplication）（Started DroneInventorySystemApplication in 0.734 seconds (process running for 178783.924)）
（INFO）（2024/12/08 23:50:30.644）（IP:）（管理者ID:）（org.springframework.boot.devtools.autoconfigure.ConditionEvaluationDeltaLoggingListener）（Condition evaluation unchanged）
（INFO）（2024/12/08 23:54:25.774）（IP:）（管理者ID:）（org.springframework.boot.devtools.autoconfigure.LocalDevToolsAutoConfiguration$RestartingClassPathChangeChangedEventListener）（Restarting due to 1 class path change (0 additions, 0 deletions, 1 modification)）
（INFO）（2024/12/08 23:54:25.920）（IP:）（管理者ID:）（org.springframework.orm.jpa.LocalContainerEntityManagerFactoryBean）（Closing JPA EntityManagerFactory for persistence unit 'default'）
（INFO）（2024/12/08 23:54:25.920）（IP:）（管理者ID:）（com.zaxxer.hikari.HikariDataSource）（HikariPool-19 - Shutdown initiated...）
（INFO）（2024/12/08 23:54:25.926）（IP:）（管理者ID:）（com.zaxxer.hikari.HikariDataSource）（HikariPool-19 - Shutdown completed.）
（INFO）（2024/12/08 23:54:26.023）（IP:）（管理者ID:）（com.digitalojt.web.DroneInventorySystemApplication）（Starting DroneInventorySystemApplication using Java 17.0.12 with PID 26792 (C:\Documents\digital-ojt-development-cause-DroneInventorySystem\DroneInventorySystem\target\classes started by z2240246 in C:\Documents\digital-ojt-development-cause-DroneInventorySystem\DroneInventorySystem)）
（INFO）（2024/12/08 23:54:26.023）（IP:）（管理者ID:）（com.digitalojt.web.DroneInventorySystemApplication）（No active profile set, falling back to 1 default profile: "default"）
（INFO）（2024/12/08 23:54:26.226）（IP:）（管理者ID:）（org.springframework.data.repository.config.RepositoryConfigurationDelegate）（Bootstrapping Spring Data JPA repositories in DEFAULT mode.）
（INFO）（2024/12/08 23:54:26.247）（IP:）（管理者ID:）（org.springframework.data.repository.config.RepositoryConfigurationDelegate）（Finished Spring Data repository scanning in 20 ms. Found 4 JPA repository interfaces.）
（INFO）（2024/12/08 23:54:26.327）（IP:）（管理者ID:）（org.springframework.boot.web.embedded.tomcat.TomcatWebServer）（Tomcat initialized with port 8080 (http)）
（INFO）（2024/12/08 23:54:26.328）（IP:）（管理者ID:）（org.apache.catalina.core.StandardService）（Starting service [Tomcat]）
（INFO）（2024/12/08 23:54:26.328）（IP:）（管理者ID:）（org.apache.catalina.core.StandardEngine）（Starting Servlet engine: [Apache Tomcat/10.1.28]）
（INFO）（2024/12/08 23:54:26.356）（IP:）（管理者ID:）（org.apache.catalina.core.ContainerBase.[Tomcat].[localhost].[/]）（Initializing Spring embedded WebApplicationContext）
（INFO）（2024/12/08 23:54:26.356）（IP:）（管理者ID:）（org.springframework.boot.web.servlet.context.ServletWebServerApplicationContext）（Root WebApplicationContext: initialization completed in 331 ms）
（INFO）（2024/12/08 23:54:26.363）（IP:）（管理者ID:）（com.zaxxer.hikari.HikariDataSource）（HikariPool-20 - Starting...）
（INFO）（2024/12/08 23:54:26.376）（IP:）（管理者ID:）（com.zaxxer.hikari.pool.HikariPool）（HikariPool-20 - Added connection com.mysql.cj.jdbc.ConnectionImpl@79553f1）
（INFO）（2024/12/08 23:54:26.376）（IP:）（管理者ID:）（com.zaxxer.hikari.HikariDataSource）（HikariPool-20 - Start completed.）
（INFO）（2024/12/08 23:54:26.376）（IP:）（管理者ID:）（org.springframework.boot.autoconfigure.h2.H2ConsoleAutoConfiguration）（H2 console available at '/h2-console'. Database available at 'jdbc:mysql://localhost:3306/stock_mng'）
（INFO）（2024/12/08 23:54:26.409）（IP:）（管理者ID:）（org.springframework.orm.jpa.persistenceunit.SpringPersistenceUnitInfo）（No LoadTimeWeaver setup: ignoring JPA class transformer）
（INFO）（2024/12/08 23:54:26.517）（IP:）（管理者ID:）（org.springframework.orm.jpa.LocalContainerEntityManagerFactoryBean）（Initialized JPA EntityManagerFactory for persistence unit 'default'）
（WARN）（2024/12/08 23:54:26.626）（IP:）（管理者ID:）（org.springframework.boot.autoconfigure.orm.jpa.JpaBaseConfiguration$JpaWebConfiguration）（spring.jpa.open-in-view is enabled by default. Therefore, database queries may be performed during view rendering. Explicitly configure spring.jpa.open-in-view to disable this warning）
（INFO）（2024/12/08 23:54:26.687）（IP:）（管理者ID:）（org.springframework.security.web.DefaultSecurityFilterChain）（Will secure any request with [org.springframework.security.web.session.DisableEncodeUrlFilter@74b787f6, org.springframework.security.web.context.request.async.WebAsyncManagerIntegrationFilter@1a9830f3, org.springframework.security.web.context.SecurityContextHolderFilter@1fc9505f, org.springframework.security.web.header.HeaderWriterFilter@168ec56e, org.springframework.security.web.csrf.CsrfFilter@78680f1d, org.springframework.security.web.authentication.logout.LogoutFilter@70577514, org.springframework.security.web.authentication.UsernamePasswordAuthenticationFilter@59c49e94, org.springframework.security.web.savedrequest.RequestCacheAwareFilter@2761b45c, org.springframework.security.web.servletapi.SecurityContextHolderAwareRequestFilter@458c9a30, org.springframework.security.web.authentication.AnonymousAuthenticationFilter@dcf9dd5, org.springframework.security.web.access.ExceptionTranslationFilter@72620da5, org.springframework.security.web.access.intercept.AuthorizationFilter@1270b61b]）
（INFO）（2024/12/08 23:54:26.736）（IP:）（管理者ID:）（org.springframework.boot.devtools.autoconfigure.OptionalLiveReloadServer）（LiveReload server is running on port 35729）
（INFO）（2024/12/08 23:54:26.751）（IP:）（管理者ID:）（org.springframework.boot.web.embedded.tomcat.TomcatWebServer）（Tomcat started on port 8080 (http) with context path ''）
（INFO）（2024/12/08 23:54:26.755）（IP:）（管理者ID:）（com.digitalojt.web.DroneInventorySystemApplication）（Started DroneInventorySystemApplication in 0.762 seconds (process running for 179020.036)）
（INFO）（2024/12/08 23:54:26.756）（IP:）（管理者ID:）（org.springframework.boot.devtools.autoconfigure.ConditionEvaluationDeltaLoggingListener）（Condition evaluation unchanged）
